{"numFailedTestSuites":0,"numFailedTests":0,"numPassedTestSuites":2,"numPassedTests":55,"numPendingTestSuites":0,"numPendingTests":0,"numRuntimeErrorTestSuites":0,"numTodoTests":0,"numTotalTestSuites":2,"numTotalTests":55,"openHandles":[],"snapshot":{"added":0,"didUpdate":false,"failure":false,"filesAdded":0,"filesRemoved":0,"filesRemovedList":[],"filesUnmatched":0,"filesUpdated":0,"matched":0,"total":0,"unchecked":0,"uncheckedKeysByFile":[],"unmatched":0,"updated":0},"startTime":1761841052935,"success":true,"testResults":[{"assertionResults":[{"ancestorTitles":["PoBLuaApiClient - Simple Tests","Initialization"],"duration":2,"failureDetails":[],"failureMessages":[],"fullName":"PoBLuaApiClient - Simple Tests Initialization should create a client with default options","invocations":1,"location":null,"numPassingAsserts":1,"retryReasons":[],"status":"passed","title":"should create a client with default options"},{"ancestorTitles":["PoBLuaApiClient - Simple Tests","Initialization"],"duration":0,"failureDetails":[],"failureMessages":[],"fullName":"PoBLuaApiClient - Simple Tests Initialization should create a client with custom options","invocations":1,"location":null,"numPassingAsserts":1,"retryReasons":[],"status":"passed","title":"should create a client with custom options"},{"ancestorTitles":["PoBLuaApiClient - Simple Tests","Initialization"],"duration":0,"failureDetails":[],"failureMessages":[],"fullName":"PoBLuaApiClient - Simple Tests Initialization should handle stop when not started","invocations":1,"location":null,"numPassingAsserts":1,"retryReasons":[],"status":"passed","title":"should handle stop when not started"},{"ancestorTitles":["PoBLuaApiClient - Simple Tests","Error handling before initialization"],"duration":6,"failureDetails":[],"failureMessages":[],"fullName":"PoBLuaApiClient - Simple Tests Error handling before initialization should throw when calling ping before start","invocations":1,"location":null,"numPassingAsserts":1,"retryReasons":[],"status":"passed","title":"should throw when calling ping before start"},{"ancestorTitles":["PoBLuaApiClient - Simple Tests","Error handling before initialization"],"duration":1,"failureDetails":[],"failureMessages":[],"fullName":"PoBLuaApiClient - Simple Tests Error handling before initialization should throw when calling getStats before start","invocations":1,"location":null,"numPassingAsserts":1,"retryReasons":[],"status":"passed","title":"should throw when calling getStats before start"},{"ancestorTitles":["PoBLuaApiClient - Simple Tests","Error handling before initialization"],"duration":0,"failureDetails":[],"failureMessages":[],"fullName":"PoBLuaApiClient - Simple Tests Error handling before initialization should throw when calling loadBuildXml before start","invocations":1,"location":null,"numPassingAsserts":1,"retryReasons":[],"status":"passed","title":"should throw when calling loadBuildXml before start"},{"ancestorTitles":["PoBLuaApiClient - Simple Tests","API surface"],"duration":0,"failureDetails":[],"failureMessages":[],"fullName":"PoBLuaApiClient - Simple Tests API surface should have start method","invocations":1,"location":null,"numPassingAsserts":1,"retryReasons":[],"status":"passed","title":"should have start method"},{"ancestorTitles":["PoBLuaApiClient - Simple Tests","API surface"],"duration":0,"failureDetails":[],"failureMessages":[],"fullName":"PoBLuaApiClient - Simple Tests API surface should have stop method","invocations":1,"location":null,"numPassingAsserts":1,"retryReasons":[],"status":"passed","title":"should have stop method"},{"ancestorTitles":["PoBLuaApiClient - Simple Tests","API surface"],"duration":0,"failureDetails":[],"failureMessages":[],"fullName":"PoBLuaApiClient - Simple Tests API surface should have ping method","invocations":1,"location":null,"numPassingAsserts":1,"retryReasons":[],"status":"passed","title":"should have ping method"},{"ancestorTitles":["PoBLuaApiClient - Simple Tests","API surface"],"duration":0,"failureDetails":[],"failureMessages":[],"fullName":"PoBLuaApiClient - Simple Tests API surface should have loadBuildXml method","invocations":1,"location":null,"numPassingAsserts":1,"retryReasons":[],"status":"passed","title":"should have loadBuildXml method"},{"ancestorTitles":["PoBLuaApiClient - Simple Tests","API surface"],"duration":0,"failureDetails":[],"failureMessages":[],"fullName":"PoBLuaApiClient - Simple Tests API surface should have getStats method","invocations":1,"location":null,"numPassingAsserts":1,"retryReasons":[],"status":"passed","title":"should have getStats method"},{"ancestorTitles":["PoBLuaApiClient - Simple Tests","API surface"],"duration":0,"failureDetails":[],"failureMessages":[],"fullName":"PoBLuaApiClient - Simple Tests API surface should have getTree method","invocations":1,"location":null,"numPassingAsserts":1,"retryReasons":[],"status":"passed","title":"should have getTree method"},{"ancestorTitles":["PoBLuaApiClient - Simple Tests","API surface"],"duration":0,"failureDetails":[],"failureMessages":[],"fullName":"PoBLuaApiClient - Simple Tests API surface should have setTree method","invocations":1,"location":null,"numPassingAsserts":1,"retryReasons":[],"status":"passed","title":"should have setTree method"},{"ancestorTitles":["PoBLuaApiClient - Simple Tests","API surface"],"duration":0,"failureDetails":[],"failureMessages":[],"fullName":"PoBLuaApiClient - Simple Tests API surface should have getItems method","invocations":1,"location":null,"numPassingAsserts":1,"retryReasons":[],"status":"passed","title":"should have getItems method"},{"ancestorTitles":["PoBLuaApiClient - Simple Tests","API surface"],"duration":0,"failureDetails":[],"failureMessages":[],"fullName":"PoBLuaApiClient - Simple Tests API surface should have addItem method","invocations":1,"location":null,"numPassingAsserts":1,"retryReasons":[],"status":"passed","title":"should have addItem method"},{"ancestorTitles":["PoBLuaApiClient - Simple Tests","API surface"],"duration":0,"failureDetails":[],"failureMessages":[],"fullName":"PoBLuaApiClient - Simple Tests API surface should have setFlaskActive method","invocations":1,"location":null,"numPassingAsserts":1,"retryReasons":[],"status":"passed","title":"should have setFlaskActive method"},{"ancestorTitles":["PoBLuaApiClient - Simple Tests","API surface"],"duration":0,"failureDetails":[],"failureMessages":[],"fullName":"PoBLuaApiClient - Simple Tests API surface should have getSkills method","invocations":1,"location":null,"numPassingAsserts":1,"retryReasons":[],"status":"passed","title":"should have getSkills method"},{"ancestorTitles":["PoBLuaApiClient - Simple Tests","API surface"],"duration":0,"failureDetails":[],"failureMessages":[],"fullName":"PoBLuaApiClient - Simple Tests API surface should have setMainSelection method","invocations":1,"location":null,"numPassingAsserts":1,"retryReasons":[],"status":"passed","title":"should have setMainSelection method"},{"ancestorTitles":["PoBLuaTcpClient - API surface"],"duration":0,"failureDetails":[],"failureMessages":[],"fullName":"PoBLuaTcpClient - API surface should be able to import PoBLuaTcpClient","invocations":1,"location":null,"numPassingAsserts":1,"retryReasons":[],"status":"passed","title":"should be able to import PoBLuaTcpClient"}],"endTime":1761841053657,"message":"","name":"/Users/ianderse/Projects/pob-mcp-server/tests/unit/pobLuaBridge.simple.test.ts","startTime":1761841053127,"status":"passed","summary":""},{"assertionResults":[{"ancestorTitles":["PoBLuaApiClient","Initialization"],"duration":27,"failureDetails":[],"failureMessages":[],"fullName":"PoBLuaApiClient Initialization should spawn luajit process with correct arguments","invocations":1,"location":null,"numPassingAsserts":1,"retryReasons":[],"status":"passed","title":"should spawn luajit process with correct arguments"},{"ancestorTitles":["PoBLuaApiClient","Initialization"],"duration":22,"failureDetails":[],"failureMessages":[],"fullName":"PoBLuaApiClient Initialization should wait for ready banner before resolving","invocations":1,"location":null,"numPassingAsserts":2,"retryReasons":[],"status":"passed","title":"should wait for ready banner before resolving"},{"ancestorTitles":["PoBLuaApiClient","Initialization"],"duration":8,"failureDetails":[],"failureMessages":[],"fullName":"PoBLuaApiClient Initialization should timeout if ready banner not received","invocations":1,"location":null,"numPassingAsserts":1,"retryReasons":[],"status":"passed","title":"should timeout if ready banner not received"},{"ancestorTitles":["PoBLuaApiClient","Initialization"],"duration":11,"failureDetails":[],"failureMessages":[],"fullName":"PoBLuaApiClient Initialization should handle multiple non-JSON lines before ready banner","invocations":1,"location":null,"numPassingAsserts":1,"retryReasons":[],"status":"passed","title":"should handle multiple non-JSON lines before ready banner"},{"ancestorTitles":["PoBLuaApiClient","Initialization"],"duration":22,"failureDetails":[],"failureMessages":[],"fullName":"PoBLuaApiClient Initialization should only initialize once","invocations":1,"location":null,"numPassingAsserts":1,"retryReasons":[],"status":"passed","title":"should only initialize once"},{"ancestorTitles":["PoBLuaApiClient","ping"],"duration":33,"failureDetails":[],"failureMessages":[],"fullName":"PoBLuaApiClient ping should return true on successful ping","invocations":1,"location":null,"numPassingAsserts":1,"retryReasons":[],"status":"passed","title":"should return true on successful ping"},{"ancestorTitles":["PoBLuaApiClient","ping"],"duration":32,"failureDetails":[],"failureMessages":[],"fullName":"PoBLuaApiClient ping should send correct JSON to stdin","invocations":1,"location":null,"numPassingAsserts":1,"retryReasons":[],"status":"passed","title":"should send correct JSON to stdin"},{"ancestorTitles":["PoBLuaApiClient","loadBuildXml"],"duration":34,"failureDetails":[],"failureMessages":[],"fullName":"PoBLuaApiClient loadBuildXml should send load_build_xml action with XML","invocations":1,"location":null,"numPassingAsserts":1,"retryReasons":[],"status":"passed","title":"should send load_build_xml action with XML"},{"ancestorTitles":["PoBLuaApiClient","loadBuildXml"],"duration":34,"failureDetails":[],"failureMessages":[],"fullName":"PoBLuaApiClient loadBuildXml should accept custom build name","invocations":1,"location":null,"numPassingAsserts":1,"retryReasons":[],"status":"passed","title":"should accept custom build name"},{"ancestorTitles":["PoBLuaApiClient","loadBuildXml"],"duration":34,"failureDetails":[],"failureMessages":[],"fullName":"PoBLuaApiClient loadBuildXml should throw on error response","invocations":1,"location":null,"numPassingAsserts":1,"retryReasons":[],"status":"passed","title":"should throw on error response"},{"ancestorTitles":["PoBLuaApiClient","getStats"],"duration":33,"failureDetails":[],"failureMessages":[],"fullName":"PoBLuaApiClient getStats should return stats object","invocations":1,"location":null,"numPassingAsserts":3,"retryReasons":[],"status":"passed","title":"should return stats object"},{"ancestorTitles":["PoBLuaApiClient","getStats"],"duration":32,"failureDetails":[],"failureMessages":[],"fullName":"PoBLuaApiClient getStats should request all stats when no fields specified","invocations":1,"location":null,"numPassingAsserts":1,"retryReasons":[],"status":"passed","title":"should request all stats when no fields specified"},{"ancestorTitles":["PoBLuaApiClient","getStats"],"duration":34,"failureDetails":[],"failureMessages":[],"fullName":"PoBLuaApiClient getStats should request specific fields when provided","invocations":1,"location":null,"numPassingAsserts":1,"retryReasons":[],"status":"passed","title":"should request specific fields when provided"},{"ancestorTitles":["PoBLuaApiClient","getStats"],"duration":33,"failureDetails":[],"failureMessages":[],"fullName":"PoBLuaApiClient getStats should throw when build not loaded","invocations":1,"location":null,"numPassingAsserts":1,"retryReasons":[],"status":"passed","title":"should throw when build not loaded"},{"ancestorTitles":["PoBLuaApiClient","getTree"],"duration":33,"failureDetails":[],"failureMessages":[],"fullName":"PoBLuaApiClient getTree should return tree data","invocations":1,"location":null,"numPassingAsserts":4,"retryReasons":[],"status":"passed","title":"should return tree data"},{"ancestorTitles":["PoBLuaApiClient","getTree"],"duration":34,"failureDetails":[],"failureMessages":[],"fullName":"PoBLuaApiClient getTree should include all tree metadata","invocations":1,"location":null,"numPassingAsserts":5,"retryReasons":[],"status":"passed","title":"should include all tree metadata"},{"ancestorTitles":["PoBLuaApiClient","setTree"],"duration":32,"failureDetails":[],"failureMessages":[],"fullName":"PoBLuaApiClient setTree should send tree parameters","invocations":1,"location":null,"numPassingAsserts":1,"retryReasons":[],"status":"passed","title":"should send tree parameters"},{"ancestorTitles":["PoBLuaApiClient","setTree"],"duration":35,"failureDetails":[],"failureMessages":[],"fullName":"PoBLuaApiClient setTree should include optional parameters when provided","invocations":1,"location":null,"numPassingAsserts":3,"retryReasons":[],"status":"passed","title":"should include optional parameters when provided"},{"ancestorTitles":["PoBLuaApiClient","Phase 4: Item Methods","getItems"],"duration":36,"failureDetails":[],"failureMessages":[],"fullName":"PoBLuaApiClient Phase 4: Item Methods getItems should return items array","invocations":1,"location":null,"numPassingAsserts":2,"retryReasons":[],"status":"passed","title":"should return items array"},{"ancestorTitles":["PoBLuaApiClient","Phase 4: Item Methods","getItems"],"duration":33,"failureDetails":[],"failureMessages":[],"fullName":"PoBLuaApiClient Phase 4: Item Methods getItems should include item details","invocations":1,"location":null,"numPassingAsserts":3,"retryReasons":[],"status":"passed","title":"should include item details"},{"ancestorTitles":["PoBLuaApiClient","Phase 4: Item Methods","addItem"],"duration":36,"failureDetails":[],"failureMessages":[],"fullName":"PoBLuaApiClient Phase 4: Item Methods addItem should send item text and return result","invocations":1,"location":null,"numPassingAsserts":4,"retryReasons":[],"status":"passed","title":"should send item text and return result"},{"ancestorTitles":["PoBLuaApiClient","Phase 4: Item Methods","addItem"],"duration":33,"failureDetails":[],"failureMessages":[],"fullName":"PoBLuaApiClient Phase 4: Item Methods addItem should accept optional slot name","invocations":1,"location":null,"numPassingAsserts":1,"retryReasons":[],"status":"passed","title":"should accept optional slot name"},{"ancestorTitles":["PoBLuaApiClient","Phase 4: Item Methods","addItem"],"duration":33,"failureDetails":[],"failureMessages":[],"fullName":"PoBLuaApiClient Phase 4: Item Methods addItem should accept noAutoEquip flag","invocations":1,"location":null,"numPassingAsserts":1,"retryReasons":[],"status":"passed","title":"should accept noAutoEquip flag"},{"ancestorTitles":["PoBLuaApiClient","Phase 4: Item Methods","setFlaskActive"],"duration":33,"failureDetails":[],"failureMessages":[],"fullName":"PoBLuaApiClient Phase 4: Item Methods setFlaskActive should toggle flask activation","invocations":1,"location":null,"numPassingAsserts":1,"retryReasons":[],"status":"passed","title":"should toggle flask activation"},{"ancestorTitles":["PoBLuaApiClient","Phase 4: Item Methods","setFlaskActive"],"duration":34,"failureDetails":[],"failureMessages":[],"fullName":"PoBLuaApiClient Phase 4: Item Methods setFlaskActive should handle deactivation","invocations":1,"location":null,"numPassingAsserts":1,"retryReasons":[],"status":"passed","title":"should handle deactivation"},{"ancestorTitles":["PoBLuaApiClient","Phase 4: Skill Methods","getSkills"],"duration":33,"failureDetails":[],"failureMessages":[],"fullName":"PoBLuaApiClient Phase 4: Skill Methods getSkills should return skill data","invocations":1,"location":null,"numPassingAsserts":3,"retryReasons":[],"status":"passed","title":"should return skill data"},{"ancestorTitles":["PoBLuaApiClient","Phase 4: Skill Methods","getSkills"],"duration":33,"failureDetails":[],"failureMessages":[],"fullName":"PoBLuaApiClient Phase 4: Skill Methods getSkills should include skill group details","invocations":1,"location":null,"numPassingAsserts":4,"retryReasons":[],"status":"passed","title":"should include skill group details"},{"ancestorTitles":["PoBLuaApiClient","Phase 4: Skill Methods","setMainSelection"],"duration":33,"failureDetails":[],"failureMessages":[],"fullName":"PoBLuaApiClient Phase 4: Skill Methods setMainSelection should set main socket group","invocations":1,"location":null,"numPassingAsserts":1,"retryReasons":[],"status":"passed","title":"should set main socket group"},{"ancestorTitles":["PoBLuaApiClient","Phase 4: Skill Methods","setMainSelection"],"duration":34,"failureDetails":[],"failureMessages":[],"fullName":"PoBLuaApiClient Phase 4: Skill Methods setMainSelection should accept all optional parameters","invocations":1,"location":null,"numPassingAsserts":1,"retryReasons":[],"status":"passed","title":"should accept all optional parameters"},{"ancestorTitles":["PoBLuaApiClient","Error Handling"],"duration":11,"failureDetails":[],"failureMessages":[],"fullName":"PoBLuaApiClient Error Handling should handle process crash","invocations":1,"location":null,"numPassingAsserts":1,"retryReasons":[],"status":"passed","title":"should handle process crash"},{"ancestorTitles":["PoBLuaApiClient","Error Handling"],"duration":23,"failureDetails":[],"failureMessages":[],"fullName":"PoBLuaApiClient Error Handling should handle invalid JSON response","invocations":1,"location":null,"numPassingAsserts":1,"retryReasons":[],"status":"passed","title":"should handle invalid JSON response"},{"ancestorTitles":["PoBLuaApiClient","Error Handling"],"duration":2033,"failureDetails":[],"failureMessages":[],"fullName":"PoBLuaApiClient Error Handling should handle timeout","invocations":1,"location":null,"numPassingAsserts":1,"retryReasons":[],"status":"passed","title":"should handle timeout"},{"ancestorTitles":["PoBLuaApiClient","Error Handling"],"duration":1,"failureDetails":[],"failureMessages":[],"fullName":"PoBLuaApiClient Error Handling should throw when calling methods before start","invocations":1,"location":null,"numPassingAsserts":1,"retryReasons":[],"status":"passed","title":"should throw when calling methods before start"},{"ancestorTitles":["PoBLuaApiClient","Lifecycle"],"duration":22,"failureDetails":[],"failureMessages":[],"fullName":"PoBLuaApiClient Lifecycle should clean up on stop","invocations":1,"location":null,"numPassingAsserts":1,"retryReasons":[],"status":"passed","title":"should clean up on stop"},{"ancestorTitles":["PoBLuaApiClient","Lifecycle"],"duration":1,"failureDetails":[],"failureMessages":[],"fullName":"PoBLuaApiClient Lifecycle should handle stop when not started","invocations":1,"location":null,"numPassingAsserts":1,"retryReasons":[],"status":"passed","title":"should handle stop when not started"},{"ancestorTitles":["PoBLuaApiClient","Lifecycle"],"duration":22,"failureDetails":[],"failureMessages":[],"fullName":"PoBLuaApiClient Lifecycle should handle multiple stop calls","invocations":1,"location":null,"numPassingAsserts":0,"retryReasons":[],"status":"passed","title":"should handle multiple stop calls"}],"endTime":1761841056665,"message":"","name":"/Users/ianderse/Projects/pob-mcp-server/tests/unit/pobLuaBridge.test.ts","startTime":1761841053127,"status":"passed","summary":""}],"wasInterrupted":false}
