{"/Users/ianderse/Projects/pob-mcp-server/src/pobLuaBridge.ts": {"path":"/Users/ianderse/Projects/pob-mcp-server/src/pobLuaBridge.ts","statementMap":{"0":{"start":{"line":1,"column":0},"end":{"line":1,"column":70}},"1":{"start":{"line":2,"column":0},"end":{"line":2,"column":22}},"2":{"start":{"line":3,"column":0},"end":{"line":3,"column":24}},"3":{"start":{"line":4,"column":0},"end":{"line":4,"column":20}},"4":{"start":{"line":17,"column":56},"end":{"line":17,"column":60}},"5":{"start":{"line":19,"column":19},"end":{"line":19,"column":21}},"6":{"start":{"line":20,"column":18},"end":{"line":20,"column":23}},"7":{"start":{"line":21,"column":87},"end":{"line":21,"column":91}},"8":{"start":{"line":22,"column":19},"end":{"line":22,"column":24}},"9":{"start":{"line":25,"column":20},"end":{"line":25,"column":93}},"10":{"start":{"line":26,"column":4},"end":{"line":32,"column":6}},"11":{"start":{"line":36,"column":4},"end":{"line":36,"column":26}},"12":{"start":{"line":36,"column":19},"end":{"line":36,"column":26}},"13":{"start":{"line":39,"column":24},"end":{"line":39,"column":75}},"14":{"start":{"line":42,"column":20},"end":{"line":44,"column":19}},"15":{"start":{"line":45,"column":23},"end":{"line":45,"column":52}},"16":{"start":{"line":46,"column":27},"end":{"line":46,"column":55}},"17":{"start":{"line":47,"column":25},"end":{"line":47,"column":82}},"18":{"start":{"line":50,"column":22},"end":{"line":50,"column":50}},"19":{"start":{"line":51,"column":19},"end":{"line":51,"column":43}},"20":{"start":{"line":54,"column":20},"end":{"line":54,"column":41}},"21":{"start":{"line":56,"column":16},"end":{"line":62,"column":27}},"22":{"start":{"line":64,"column":4},"end":{"line":72,"column":5}},"23":{"start":{"line":65,"column":6},"end":{"line":69,"column":9}},"24":{"start":{"line":71,"column":6},"end":{"line":71,"column":74}},"25":{"start":{"line":74,"column":4},"end":{"line":74,"column":41}},"26":{"start":{"line":75,"column":4},"end":{"line":75,"column":41}},"27":{"start":{"line":78,"column":4},"end":{"line":80,"column":5}},"28":{"start":{"line":79,"column":6},"end":{"line":79,"column":59}},"29":{"start":{"line":83,"column":35},"end":{"line":83,"column":39}},"30":{"start":{"line":84,"column":4},"end":{"line":91,"column":7}},"31":{"start":{"line":85,"column":6},"end":{"line":85,"column":23}},"32":{"start":{"line":86,"column":6},"end":{"line":86,"column":25}},"33":{"start":{"line":87,"column":6},"end":{"line":90,"column":7}},"34":{"start":{"line":88,"column":8},"end":{"line":88,"column":33}},"35":{"start":{"line":89,"column":8},"end":{"line":89,"column":28}},"36":{"start":{"line":93,"column":4},"end":{"line":93,"column":73}},"37":{"start":{"line":93,"column":51},"end":{"line":93,"column":71}},"38":{"start":{"line":94,"column":4},"end":{"line":97,"column":7}},"39":{"start":{"line":96,"column":6},"end":{"line":96,"column":54}},"40":{"start":{"line":99,"column":4},"end":{"line":105,"column":7}},"41":{"start":{"line":100,"column":6},"end":{"line":100,"column":25}},"42":{"start":{"line":101,"column":6},"end":{"line":104,"column":7}},"43":{"start":{"line":102,"column":8},"end":{"line":102,"column":88}},"44":{"start":{"line":103,"column":8},"end":{"line":103,"column":28}},"45":{"start":{"line":108,"column":24},"end":{"line":108,"column":26}},"46":{"start":{"line":109,"column":19},"end":{"line":109,"column":20}},"47":{"start":{"line":110,"column":24},"end":{"line":110,"column":26}},"48":{"start":{"line":112,"column":4},"end":{"line":156,"column":5}},"49":{"start":{"line":114,"column":6},"end":{"line":130,"column":7}},"50":{"start":{"line":115,"column":20},"end":{"line":115,"column":36}},"51":{"start":{"line":116,"column":27},"end":{"line":116,"column":37}},"52":{"start":{"line":117,"column":23},"end":{"line":117,"column":49}},"53":{"start":{"line":118,"column":8},"end":{"line":128,"column":9}},"54":{"start":{"line":119,"column":10},"end":{"line":127,"column":12}},"55":{"start":{"line":129,"column":8},"end":{"line":129,"column":69}},"56":{"start":{"line":133,"column":6},"end":{"line":135,"column":7}},"57":{"start":{"line":134,"column":8},"end":{"line":134,"column":72}},"58":{"start":{"line":137,"column":6},"end":{"line":137,"column":69}},"59":{"start":{"line":138,"column":6},"end":{"line":138,"column":17}},"60":{"start":{"line":141,"column":6},"end":{"line":143,"column":7}},"61":{"start":{"line":142,"column":8},"end":{"line":142,"column":17}},"62":{"start":{"line":146,"column":6},"end":{"line":155,"column":7}},"63":{"start":{"line":147,"column":20},"end":{"line":147,"column":37}},"64":{"start":{"line":148,"column":8},"end":{"line":151,"column":9}},"65":{"start":{"line":149,"column":10},"end":{"line":149,"column":28}},"66":{"start":{"line":150,"column":10},"end":{"line":150,"column":17}},"67":{"start":{"line":154,"column":8},"end":{"line":154,"column":17}},"68":{"start":{"line":158,"column":4},"end":{"line":158,"column":84}},"69":{"start":{"line":162,"column":4},"end":{"line":162,"column":52}},"70":{"start":{"line":163,"column":4},"end":{"line":163,"column":25}},"71":{"start":{"line":167,"column":21},"end":{"line":167,"column":72}},"72":{"start":{"line":168,"column":4},"end":{"line":177,"column":5}},"73":{"start":{"line":169,"column":18},"end":{"line":169,"column":43}},"74":{"start":{"line":170,"column":6},"end":{"line":174,"column":7}},"75":{"start":{"line":171,"column":21},"end":{"line":171,"column":46}},"76":{"start":{"line":172,"column":8},"end":{"line":172,"column":49}},"77":{"start":{"line":173,"column":8},"end":{"line":173,"column":20}},"78":{"start":{"line":175,"column":6},"end":{"line":175,"column":83}},"79":{"start":{"line":175,"column":33},"end":{"line":175,"column":83}},"80":{"start":{"line":176,"column":6},"end":{"line":176,"column":50}},"81":{"start":{"line":176,"column":31},"end":{"line":176,"column":48}},"82":{"start":{"line":181,"column":4},"end":{"line":181,"column":79}},"83":{"start":{"line":181,"column":40},"end":{"line":181,"column":79}},"84":{"start":{"line":182,"column":4},"end":{"line":182,"column":55}},"85":{"start":{"line":182,"column":21},"end":{"line":182,"column":55}},"86":{"start":{"line":183,"column":4},"end":{"line":183,"column":58}},"87":{"start":{"line":183,"column":21},"end":{"line":183,"column":58}},"88":{"start":{"line":184,"column":4},"end":{"line":184,"column":74}},"89":{"start":{"line":184,"column":22},"end":{"line":184,"column":74}},"90":{"start":{"line":186,"column":4},"end":{"line":186,"column":54}},"91":{"start":{"line":190,"column":19},"end":{"line":190,"column":20}},"92":{"start":{"line":191,"column":24},"end":{"line":191,"column":27}},"93":{"start":{"line":193,"column":4},"end":{"line":210,"column":5}},"94":{"start":{"line":194,"column":19},"end":{"line":194,"column":73}},"95":{"start":{"line":195,"column":6},"end":{"line":195,"column":17}},"96":{"start":{"line":198,"column":6},"end":{"line":200,"column":7}},"97":{"start":{"line":199,"column":8},"end":{"line":199,"column":17}},"98":{"start":{"line":203,"column":6},"end":{"line":209,"column":7}},"99":{"start":{"line":204,"column":20},"end":{"line":204,"column":36}},"100":{"start":{"line":205,"column":8},"end":{"line":205,"column":19}},"101":{"start":{"line":208,"column":8},"end":{"line":208,"column":17}},"102":{"start":{"line":212,"column":4},"end":{"line":212,"column":88}},"103":{"start":{"line":216,"column":16},"end":{"line":216,"column":51}},"104":{"start":{"line":217,"column":4},"end":{"line":217,"column":20}},"105":{"start":{"line":221,"column":16},"end":{"line":221,"column":56}},"106":{"start":{"line":222,"column":4},"end":{"line":222,"column":66}},"107":{"start":{"line":222,"column":17},"end":{"line":222,"column":66}},"108":{"start":{"line":223,"column":4},"end":{"line":223,"column":15}},"109":{"start":{"line":227,"column":16},"end":{"line":227,"column":84}},"110":{"start":{"line":228,"column":4},"end":{"line":228,"column":71}},"111":{"start":{"line":228,"column":17},"end":{"line":228,"column":71}},"112":{"start":{"line":229,"column":4},"end":{"line":229,"column":15}},"113":{"start":{"line":233,"column":16},"end":{"line":233,"column":76}},"114":{"start":{"line":234,"column":4},"end":{"line":234,"column":66}},"115":{"start":{"line":234,"column":17},"end":{"line":234,"column":66}},"116":{"start":{"line":235,"column":4},"end":{"line":235,"column":21}},"117":{"start":{"line":239,"column":16},"end":{"line":239,"column":55}},"118":{"start":{"line":240,"column":4},"end":{"line":240,"column":65}},"119":{"start":{"line":240,"column":17},"end":{"line":240,"column":65}},"120":{"start":{"line":241,"column":4},"end":{"line":241,"column":20}},"121":{"start":{"line":247,"column":16},"end":{"line":247,"column":56}},"122":{"start":{"line":248,"column":4},"end":{"line":248,"column":66}},"123":{"start":{"line":248,"column":17},"end":{"line":248,"column":66}},"124":{"start":{"line":249,"column":4},"end":{"line":249,"column":21}},"125":{"start":{"line":253,"column":16},"end":{"line":256,"column":6}},"126":{"start":{"line":257,"column":4},"end":{"line":257,"column":70}},"127":{"start":{"line":257,"column":17},"end":{"line":257,"column":70}},"128":{"start":{"line":258,"column":4},"end":{"line":258,"column":22}},"129":{"start":{"line":262,"column":16},"end":{"line":265,"column":6}},"130":{"start":{"line":266,"column":4},"end":{"line":266,"column":73}},"131":{"start":{"line":266,"column":17},"end":{"line":266,"column":73}},"132":{"start":{"line":270,"column":16},"end":{"line":270,"column":57}},"133":{"start":{"line":271,"column":4},"end":{"line":271,"column":67}},"134":{"start":{"line":271,"column":17},"end":{"line":271,"column":67}},"135":{"start":{"line":272,"column":4},"end":{"line":272,"column":22}},"136":{"start":{"line":280,"column":16},"end":{"line":280,"column":73}},"137":{"start":{"line":281,"column":4},"end":{"line":281,"column":75}},"138":{"start":{"line":281,"column":17},"end":{"line":281,"column":75}},"139":{"start":{"line":292,"column":16},"end":{"line":292,"column":63}},"140":{"start":{"line":293,"column":4},"end":{"line":293,"column":65}},"141":{"start":{"line":293,"column":17},"end":{"line":293,"column":65}},"142":{"start":{"line":294,"column":4},"end":{"line":294,"column":20}},"143":{"start":{"line":298,"column":16},"end":{"line":298,"column":63}},"144":{"start":{"line":299,"column":4},"end":{"line":299,"column":73}},"145":{"start":{"line":299,"column":17},"end":{"line":299,"column":73}},"146":{"start":{"line":300,"column":4},"end":{"line":300,"column":19}},"147":{"start":{"line":304,"column":16},"end":{"line":304,"column":61}},"148":{"start":{"line":305,"column":4},"end":{"line":305,"column":71}},"149":{"start":{"line":305,"column":17},"end":{"line":305,"column":71}},"150":{"start":{"line":306,"column":4},"end":{"line":306,"column":20}},"151":{"start":{"line":310,"column":16},"end":{"line":310,"column":75}},"152":{"start":{"line":311,"column":4},"end":{"line":311,"column":66}},"153":{"start":{"line":311,"column":17},"end":{"line":311,"column":66}},"154":{"start":{"line":315,"column":16},"end":{"line":315,"column":57}},"155":{"start":{"line":316,"column":4},"end":{"line":316,"column":67}},"156":{"start":{"line":316,"column":17},"end":{"line":316,"column":67}},"157":{"start":{"line":317,"column":4},"end":{"line":317,"column":22}},"158":{"start":{"line":321,"column":16},"end":{"line":321,"column":65}},"159":{"start":{"line":322,"column":4},"end":{"line":322,"column":67}},"160":{"start":{"line":322,"column":17},"end":{"line":322,"column":67}},"161":{"start":{"line":323,"column":4},"end":{"line":323,"column":22}},"162":{"start":{"line":327,"column":16},"end":{"line":327,"column":88}},"163":{"start":{"line":328,"column":4},"end":{"line":328,"column":76}},"164":{"start":{"line":328,"column":17},"end":{"line":328,"column":76}},"165":{"start":{"line":329,"column":4},"end":{"line":329,"column":27}},"166":{"start":{"line":333,"column":16},"end":{"line":333,"column":62}},"167":{"start":{"line":334,"column":4},"end":{"line":334,"column":64}},"168":{"start":{"line":334,"column":17},"end":{"line":334,"column":64}},"169":{"start":{"line":335,"column":4},"end":{"line":335,"column":19}},"170":{"start":{"line":339,"column":16},"end":{"line":339,"column":68}},"171":{"start":{"line":340,"column":4},"end":{"line":340,"column":70}},"172":{"start":{"line":340,"column":17},"end":{"line":340,"column":70}},"173":{"start":{"line":344,"column":16},"end":{"line":344,"column":70}},"174":{"start":{"line":345,"column":4},"end":{"line":345,"column":72}},"175":{"start":{"line":345,"column":17},"end":{"line":345,"column":72}},"176":{"start":{"line":349,"column":16},"end":{"line":349,"column":67}},"177":{"start":{"line":350,"column":4},"end":{"line":350,"column":69}},"178":{"start":{"line":350,"column":17},"end":{"line":350,"column":69}},"179":{"start":{"line":354,"column":16},"end":{"line":354,"column":65}},"180":{"start":{"line":355,"column":4},"end":{"line":355,"column":67}},"181":{"start":{"line":355,"column":17},"end":{"line":355,"column":67}},"182":{"start":{"line":359,"column":16},"end":{"line":359,"column":67}},"183":{"start":{"line":360,"column":4},"end":{"line":360,"column":69}},"184":{"start":{"line":360,"column":17},"end":{"line":360,"column":69}},"185":{"start":{"line":361,"column":4},"end":{"line":361,"column":23}},"186":{"start":{"line":365,"column":4},"end":{"line":365,"column":27}},"187":{"start":{"line":365,"column":20},"end":{"line":365,"column":27}},"188":{"start":{"line":366,"column":4},"end":{"line":368,"column":14}},"189":{"start":{"line":367,"column":6},"end":{"line":367,"column":42}},"190":{"start":{"line":369,"column":4},"end":{"line":369,"column":21}},"191":{"start":{"line":370,"column":4},"end":{"line":370,"column":21}},"192":{"start":{"line":16,"column":0},"end":{"line":16,"column":13}},"193":{"start":{"line":381,"column":38},"end":{"line":381,"column":42}},"194":{"start":{"line":382,"column":19},"end":{"line":382,"column":21}},"195":{"start":{"line":383,"column":18},"end":{"line":383,"column":23}},"196":{"start":{"line":389,"column":4},"end":{"line":389,"column":41}},"197":{"start":{"line":390,"column":4},"end":{"line":390,"column":35}},"198":{"start":{"line":391,"column":4},"end":{"line":391,"column":45}},"199":{"start":{"line":395,"column":4},"end":{"line":395,"column":28}},"200":{"start":{"line":395,"column":21},"end":{"line":395,"column":28}},"201":{"start":{"line":396,"column":4},"end":{"line":420,"column":7}},"202":{"start":{"line":397,"column":19},"end":{"line":399,"column":8}},"203":{"start":{"line":400,"column":6},"end":{"line":400,"column":25}},"204":{"start":{"line":401,"column":6},"end":{"line":401,"column":31}},"205":{"start":{"line":402,"column":6},"end":{"line":402,"column":65}},"206":{"start":{"line":402,"column":42},"end":{"line":402,"column":62}},"207":{"start":{"line":403,"column":6},"end":{"line":403,"column":45}},"208":{"start":{"line":403,"column":32},"end":{"line":403,"column":43}},"209":{"start":{"line":404,"column":6},"end":{"line":406,"column":9}},"210":{"start":{"line":405,"column":8},"end":{"line":405,"column":27}},"211":{"start":{"line":408,"column":6},"end":{"line":419,"column":23}},"212":{"start":{"line":410,"column":10},"end":{"line":417,"column":11}},"213":{"start":{"line":411,"column":24},"end":{"line":411,"column":40}},"214":{"start":{"line":412,"column":12},"end":{"line":412,"column":90}},"215":{"start":{"line":412,"column":44},"end":{"line":412,"column":90}},"216":{"start":{"line":413,"column":12},"end":{"line":413,"column":30}},"217":{"start":{"line":414,"column":12},"end":{"line":414,"column":22}},"218":{"start":{"line":416,"column":12},"end":{"line":416,"column":68}},"219":{"start":{"line":424,"column":21},"end":{"line":424,"column":63}},"220":{"start":{"line":425,"column":4},"end":{"line":434,"column":5}},"221":{"start":{"line":426,"column":18},"end":{"line":426,"column":43}},"222":{"start":{"line":427,"column":6},"end":{"line":431,"column":7}},"223":{"start":{"line":428,"column":21},"end":{"line":428,"column":46}},"224":{"start":{"line":429,"column":8},"end":{"line":429,"column":49}},"225":{"start":{"line":430,"column":8},"end":{"line":430,"column":20}},"226":{"start":{"line":432,"column":6},"end":{"line":432,"column":83}},"227":{"start":{"line":432,"column":33},"end":{"line":432,"column":83}},"228":{"start":{"line":433,"column":6},"end":{"line":433,"column":50}},"229":{"start":{"line":433,"column":31},"end":{"line":433,"column":48}},"230":{"start":{"line":438,"column":4},"end":{"line":438,"column":62}},"231":{"start":{"line":438,"column":22},"end":{"line":438,"column":62}},"232":{"start":{"line":439,"column":4},"end":{"line":439,"column":50}},"233":{"start":{"line":439,"column":21},"end":{"line":439,"column":50}},"234":{"start":{"line":440,"column":4},"end":{"line":440,"column":50}},"235":{"start":{"line":444,"column":19},"end":{"line":444,"column":20}},"236":{"start":{"line":445,"column":24},"end":{"line":445,"column":27}},"237":{"start":{"line":447,"column":4},"end":{"line":464,"column":5}},"238":{"start":{"line":448,"column":19},"end":{"line":448,"column":65}},"239":{"start":{"line":449,"column":6},"end":{"line":449,"column":17}},"240":{"start":{"line":452,"column":6},"end":{"line":454,"column":7}},"241":{"start":{"line":453,"column":8},"end":{"line":453,"column":17}},"242":{"start":{"line":457,"column":6},"end":{"line":463,"column":7}},"243":{"start":{"line":458,"column":20},"end":{"line":458,"column":36}},"244":{"start":{"line":459,"column":8},"end":{"line":459,"column":19}},"245":{"start":{"line":462,"column":8},"end":{"line":462,"column":17}},"246":{"start":{"line":466,"column":4},"end":{"line":466,"column":88}},"247":{"start":{"line":470,"column":16},"end":{"line":470,"column":51}},"248":{"start":{"line":471,"column":4},"end":{"line":471,"column":20}},"249":{"start":{"line":475,"column":16},"end":{"line":475,"column":56}},"250":{"start":{"line":476,"column":4},"end":{"line":476,"column":66}},"251":{"start":{"line":476,"column":17},"end":{"line":476,"column":66}},"252":{"start":{"line":477,"column":4},"end":{"line":477,"column":15}},"253":{"start":{"line":481,"column":16},"end":{"line":481,"column":84}},"254":{"start":{"line":482,"column":4},"end":{"line":482,"column":71}},"255":{"start":{"line":482,"column":17},"end":{"line":482,"column":71}},"256":{"start":{"line":483,"column":4},"end":{"line":483,"column":15}},"257":{"start":{"line":487,"column":16},"end":{"line":487,"column":76}},"258":{"start":{"line":488,"column":4},"end":{"line":488,"column":66}},"259":{"start":{"line":488,"column":17},"end":{"line":488,"column":66}},"260":{"start":{"line":489,"column":4},"end":{"line":489,"column":21}},"261":{"start":{"line":493,"column":16},"end":{"line":493,"column":55}},"262":{"start":{"line":494,"column":4},"end":{"line":494,"column":65}},"263":{"start":{"line":494,"column":17},"end":{"line":494,"column":65}},"264":{"start":{"line":495,"column":4},"end":{"line":495,"column":20}},"265":{"start":{"line":506,"column":16},"end":{"line":506,"column":63}},"266":{"start":{"line":507,"column":4},"end":{"line":507,"column":65}},"267":{"start":{"line":507,"column":17},"end":{"line":507,"column":65}},"268":{"start":{"line":508,"column":4},"end":{"line":508,"column":20}},"269":{"start":{"line":512,"column":16},"end":{"line":512,"column":72}},"270":{"start":{"line":513,"column":4},"end":{"line":513,"column":74}},"271":{"start":{"line":513,"column":17},"end":{"line":513,"column":74}},"272":{"start":{"line":514,"column":4},"end":{"line":514,"column":20}},"273":{"start":{"line":518,"column":16},"end":{"line":518,"column":64}},"274":{"start":{"line":519,"column":4},"end":{"line":519,"column":66}},"275":{"start":{"line":519,"column":17},"end":{"line":519,"column":66}},"276":{"start":{"line":520,"column":4},"end":{"line":520,"column":22}},"277":{"start":{"line":524,"column":16},"end":{"line":524,"column":63}},"278":{"start":{"line":525,"column":4},"end":{"line":525,"column":73}},"279":{"start":{"line":525,"column":17},"end":{"line":525,"column":73}},"280":{"start":{"line":526,"column":4},"end":{"line":526,"column":19}},"281":{"start":{"line":530,"column":16},"end":{"line":530,"column":61}},"282":{"start":{"line":531,"column":4},"end":{"line":531,"column":71}},"283":{"start":{"line":531,"column":17},"end":{"line":531,"column":71}},"284":{"start":{"line":532,"column":4},"end":{"line":532,"column":20}},"285":{"start":{"line":536,"column":16},"end":{"line":536,"column":75}},"286":{"start":{"line":537,"column":4},"end":{"line":537,"column":66}},"287":{"start":{"line":537,"column":17},"end":{"line":537,"column":66}},"288":{"start":{"line":541,"column":16},"end":{"line":541,"column":57}},"289":{"start":{"line":542,"column":4},"end":{"line":542,"column":67}},"290":{"start":{"line":542,"column":17},"end":{"line":542,"column":67}},"291":{"start":{"line":543,"column":4},"end":{"line":543,"column":22}},"292":{"start":{"line":547,"column":16},"end":{"line":547,"column":65}},"293":{"start":{"line":548,"column":4},"end":{"line":548,"column":67}},"294":{"start":{"line":548,"column":17},"end":{"line":548,"column":67}},"295":{"start":{"line":549,"column":4},"end":{"line":549,"column":22}},"296":{"start":{"line":553,"column":16},"end":{"line":553,"column":56}},"297":{"start":{"line":554,"column":4},"end":{"line":554,"column":66}},"298":{"start":{"line":554,"column":17},"end":{"line":554,"column":66}},"299":{"start":{"line":555,"column":4},"end":{"line":555,"column":21}},"300":{"start":{"line":559,"column":16},"end":{"line":562,"column":6}},"301":{"start":{"line":563,"column":4},"end":{"line":563,"column":70}},"302":{"start":{"line":563,"column":17},"end":{"line":563,"column":70}},"303":{"start":{"line":564,"column":4},"end":{"line":564,"column":22}},"304":{"start":{"line":568,"column":16},"end":{"line":571,"column":6}},"305":{"start":{"line":572,"column":4},"end":{"line":572,"column":73}},"306":{"start":{"line":572,"column":17},"end":{"line":572,"column":73}},"307":{"start":{"line":576,"column":16},"end":{"line":576,"column":57}},"308":{"start":{"line":577,"column":4},"end":{"line":577,"column":67}},"309":{"start":{"line":577,"column":17},"end":{"line":577,"column":67}},"310":{"start":{"line":578,"column":4},"end":{"line":578,"column":22}},"311":{"start":{"line":586,"column":16},"end":{"line":586,"column":73}},"312":{"start":{"line":587,"column":4},"end":{"line":587,"column":75}},"313":{"start":{"line":587,"column":17},"end":{"line":587,"column":75}},"314":{"start":{"line":591,"column":16},"end":{"line":591,"column":88}},"315":{"start":{"line":592,"column":4},"end":{"line":592,"column":76}},"316":{"start":{"line":592,"column":17},"end":{"line":592,"column":76}},"317":{"start":{"line":593,"column":4},"end":{"line":593,"column":27}},"318":{"start":{"line":597,"column":16},"end":{"line":597,"column":62}},"319":{"start":{"line":598,"column":4},"end":{"line":598,"column":64}},"320":{"start":{"line":598,"column":17},"end":{"line":598,"column":64}},"321":{"start":{"line":599,"column":4},"end":{"line":599,"column":19}},"322":{"start":{"line":603,"column":16},"end":{"line":603,"column":68}},"323":{"start":{"line":604,"column":4},"end":{"line":604,"column":70}},"324":{"start":{"line":604,"column":17},"end":{"line":604,"column":70}},"325":{"start":{"line":608,"column":16},"end":{"line":608,"column":70}},"326":{"start":{"line":609,"column":4},"end":{"line":609,"column":72}},"327":{"start":{"line":609,"column":17},"end":{"line":609,"column":72}},"328":{"start":{"line":613,"column":16},"end":{"line":613,"column":67}},"329":{"start":{"line":614,"column":4},"end":{"line":614,"column":69}},"330":{"start":{"line":614,"column":17},"end":{"line":614,"column":69}},"331":{"start":{"line":618,"column":16},"end":{"line":618,"column":65}},"332":{"start":{"line":619,"column":4},"end":{"line":619,"column":67}},"333":{"start":{"line":619,"column":17},"end":{"line":619,"column":67}},"334":{"start":{"line":623,"column":16},"end":{"line":623,"column":67}},"335":{"start":{"line":624,"column":4},"end":{"line":624,"column":69}},"336":{"start":{"line":624,"column":17},"end":{"line":624,"column":69}},"337":{"start":{"line":625,"column":4},"end":{"line":625,"column":23}},"338":{"start":{"line":629,"column":4},"end":{"line":629,"column":29}},"339":{"start":{"line":629,"column":22},"end":{"line":629,"column":29}},"340":{"start":{"line":630,"column":4},"end":{"line":630,"column":39}},"341":{"start":{"line":630,"column":10},"end":{"line":630,"column":28}},"342":{"start":{"line":631,"column":4},"end":{"line":631,"column":43}},"343":{"start":{"line":631,"column":10},"end":{"line":631,"column":32}},"344":{"start":{"line":632,"column":4},"end":{"line":632,"column":23}},"345":{"start":{"line":380,"column":0},"end":{"line":380,"column":13}}},"fnMap":{"0":{"name":"(anonymous_1)","decl":{"start":{"line":24,"column":2},"end":{"line":24,"column":14}},"loc":{"start":{"line":24,"column":44},"end":{"line":33,"column":3}}},"1":{"name":"(anonymous_2)","decl":{"start":{"line":35,"column":2},"end":{"line":35,"column":7}},"loc":{"start":{"line":35,"column":13},"end":{"line":159,"column":3}}},"2":{"name":"(anonymous_3)","decl":{"start":{"line":84,"column":26},"end":{"line":84,"column":27}},"loc":{"start":{"line":84,"column":41},"end":{"line":91,"column":5}}},"3":{"name":"(anonymous_4)","decl":{"start":{"line":93,"column":32},"end":{"line":93,"column":33}},"loc":{"start":{"line":93,"column":51},"end":{"line":93,"column":71}}},"4":{"name":"(anonymous_5)","decl":{"start":{"line":94,"column":32},"end":{"line":94,"column":33}},"loc":{"start":{"line":94,"column":50},"end":{"line":97,"column":5}}},"5":{"name":"(anonymous_6)","decl":{"start":{"line":99,"column":25},"end":{"line":99,"column":26}},"loc":{"start":{"line":99,"column":42},"end":{"line":105,"column":5}}},"6":{"name":"(anonymous_7)","decl":{"start":{"line":161,"column":10},"end":{"line":161,"column":18}},"loc":{"start":{"line":161,"column":32},"end":{"line":164,"column":3}}},"7":{"name":"(anonymous_8)","decl":{"start":{"line":166,"column":10},"end":{"line":166,"column":15}},"loc":{"start":{"line":166,"column":54},"end":{"line":178,"column":3}}},"8":{"name":"(anonymous_9)","decl":{"start":{"line":176,"column":24},"end":{"line":176,"column":25}},"loc":{"start":{"line":176,"column":31},"end":{"line":176,"column":48}}},"9":{"name":"(anonymous_10)","decl":{"start":{"line":180,"column":10},"end":{"line":180,"column":15}},"loc":{"start":{"line":180,"column":30},"end":{"line":213,"column":3}}},"10":{"name":"(anonymous_11)","decl":{"start":{"line":215,"column":2},"end":{"line":215,"column":7}},"loc":{"start":{"line":215,"column":12},"end":{"line":218,"column":3}}},"11":{"name":"(anonymous_12)","decl":{"start":{"line":220,"column":2},"end":{"line":220,"column":7}},"loc":{"start":{"line":220,"column":16},"end":{"line":224,"column":3}}},"12":{"name":"(anonymous_13)","decl":{"start":{"line":226,"column":2},"end":{"line":226,"column":7}},"loc":{"start":{"line":226,"column":52},"end":{"line":230,"column":3}}},"13":{"name":"(anonymous_14)","decl":{"start":{"line":232,"column":2},"end":{"line":232,"column":7}},"loc":{"start":{"line":232,"column":34},"end":{"line":236,"column":3}}},"14":{"name":"(anonymous_15)","decl":{"start":{"line":238,"column":2},"end":{"line":238,"column":7}},"loc":{"start":{"line":238,"column":15},"end":{"line":242,"column":3}}},"15":{"name":"(anonymous_16)","decl":{"start":{"line":246,"column":2},"end":{"line":246,"column":7}},"loc":{"start":{"line":246,"column":16},"end":{"line":250,"column":3}}},"16":{"name":"(anonymous_17)","decl":{"start":{"line":252,"column":2},"end":{"line":252,"column":7}},"loc":{"start":{"line":252,"column":74},"end":{"line":259,"column":3}}},"17":{"name":"(anonymous_18)","decl":{"start":{"line":261,"column":2},"end":{"line":261,"column":7}},"loc":{"start":{"line":261,"column":58},"end":{"line":267,"column":3}}},"18":{"name":"(anonymous_19)","decl":{"start":{"line":269,"column":2},"end":{"line":269,"column":7}},"loc":{"start":{"line":269,"column":17},"end":{"line":273,"column":3}}},"19":{"name":"(anonymous_20)","decl":{"start":{"line":275,"column":2},"end":{"line":275,"column":7}},"loc":{"start":{"line":279,"column":3},"end":{"line":282,"column":3}}},"20":{"name":"(anonymous_21)","decl":{"start":{"line":284,"column":0},"end":{"line":284,"column":5}},"loc":{"start":{"line":291,"column":3},"end":{"line":295,"column":3}}},"21":{"name":"(anonymous_22)","decl":{"start":{"line":297,"column":2},"end":{"line":297,"column":7}},"loc":{"start":{"line":297,"column":22},"end":{"line":301,"column":3}}},"22":{"name":"(anonymous_23)","decl":{"start":{"line":303,"column":2},"end":{"line":303,"column":7}},"loc":{"start":{"line":303,"column":20},"end":{"line":307,"column":3}}},"23":{"name":"(anonymous_24)","decl":{"start":{"line":309,"column":2},"end":{"line":309,"column":7}},"loc":{"start":{"line":309,"column":30},"end":{"line":312,"column":3}}},"24":{"name":"(anonymous_25)","decl":{"start":{"line":314,"column":2},"end":{"line":314,"column":7}},"loc":{"start":{"line":314,"column":17},"end":{"line":318,"column":3}}},"25":{"name":"(anonymous_26)","decl":{"start":{"line":320,"column":2},"end":{"line":320,"column":7}},"loc":{"start":{"line":320,"column":121},"end":{"line":324,"column":3}}},"26":{"name":"(anonymous_27)","decl":{"start":{"line":326,"column":2},"end":{"line":326,"column":7}},"loc":{"start":{"line":326,"column":115},"end":{"line":330,"column":3}}},"27":{"name":"(anonymous_28)","decl":{"start":{"line":332,"column":2},"end":{"line":332,"column":7}},"loc":{"start":{"line":332,"column":151},"end":{"line":336,"column":3}}},"28":{"name":"(anonymous_29)","decl":{"start":{"line":338,"column":2},"end":{"line":338,"column":7}},"loc":{"start":{"line":338,"column":83},"end":{"line":341,"column":3}}},"29":{"name":"(anonymous_30)","decl":{"start":{"line":343,"column":2},"end":{"line":343,"column":7}},"loc":{"start":{"line":343,"column":107},"end":{"line":346,"column":3}}},"30":{"name":"(anonymous_31)","decl":{"start":{"line":348,"column":2},"end":{"line":348,"column":7}},"loc":{"start":{"line":348,"column":50},"end":{"line":351,"column":3}}},"31":{"name":"(anonymous_32)","decl":{"start":{"line":353,"column":2},"end":{"line":353,"column":7}},"loc":{"start":{"line":353,"column":66},"end":{"line":356,"column":3}}},"32":{"name":"(anonymous_33)","decl":{"start":{"line":358,"column":2},"end":{"line":358,"column":7}},"loc":{"start":{"line":358,"column":115},"end":{"line":362,"column":3}}},"33":{"name":"(anonymous_34)","decl":{"start":{"line":364,"column":2},"end":{"line":364,"column":7}},"loc":{"start":{"line":364,"column":12},"end":{"line":371,"column":3}}},"34":{"name":"(anonymous_35)","decl":{"start":{"line":388,"column":2},"end":{"line":388,"column":14}},"loc":{"start":{"line":388,"column":41},"end":{"line":392,"column":3}}},"35":{"name":"(anonymous_36)","decl":{"start":{"line":394,"column":2},"end":{"line":394,"column":7}},"loc":{"start":{"line":394,"column":13},"end":{"line":421,"column":3}}},"36":{"name":"(anonymous_37)","decl":{"start":{"line":396,"column":28},"end":{"line":396,"column":29}},"loc":{"start":{"line":396,"column":48},"end":{"line":420,"column":5}}},"37":{"name":"(anonymous_38)","decl":{"start":{"line":397,"column":78},"end":{"line":397,"column":81}},"loc":{"start":{"line":397,"column":83},"end":{"line":399,"column":7}}},"38":{"name":"(anonymous_39)","decl":{"start":{"line":402,"column":22},"end":{"line":402,"column":23}},"loc":{"start":{"line":402,"column":42},"end":{"line":402,"column":62}}},"39":{"name":"(anonymous_40)","decl":{"start":{"line":403,"column":23},"end":{"line":403,"column":24}},"loc":{"start":{"line":403,"column":32},"end":{"line":403,"column":43}}},"40":{"name":"(anonymous_41)","decl":{"start":{"line":404,"column":23},"end":{"line":404,"column":26}},"loc":{"start":{"line":404,"column":28},"end":{"line":406,"column":7}}},"41":{"name":"(anonymous_42)","decl":{"start":{"line":409,"column":14},"end":{"line":409,"column":15}},"loc":{"start":{"line":409,"column":23},"end":{"line":418,"column":9}}},"42":{"name":"(anonymous_43)","decl":{"start":{"line":423,"column":10},"end":{"line":423,"column":15}},"loc":{"start":{"line":423,"column":54},"end":{"line":435,"column":3}}},"43":{"name":"(anonymous_44)","decl":{"start":{"line":433,"column":24},"end":{"line":433,"column":25}},"loc":{"start":{"line":433,"column":31},"end":{"line":433,"column":48}}},"44":{"name":"(anonymous_45)","decl":{"start":{"line":437,"column":10},"end":{"line":437,"column":15}},"loc":{"start":{"line":437,"column":29},"end":{"line":467,"column":3}}},"45":{"name":"(anonymous_46)","decl":{"start":{"line":469,"column":2},"end":{"line":469,"column":7}},"loc":{"start":{"line":469,"column":12},"end":{"line":472,"column":3}}},"46":{"name":"(anonymous_47)","decl":{"start":{"line":474,"column":2},"end":{"line":474,"column":7}},"loc":{"start":{"line":474,"column":16},"end":{"line":478,"column":3}}},"47":{"name":"(anonymous_48)","decl":{"start":{"line":480,"column":2},"end":{"line":480,"column":7}},"loc":{"start":{"line":480,"column":52},"end":{"line":484,"column":3}}},"48":{"name":"(anonymous_49)","decl":{"start":{"line":486,"column":2},"end":{"line":486,"column":7}},"loc":{"start":{"line":486,"column":34},"end":{"line":490,"column":3}}},"49":{"name":"(anonymous_50)","decl":{"start":{"line":492,"column":2},"end":{"line":492,"column":7}},"loc":{"start":{"line":492,"column":15},"end":{"line":496,"column":3}}},"50":{"name":"(anonymous_51)","decl":{"start":{"line":498,"column":2},"end":{"line":498,"column":7}},"loc":{"start":{"line":505,"column":3},"end":{"line":509,"column":3}}},"51":{"name":"(anonymous_52)","decl":{"start":{"line":511,"column":2},"end":{"line":511,"column":7}},"loc":{"start":{"line":511,"column":177},"end":{"line":515,"column":3}}},"52":{"name":"(anonymous_53)","decl":{"start":{"line":517,"column":2},"end":{"line":517,"column":7}},"loc":{"start":{"line":517,"column":95},"end":{"line":521,"column":3}}},"53":{"name":"(anonymous_54)","decl":{"start":{"line":523,"column":2},"end":{"line":523,"column":7}},"loc":{"start":{"line":523,"column":22},"end":{"line":527,"column":3}}},"54":{"name":"(anonymous_55)","decl":{"start":{"line":529,"column":2},"end":{"line":529,"column":7}},"loc":{"start":{"line":529,"column":20},"end":{"line":533,"column":3}}},"55":{"name":"(anonymous_56)","decl":{"start":{"line":535,"column":2},"end":{"line":535,"column":7}},"loc":{"start":{"line":535,"column":30},"end":{"line":538,"column":3}}},"56":{"name":"(anonymous_57)","decl":{"start":{"line":540,"column":2},"end":{"line":540,"column":7}},"loc":{"start":{"line":540,"column":17},"end":{"line":544,"column":3}}},"57":{"name":"(anonymous_58)","decl":{"start":{"line":546,"column":2},"end":{"line":546,"column":7}},"loc":{"start":{"line":546,"column":121},"end":{"line":550,"column":3}}},"58":{"name":"(anonymous_59)","decl":{"start":{"line":552,"column":2},"end":{"line":552,"column":7}},"loc":{"start":{"line":552,"column":16},"end":{"line":556,"column":3}}},"59":{"name":"(anonymous_60)","decl":{"start":{"line":558,"column":2},"end":{"line":558,"column":7}},"loc":{"start":{"line":558,"column":74},"end":{"line":565,"column":3}}},"60":{"name":"(anonymous_61)","decl":{"start":{"line":567,"column":2},"end":{"line":567,"column":7}},"loc":{"start":{"line":567,"column":58},"end":{"line":573,"column":3}}},"61":{"name":"(anonymous_62)","decl":{"start":{"line":575,"column":2},"end":{"line":575,"column":7}},"loc":{"start":{"line":575,"column":17},"end":{"line":579,"column":3}}},"62":{"name":"(anonymous_63)","decl":{"start":{"line":581,"column":2},"end":{"line":581,"column":7}},"loc":{"start":{"line":585,"column":3},"end":{"line":588,"column":3}}},"63":{"name":"(anonymous_64)","decl":{"start":{"line":590,"column":2},"end":{"line":590,"column":7}},"loc":{"start":{"line":590,"column":115},"end":{"line":594,"column":3}}},"64":{"name":"(anonymous_65)","decl":{"start":{"line":596,"column":2},"end":{"line":596,"column":7}},"loc":{"start":{"line":596,"column":151},"end":{"line":600,"column":3}}},"65":{"name":"(anonymous_66)","decl":{"start":{"line":602,"column":2},"end":{"line":602,"column":7}},"loc":{"start":{"line":602,"column":83},"end":{"line":605,"column":3}}},"66":{"name":"(anonymous_67)","decl":{"start":{"line":607,"column":2},"end":{"line":607,"column":7}},"loc":{"start":{"line":607,"column":107},"end":{"line":610,"column":3}}},"67":{"name":"(anonymous_68)","decl":{"start":{"line":612,"column":2},"end":{"line":612,"column":7}},"loc":{"start":{"line":612,"column":50},"end":{"line":615,"column":3}}},"68":{"name":"(anonymous_69)","decl":{"start":{"line":617,"column":2},"end":{"line":617,"column":7}},"loc":{"start":{"line":617,"column":66},"end":{"line":620,"column":3}}},"69":{"name":"(anonymous_70)","decl":{"start":{"line":622,"column":2},"end":{"line":622,"column":7}},"loc":{"start":{"line":622,"column":115},"end":{"line":626,"column":3}}},"70":{"name":"(anonymous_71)","decl":{"start":{"line":628,"column":2},"end":{"line":628,"column":7}},"loc":{"start":{"line":628,"column":12},"end":{"line":633,"column":3}}}},"branchMap":{"0":{"loc":{"start":{"line":24,"column":14},"end":{"line":24,"column":44}},"type":"default-arg","locations":[{"start":{"line":24,"column":42},"end":{"line":24,"column":44}}]},"1":{"loc":{"start":{"line":25,"column":20},"end":{"line":25,"column":93}},"type":"binary-expr","locations":[{"start":{"line":25,"column":20},"end":{"line":25,"column":31}},{"start":{"line":25,"column":35},"end":{"line":25,"column":93}}]},"2":{"loc":{"start":{"line":28,"column":11},"end":{"line":28,"column":34}},"type":"binary-expr","locations":[{"start":{"line":28,"column":11},"end":{"line":28,"column":22}},{"start":{"line":28,"column":26},"end":{"line":28,"column":34}}]},"3":{"loc":{"start":{"line":29,"column":12},"end":{"line":29,"column":51}},"type":"binary-expr","locations":[{"start":{"line":29,"column":12},"end":{"line":29,"column":24}},{"start":{"line":29,"column":28},"end":{"line":29,"column":51}}]},"4":{"loc":{"start":{"line":30,"column":11},"end":{"line":30,"column":28}},"type":"binary-expr","locations":[{"start":{"line":30,"column":11},"end":{"line":30,"column":22}},{"start":{"line":30,"column":26},"end":{"line":30,"column":28}}]},"5":{"loc":{"start":{"line":31,"column":17},"end":{"line":31,"column":43}},"type":"binary-expr","locations":[{"start":{"line":31,"column":17},"end":{"line":31,"column":34}},{"start":{"line":31,"column":38},"end":{"line":31,"column":43}}]},"6":{"loc":{"start":{"line":36,"column":4},"end":{"line":36,"column":26}},"type":"if","locations":[{"start":{"line":36,"column":4},"end":{"line":36,"column":26}}]},"7":{"loc":{"start":{"line":39,"column":24},"end":{"line":39,"column":75}},"type":"binary-expr","locations":[{"start":{"line":39,"column":24},"end":{"line":39,"column":40}},{"start":{"line":39,"column":44},"end":{"line":39,"column":69}},{"start":{"line":39,"column":73},"end":{"line":39,"column":75}}]},"8":{"loc":{"start":{"line":42,"column":20},"end":{"line":44,"column":19}},"type":"cond-expr","locations":[{"start":{"line":43,"column":8},"end":{"line":43,"column":32}},{"start":{"line":44,"column":8},"end":{"line":44,"column":19}}]},"9":{"loc":{"start":{"line":42,"column":20},"end":{"line":42,"column":90}},"type":"binary-expr","locations":[{"start":{"line":42,"column":20},"end":{"line":42,"column":58}},{"start":{"line":42,"column":62},"end":{"line":42,"column":90}}]},"10":{"loc":{"start":{"line":51,"column":19},"end":{"line":51,"column":43}},"type":"cond-expr","locations":[{"start":{"line":51,"column":31},"end":{"line":51,"column":36}},{"start":{"line":51,"column":39},"end":{"line":51,"column":43}}]},"11":{"loc":{"start":{"line":54,"column":20},"end":{"line":54,"column":41}},"type":"cond-expr","locations":[{"start":{"line":54,"column":32},"end":{"line":54,"column":35}},{"start":{"line":54,"column":38},"end":{"line":54,"column":41}}]},"12":{"loc":{"start":{"line":78,"column":4},"end":{"line":80,"column":5}},"type":"if","locations":[{"start":{"line":78,"column":4},"end":{"line":80,"column":5}}]},"13":{"loc":{"start":{"line":78,"column":8},"end":{"line":78,"column":74}},"type":"binary-expr","locations":[{"start":{"line":78,"column":8},"end":{"line":78,"column":34}},{"start":{"line":78,"column":38},"end":{"line":78,"column":74}}]},"14":{"loc":{"start":{"line":78,"column":39},"end":{"line":78,"column":66}},"type":"binary-expr","locations":[{"start":{"line":78,"column":39},"end":{"line":78,"column":61}},{"start":{"line":78,"column":65},"end":{"line":78,"column":66}}]},"15":{"loc":{"start":{"line":87,"column":6},"end":{"line":90,"column":7}},"type":"if","locations":[{"start":{"line":87,"column":6},"end":{"line":90,"column":7}}]},"16":{"loc":{"start":{"line":101,"column":6},"end":{"line":104,"column":7}},"type":"if","locations":[{"start":{"line":101,"column":6},"end":{"line":104,"column":7}}]},"17":{"loc":{"start":{"line":114,"column":6},"end":{"line":130,"column":7}},"type":"if","locations":[{"start":{"line":114,"column":6},"end":{"line":130,"column":7}}]},"18":{"loc":{"start":{"line":117,"column":23},"end":{"line":117,"column":49}},"type":"binary-expr","locations":[{"start":{"line":117,"column":23},"end":{"line":117,"column":34}},{"start":{"line":117,"column":38},"end":{"line":117,"column":49}}]},"19":{"loc":{"start":{"line":118,"column":8},"end":{"line":128,"column":9}},"type":"if","locations":[{"start":{"line":118,"column":8},"end":{"line":128,"column":9}}]},"20":{"loc":{"start":{"line":133,"column":6},"end":{"line":135,"column":7}},"type":"if","locations":[{"start":{"line":133,"column":6},"end":{"line":135,"column":7}}]},"21":{"loc":{"start":{"line":141,"column":6},"end":{"line":143,"column":7}},"type":"if","locations":[{"start":{"line":141,"column":6},"end":{"line":143,"column":7}}]},"22":{"loc":{"start":{"line":141,"column":10},"end":{"line":141,"column":56}},"type":"binary-expr","locations":[{"start":{"line":141,"column":10},"end":{"line":141,"column":23}},{"start":{"line":141,"column":27},"end":{"line":141,"column":56}}]},"23":{"loc":{"start":{"line":148,"column":8},"end":{"line":151,"column":9}},"type":"if","locations":[{"start":{"line":148,"column":8},"end":{"line":151,"column":9}}]},"24":{"loc":{"start":{"line":148,"column":12},"end":{"line":148,"column":37}},"type":"binary-expr","locations":[{"start":{"line":148,"column":12},"end":{"line":148,"column":15}},{"start":{"line":148,"column":19},"end":{"line":148,"column":37}}]},"25":{"loc":{"start":{"line":167,"column":35},"end":{"line":167,"column":71}},"type":"binary-expr","locations":[{"start":{"line":167,"column":35},"end":{"line":167,"column":44}},{"start":{"line":167,"column":48},"end":{"line":167,"column":71}}]},"26":{"loc":{"start":{"line":170,"column":6},"end":{"line":174,"column":7}},"type":"if","locations":[{"start":{"line":170,"column":6},"end":{"line":174,"column":7}}]},"27":{"loc":{"start":{"line":175,"column":6},"end":{"line":175,"column":83}},"type":"if","locations":[{"start":{"line":175,"column":6},"end":{"line":175,"column":83}}]},"28":{"loc":{"start":{"line":181,"column":4},"end":{"line":181,"column":79}},"type":"if","locations":[{"start":{"line":181,"column":4},"end":{"line":181,"column":79}}]},"29":{"loc":{"start":{"line":181,"column":8},"end":{"line":181,"column":38}},"type":"binary-expr","locations":[{"start":{"line":181,"column":8},"end":{"line":181,"column":18}},{"start":{"line":181,"column":22},"end":{"line":181,"column":38}}]},"30":{"loc":{"start":{"line":182,"column":4},"end":{"line":182,"column":55}},"type":"if","locations":[{"start":{"line":182,"column":4},"end":{"line":182,"column":55}}]},"31":{"loc":{"start":{"line":183,"column":4},"end":{"line":183,"column":58}},"type":"if","locations":[{"start":{"line":183,"column":4},"end":{"line":183,"column":58}}]},"32":{"loc":{"start":{"line":184,"column":4},"end":{"line":184,"column":74}},"type":"if","locations":[{"start":{"line":184,"column":4},"end":{"line":184,"column":74}}]},"33":{"loc":{"start":{"line":198,"column":6},"end":{"line":200,"column":7}},"type":"if","locations":[{"start":{"line":198,"column":6},"end":{"line":200,"column":7}}]},"34":{"loc":{"start":{"line":198,"column":10},"end":{"line":198,"column":54}},"type":"binary-expr","locations":[{"start":{"line":198,"column":10},"end":{"line":198,"column":22}},{"start":{"line":198,"column":26},"end":{"line":198,"column":54}}]},"35":{"loc":{"start":{"line":222,"column":4},"end":{"line":222,"column":66}},"type":"if","locations":[{"start":{"line":222,"column":4},"end":{"line":222,"column":66}}]},"36":{"loc":{"start":{"line":222,"column":33},"end":{"line":222,"column":64}},"type":"binary-expr","locations":[{"start":{"line":222,"column":33},"end":{"line":222,"column":42}},{"start":{"line":222,"column":46},"end":{"line":222,"column":64}}]},"37":{"loc":{"start":{"line":226,"column":34},"end":{"line":226,"column":52}},"type":"default-arg","locations":[{"start":{"line":226,"column":41},"end":{"line":226,"column":52}}]},"38":{"loc":{"start":{"line":228,"column":4},"end":{"line":228,"column":71}},"type":"if","locations":[{"start":{"line":228,"column":4},"end":{"line":228,"column":71}}]},"39":{"loc":{"start":{"line":228,"column":33},"end":{"line":228,"column":69}},"type":"binary-expr","locations":[{"start":{"line":228,"column":33},"end":{"line":228,"column":42}},{"start":{"line":228,"column":46},"end":{"line":228,"column":69}}]},"40":{"loc":{"start":{"line":234,"column":4},"end":{"line":234,"column":66}},"type":"if","locations":[{"start":{"line":234,"column":4},"end":{"line":234,"column":66}}]},"41":{"loc":{"start":{"line":234,"column":33},"end":{"line":234,"column":64}},"type":"binary-expr","locations":[{"start":{"line":234,"column":33},"end":{"line":234,"column":42}},{"start":{"line":234,"column":46},"end":{"line":234,"column":64}}]},"42":{"loc":{"start":{"line":240,"column":4},"end":{"line":240,"column":65}},"type":"if","locations":[{"start":{"line":240,"column":4},"end":{"line":240,"column":65}}]},"43":{"loc":{"start":{"line":240,"column":33},"end":{"line":240,"column":63}},"type":"binary-expr","locations":[{"start":{"line":240,"column":33},"end":{"line":240,"column":42}},{"start":{"line":240,"column":46},"end":{"line":240,"column":63}}]},"44":{"loc":{"start":{"line":248,"column":4},"end":{"line":248,"column":66}},"type":"if","locations":[{"start":{"line":248,"column":4},"end":{"line":248,"column":66}}]},"45":{"loc":{"start":{"line":248,"column":33},"end":{"line":248,"column":64}},"type":"binary-expr","locations":[{"start":{"line":248,"column":33},"end":{"line":248,"column":42}},{"start":{"line":248,"column":46},"end":{"line":248,"column":64}}]},"46":{"loc":{"start":{"line":257,"column":4},"end":{"line":257,"column":70}},"type":"if","locations":[{"start":{"line":257,"column":4},"end":{"line":257,"column":70}}]},"47":{"loc":{"start":{"line":257,"column":33},"end":{"line":257,"column":68}},"type":"binary-expr","locations":[{"start":{"line":257,"column":33},"end":{"line":257,"column":42}},{"start":{"line":257,"column":46},"end":{"line":257,"column":68}}]},"48":{"loc":{"start":{"line":266,"column":4},"end":{"line":266,"column":73}},"type":"if","locations":[{"start":{"line":266,"column":4},"end":{"line":266,"column":73}}]},"49":{"loc":{"start":{"line":266,"column":33},"end":{"line":266,"column":71}},"type":"binary-expr","locations":[{"start":{"line":266,"column":33},"end":{"line":266,"column":42}},{"start":{"line":266,"column":46},"end":{"line":266,"column":71}}]},"50":{"loc":{"start":{"line":271,"column":4},"end":{"line":271,"column":67}},"type":"if","locations":[{"start":{"line":271,"column":4},"end":{"line":271,"column":67}}]},"51":{"loc":{"start":{"line":271,"column":33},"end":{"line":271,"column":65}},"type":"binary-expr","locations":[{"start":{"line":271,"column":33},"end":{"line":271,"column":42}},{"start":{"line":271,"column":46},"end":{"line":271,"column":65}}]},"52":{"loc":{"start":{"line":281,"column":4},"end":{"line":281,"column":75}},"type":"if","locations":[{"start":{"line":281,"column":4},"end":{"line":281,"column":75}}]},"53":{"loc":{"start":{"line":281,"column":33},"end":{"line":281,"column":73}},"type":"binary-expr","locations":[{"start":{"line":281,"column":33},"end":{"line":281,"column":42}},{"start":{"line":281,"column":46},"end":{"line":281,"column":73}}]},"54":{"loc":{"start":{"line":293,"column":4},"end":{"line":293,"column":65}},"type":"if","locations":[{"start":{"line":293,"column":4},"end":{"line":293,"column":65}}]},"55":{"loc":{"start":{"line":293,"column":33},"end":{"line":293,"column":63}},"type":"binary-expr","locations":[{"start":{"line":293,"column":33},"end":{"line":293,"column":42}},{"start":{"line":293,"column":46},"end":{"line":293,"column":63}}]},"56":{"loc":{"start":{"line":299,"column":4},"end":{"line":299,"column":73}},"type":"if","locations":[{"start":{"line":299,"column":4},"end":{"line":299,"column":73}}]},"57":{"loc":{"start":{"line":299,"column":33},"end":{"line":299,"column":71}},"type":"binary-expr","locations":[{"start":{"line":299,"column":33},"end":{"line":299,"column":42}},{"start":{"line":299,"column":46},"end":{"line":299,"column":71}}]},"58":{"loc":{"start":{"line":305,"column":4},"end":{"line":305,"column":71}},"type":"if","locations":[{"start":{"line":305,"column":4},"end":{"line":305,"column":71}}]},"59":{"loc":{"start":{"line":305,"column":33},"end":{"line":305,"column":69}},"type":"binary-expr","locations":[{"start":{"line":305,"column":33},"end":{"line":305,"column":42}},{"start":{"line":305,"column":46},"end":{"line":305,"column":69}}]},"60":{"loc":{"start":{"line":311,"column":4},"end":{"line":311,"column":66}},"type":"if","locations":[{"start":{"line":311,"column":4},"end":{"line":311,"column":66}}]},"61":{"loc":{"start":{"line":311,"column":33},"end":{"line":311,"column":64}},"type":"binary-expr","locations":[{"start":{"line":311,"column":33},"end":{"line":311,"column":42}},{"start":{"line":311,"column":46},"end":{"line":311,"column":64}}]},"62":{"loc":{"start":{"line":316,"column":4},"end":{"line":316,"column":67}},"type":"if","locations":[{"start":{"line":316,"column":4},"end":{"line":316,"column":67}}]},"63":{"loc":{"start":{"line":316,"column":33},"end":{"line":316,"column":65}},"type":"binary-expr","locations":[{"start":{"line":316,"column":33},"end":{"line":316,"column":42}},{"start":{"line":316,"column":46},"end":{"line":316,"column":65}}]},"64":{"loc":{"start":{"line":322,"column":4},"end":{"line":322,"column":67}},"type":"if","locations":[{"start":{"line":322,"column":4},"end":{"line":322,"column":67}}]},"65":{"loc":{"start":{"line":322,"column":33},"end":{"line":322,"column":65}},"type":"binary-expr","locations":[{"start":{"line":322,"column":33},"end":{"line":322,"column":42}},{"start":{"line":322,"column":46},"end":{"line":322,"column":65}}]},"66":{"loc":{"start":{"line":327,"column":73},"end":{"line":327,"column":85}},"type":"binary-expr","locations":[{"start":{"line":327,"column":73},"end":{"line":327,"column":79}},{"start":{"line":327,"column":83},"end":{"line":327,"column":85}}]},"67":{"loc":{"start":{"line":328,"column":4},"end":{"line":328,"column":76}},"type":"if","locations":[{"start":{"line":328,"column":4},"end":{"line":328,"column":76}}]},"68":{"loc":{"start":{"line":328,"column":33},"end":{"line":328,"column":74}},"type":"binary-expr","locations":[{"start":{"line":328,"column":33},"end":{"line":328,"column":42}},{"start":{"line":328,"column":46},"end":{"line":328,"column":74}}]},"69":{"loc":{"start":{"line":334,"column":4},"end":{"line":334,"column":64}},"type":"if","locations":[{"start":{"line":334,"column":4},"end":{"line":334,"column":64}}]},"70":{"loc":{"start":{"line":334,"column":33},"end":{"line":334,"column":62}},"type":"binary-expr","locations":[{"start":{"line":334,"column":33},"end":{"line":334,"column":42}},{"start":{"line":334,"column":46},"end":{"line":334,"column":62}}]},"71":{"loc":{"start":{"line":340,"column":4},"end":{"line":340,"column":70}},"type":"if","locations":[{"start":{"line":340,"column":4},"end":{"line":340,"column":70}}]},"72":{"loc":{"start":{"line":340,"column":33},"end":{"line":340,"column":68}},"type":"binary-expr","locations":[{"start":{"line":340,"column":33},"end":{"line":340,"column":42}},{"start":{"line":340,"column":46},"end":{"line":340,"column":68}}]},"73":{"loc":{"start":{"line":345,"column":4},"end":{"line":345,"column":72}},"type":"if","locations":[{"start":{"line":345,"column":4},"end":{"line":345,"column":72}}]},"74":{"loc":{"start":{"line":345,"column":33},"end":{"line":345,"column":70}},"type":"binary-expr","locations":[{"start":{"line":345,"column":33},"end":{"line":345,"column":42}},{"start":{"line":345,"column":46},"end":{"line":345,"column":70}}]},"75":{"loc":{"start":{"line":350,"column":4},"end":{"line":350,"column":69}},"type":"if","locations":[{"start":{"line":350,"column":4},"end":{"line":350,"column":69}}]},"76":{"loc":{"start":{"line":350,"column":33},"end":{"line":350,"column":67}},"type":"binary-expr","locations":[{"start":{"line":350,"column":33},"end":{"line":350,"column":42}},{"start":{"line":350,"column":46},"end":{"line":350,"column":67}}]},"77":{"loc":{"start":{"line":355,"column":4},"end":{"line":355,"column":67}},"type":"if","locations":[{"start":{"line":355,"column":4},"end":{"line":355,"column":67}}]},"78":{"loc":{"start":{"line":355,"column":33},"end":{"line":355,"column":65}},"type":"binary-expr","locations":[{"start":{"line":355,"column":33},"end":{"line":355,"column":42}},{"start":{"line":355,"column":46},"end":{"line":355,"column":65}}]},"79":{"loc":{"start":{"line":360,"column":4},"end":{"line":360,"column":69}},"type":"if","locations":[{"start":{"line":360,"column":4},"end":{"line":360,"column":69}}]},"80":{"loc":{"start":{"line":360,"column":33},"end":{"line":360,"column":67}},"type":"binary-expr","locations":[{"start":{"line":360,"column":33},"end":{"line":360,"column":42}},{"start":{"line":360,"column":46},"end":{"line":360,"column":67}}]},"81":{"loc":{"start":{"line":365,"column":4},"end":{"line":365,"column":27}},"type":"if","locations":[{"start":{"line":365,"column":4},"end":{"line":365,"column":27}}]},"82":{"loc":{"start":{"line":388,"column":14},"end":{"line":388,"column":41}},"type":"default-arg","locations":[{"start":{"line":388,"column":39},"end":{"line":388,"column":41}}]},"83":{"loc":{"start":{"line":389,"column":16},"end":{"line":389,"column":40}},"type":"binary-expr","locations":[{"start":{"line":389,"column":16},"end":{"line":389,"column":25}},{"start":{"line":389,"column":29},"end":{"line":389,"column":40}}]},"84":{"loc":{"start":{"line":390,"column":16},"end":{"line":390,"column":34}},"type":"binary-expr","locations":[{"start":{"line":390,"column":16},"end":{"line":390,"column":25}},{"start":{"line":390,"column":29},"end":{"line":390,"column":34}}]},"85":{"loc":{"start":{"line":391,"column":21},"end":{"line":391,"column":44}},"type":"binary-expr","locations":[{"start":{"line":391,"column":21},"end":{"line":391,"column":35}},{"start":{"line":391,"column":39},"end":{"line":391,"column":44}}]},"86":{"loc":{"start":{"line":395,"column":4},"end":{"line":395,"column":28}},"type":"if","locations":[{"start":{"line":395,"column":4},"end":{"line":395,"column":28}}]},"87":{"loc":{"start":{"line":412,"column":12},"end":{"line":412,"column":90}},"type":"if","locations":[{"start":{"line":412,"column":12},"end":{"line":412,"column":90}}]},"88":{"loc":{"start":{"line":412,"column":16},"end":{"line":412,"column":42}},"type":"binary-expr","locations":[{"start":{"line":412,"column":16},"end":{"line":412,"column":20}},{"start":{"line":412,"column":24},"end":{"line":412,"column":42}}]},"89":{"loc":{"start":{"line":424,"column":35},"end":{"line":424,"column":62}},"type":"binary-expr","locations":[{"start":{"line":424,"column":35},"end":{"line":424,"column":44}},{"start":{"line":424,"column":48},"end":{"line":424,"column":62}}]},"90":{"loc":{"start":{"line":427,"column":6},"end":{"line":431,"column":7}},"type":"if","locations":[{"start":{"line":427,"column":6},"end":{"line":431,"column":7}}]},"91":{"loc":{"start":{"line":432,"column":6},"end":{"line":432,"column":83}},"type":"if","locations":[{"start":{"line":432,"column":6},"end":{"line":432,"column":83}}]},"92":{"loc":{"start":{"line":438,"column":4},"end":{"line":438,"column":62}},"type":"if","locations":[{"start":{"line":438,"column":4},"end":{"line":438,"column":62}}]},"93":{"loc":{"start":{"line":439,"column":4},"end":{"line":439,"column":50}},"type":"if","locations":[{"start":{"line":439,"column":4},"end":{"line":439,"column":50}}]},"94":{"loc":{"start":{"line":452,"column":6},"end":{"line":454,"column":7}},"type":"if","locations":[{"start":{"line":452,"column":6},"end":{"line":454,"column":7}}]},"95":{"loc":{"start":{"line":452,"column":10},"end":{"line":452,"column":54}},"type":"binary-expr","locations":[{"start":{"line":452,"column":10},"end":{"line":452,"column":22}},{"start":{"line":452,"column":26},"end":{"line":452,"column":54}}]},"96":{"loc":{"start":{"line":476,"column":4},"end":{"line":476,"column":66}},"type":"if","locations":[{"start":{"line":476,"column":4},"end":{"line":476,"column":66}}]},"97":{"loc":{"start":{"line":476,"column":33},"end":{"line":476,"column":64}},"type":"binary-expr","locations":[{"start":{"line":476,"column":33},"end":{"line":476,"column":42}},{"start":{"line":476,"column":46},"end":{"line":476,"column":64}}]},"98":{"loc":{"start":{"line":480,"column":34},"end":{"line":480,"column":52}},"type":"default-arg","locations":[{"start":{"line":480,"column":41},"end":{"line":480,"column":52}}]},"99":{"loc":{"start":{"line":482,"column":4},"end":{"line":482,"column":71}},"type":"if","locations":[{"start":{"line":482,"column":4},"end":{"line":482,"column":71}}]},"100":{"loc":{"start":{"line":482,"column":33},"end":{"line":482,"column":69}},"type":"binary-expr","locations":[{"start":{"line":482,"column":33},"end":{"line":482,"column":42}},{"start":{"line":482,"column":46},"end":{"line":482,"column":69}}]},"101":{"loc":{"start":{"line":488,"column":4},"end":{"line":488,"column":66}},"type":"if","locations":[{"start":{"line":488,"column":4},"end":{"line":488,"column":66}}]},"102":{"loc":{"start":{"line":488,"column":33},"end":{"line":488,"column":64}},"type":"binary-expr","locations":[{"start":{"line":488,"column":33},"end":{"line":488,"column":42}},{"start":{"line":488,"column":46},"end":{"line":488,"column":64}}]},"103":{"loc":{"start":{"line":494,"column":4},"end":{"line":494,"column":65}},"type":"if","locations":[{"start":{"line":494,"column":4},"end":{"line":494,"column":65}}]},"104":{"loc":{"start":{"line":494,"column":33},"end":{"line":494,"column":63}},"type":"binary-expr","locations":[{"start":{"line":494,"column":33},"end":{"line":494,"column":42}},{"start":{"line":494,"column":46},"end":{"line":494,"column":63}}]},"105":{"loc":{"start":{"line":507,"column":4},"end":{"line":507,"column":65}},"type":"if","locations":[{"start":{"line":507,"column":4},"end":{"line":507,"column":65}}]},"106":{"loc":{"start":{"line":507,"column":33},"end":{"line":507,"column":63}},"type":"binary-expr","locations":[{"start":{"line":507,"column":33},"end":{"line":507,"column":42}},{"start":{"line":507,"column":46},"end":{"line":507,"column":63}}]},"107":{"loc":{"start":{"line":513,"column":4},"end":{"line":513,"column":74}},"type":"if","locations":[{"start":{"line":513,"column":4},"end":{"line":513,"column":74}}]},"108":{"loc":{"start":{"line":513,"column":33},"end":{"line":513,"column":72}},"type":"binary-expr","locations":[{"start":{"line":513,"column":33},"end":{"line":513,"column":42}},{"start":{"line":513,"column":46},"end":{"line":513,"column":72}}]},"109":{"loc":{"start":{"line":519,"column":4},"end":{"line":519,"column":66}},"type":"if","locations":[{"start":{"line":519,"column":4},"end":{"line":519,"column":66}}]},"110":{"loc":{"start":{"line":519,"column":33},"end":{"line":519,"column":64}},"type":"binary-expr","locations":[{"start":{"line":519,"column":33},"end":{"line":519,"column":42}},{"start":{"line":519,"column":46},"end":{"line":519,"column":64}}]},"111":{"loc":{"start":{"line":525,"column":4},"end":{"line":525,"column":73}},"type":"if","locations":[{"start":{"line":525,"column":4},"end":{"line":525,"column":73}}]},"112":{"loc":{"start":{"line":525,"column":33},"end":{"line":525,"column":71}},"type":"binary-expr","locations":[{"start":{"line":525,"column":33},"end":{"line":525,"column":42}},{"start":{"line":525,"column":46},"end":{"line":525,"column":71}}]},"113":{"loc":{"start":{"line":531,"column":4},"end":{"line":531,"column":71}},"type":"if","locations":[{"start":{"line":531,"column":4},"end":{"line":531,"column":71}}]},"114":{"loc":{"start":{"line":531,"column":33},"end":{"line":531,"column":69}},"type":"binary-expr","locations":[{"start":{"line":531,"column":33},"end":{"line":531,"column":42}},{"start":{"line":531,"column":46},"end":{"line":531,"column":69}}]},"115":{"loc":{"start":{"line":537,"column":4},"end":{"line":537,"column":66}},"type":"if","locations":[{"start":{"line":537,"column":4},"end":{"line":537,"column":66}}]},"116":{"loc":{"start":{"line":537,"column":33},"end":{"line":537,"column":64}},"type":"binary-expr","locations":[{"start":{"line":537,"column":33},"end":{"line":537,"column":42}},{"start":{"line":537,"column":46},"end":{"line":537,"column":64}}]},"117":{"loc":{"start":{"line":542,"column":4},"end":{"line":542,"column":67}},"type":"if","locations":[{"start":{"line":542,"column":4},"end":{"line":542,"column":67}}]},"118":{"loc":{"start":{"line":542,"column":33},"end":{"line":542,"column":65}},"type":"binary-expr","locations":[{"start":{"line":542,"column":33},"end":{"line":542,"column":42}},{"start":{"line":542,"column":46},"end":{"line":542,"column":65}}]},"119":{"loc":{"start":{"line":548,"column":4},"end":{"line":548,"column":67}},"type":"if","locations":[{"start":{"line":548,"column":4},"end":{"line":548,"column":67}}]},"120":{"loc":{"start":{"line":548,"column":33},"end":{"line":548,"column":65}},"type":"binary-expr","locations":[{"start":{"line":548,"column":33},"end":{"line":548,"column":42}},{"start":{"line":548,"column":46},"end":{"line":548,"column":65}}]},"121":{"loc":{"start":{"line":554,"column":4},"end":{"line":554,"column":66}},"type":"if","locations":[{"start":{"line":554,"column":4},"end":{"line":554,"column":66}}]},"122":{"loc":{"start":{"line":554,"column":33},"end":{"line":554,"column":64}},"type":"binary-expr","locations":[{"start":{"line":554,"column":33},"end":{"line":554,"column":42}},{"start":{"line":554,"column":46},"end":{"line":554,"column":64}}]},"123":{"loc":{"start":{"line":563,"column":4},"end":{"line":563,"column":70}},"type":"if","locations":[{"start":{"line":563,"column":4},"end":{"line":563,"column":70}}]},"124":{"loc":{"start":{"line":563,"column":33},"end":{"line":563,"column":68}},"type":"binary-expr","locations":[{"start":{"line":563,"column":33},"end":{"line":563,"column":42}},{"start":{"line":563,"column":46},"end":{"line":563,"column":68}}]},"125":{"loc":{"start":{"line":572,"column":4},"end":{"line":572,"column":73}},"type":"if","locations":[{"start":{"line":572,"column":4},"end":{"line":572,"column":73}}]},"126":{"loc":{"start":{"line":572,"column":33},"end":{"line":572,"column":71}},"type":"binary-expr","locations":[{"start":{"line":572,"column":33},"end":{"line":572,"column":42}},{"start":{"line":572,"column":46},"end":{"line":572,"column":71}}]},"127":{"loc":{"start":{"line":577,"column":4},"end":{"line":577,"column":67}},"type":"if","locations":[{"start":{"line":577,"column":4},"end":{"line":577,"column":67}}]},"128":{"loc":{"start":{"line":577,"column":33},"end":{"line":577,"column":65}},"type":"binary-expr","locations":[{"start":{"line":577,"column":33},"end":{"line":577,"column":42}},{"start":{"line":577,"column":46},"end":{"line":577,"column":65}}]},"129":{"loc":{"start":{"line":587,"column":4},"end":{"line":587,"column":75}},"type":"if","locations":[{"start":{"line":587,"column":4},"end":{"line":587,"column":75}}]},"130":{"loc":{"start":{"line":587,"column":33},"end":{"line":587,"column":73}},"type":"binary-expr","locations":[{"start":{"line":587,"column":33},"end":{"line":587,"column":42}},{"start":{"line":587,"column":46},"end":{"line":587,"column":73}}]},"131":{"loc":{"start":{"line":591,"column":73},"end":{"line":591,"column":85}},"type":"binary-expr","locations":[{"start":{"line":591,"column":73},"end":{"line":591,"column":79}},{"start":{"line":591,"column":83},"end":{"line":591,"column":85}}]},"132":{"loc":{"start":{"line":592,"column":4},"end":{"line":592,"column":76}},"type":"if","locations":[{"start":{"line":592,"column":4},"end":{"line":592,"column":76}}]},"133":{"loc":{"start":{"line":592,"column":33},"end":{"line":592,"column":74}},"type":"binary-expr","locations":[{"start":{"line":592,"column":33},"end":{"line":592,"column":42}},{"start":{"line":592,"column":46},"end":{"line":592,"column":74}}]},"134":{"loc":{"start":{"line":598,"column":4},"end":{"line":598,"column":64}},"type":"if","locations":[{"start":{"line":598,"column":4},"end":{"line":598,"column":64}}]},"135":{"loc":{"start":{"line":598,"column":33},"end":{"line":598,"column":62}},"type":"binary-expr","locations":[{"start":{"line":598,"column":33},"end":{"line":598,"column":42}},{"start":{"line":598,"column":46},"end":{"line":598,"column":62}}]},"136":{"loc":{"start":{"line":604,"column":4},"end":{"line":604,"column":70}},"type":"if","locations":[{"start":{"line":604,"column":4},"end":{"line":604,"column":70}}]},"137":{"loc":{"start":{"line":604,"column":33},"end":{"line":604,"column":68}},"type":"binary-expr","locations":[{"start":{"line":604,"column":33},"end":{"line":604,"column":42}},{"start":{"line":604,"column":46},"end":{"line":604,"column":68}}]},"138":{"loc":{"start":{"line":609,"column":4},"end":{"line":609,"column":72}},"type":"if","locations":[{"start":{"line":609,"column":4},"end":{"line":609,"column":72}}]},"139":{"loc":{"start":{"line":609,"column":33},"end":{"line":609,"column":70}},"type":"binary-expr","locations":[{"start":{"line":609,"column":33},"end":{"line":609,"column":42}},{"start":{"line":609,"column":46},"end":{"line":609,"column":70}}]},"140":{"loc":{"start":{"line":614,"column":4},"end":{"line":614,"column":69}},"type":"if","locations":[{"start":{"line":614,"column":4},"end":{"line":614,"column":69}}]},"141":{"loc":{"start":{"line":614,"column":33},"end":{"line":614,"column":67}},"type":"binary-expr","locations":[{"start":{"line":614,"column":33},"end":{"line":614,"column":42}},{"start":{"line":614,"column":46},"end":{"line":614,"column":67}}]},"142":{"loc":{"start":{"line":619,"column":4},"end":{"line":619,"column":67}},"type":"if","locations":[{"start":{"line":619,"column":4},"end":{"line":619,"column":67}}]},"143":{"loc":{"start":{"line":619,"column":33},"end":{"line":619,"column":65}},"type":"binary-expr","locations":[{"start":{"line":619,"column":33},"end":{"line":619,"column":42}},{"start":{"line":619,"column":46},"end":{"line":619,"column":65}}]},"144":{"loc":{"start":{"line":624,"column":4},"end":{"line":624,"column":69}},"type":"if","locations":[{"start":{"line":624,"column":4},"end":{"line":624,"column":69}}]},"145":{"loc":{"start":{"line":624,"column":33},"end":{"line":624,"column":67}},"type":"binary-expr","locations":[{"start":{"line":624,"column":33},"end":{"line":624,"column":42}},{"start":{"line":624,"column":46},"end":{"line":624,"column":67}}]},"146":{"loc":{"start":{"line":629,"column":4},"end":{"line":629,"column":29}},"type":"if","locations":[{"start":{"line":629,"column":4},"end":{"line":629,"column":29}}]}},"s":{"0":2,"1":2,"2":2,"3":2,"4":55,"5":55,"6":55,"7":55,"8":55,"9":55,"10":55,"11":35,"12":1,"13":34,"14":34,"15":34,"16":34,"17":34,"18":34,"19":34,"20":34,"21":34,"22":34,"23":34,"24":0,"25":34,"26":34,"27":34,"28":1,"29":33,"30":33,"31":0,"32":0,"33":0,"34":0,"35":0,"36":33,"37":93,"38":33,"39":0,"40":33,"41":34,"42":34,"43":0,"44":0,"45":33,"46":33,"47":33,"48":33,"49":33,"50":0,"51":0,"52":0,"53":0,"54":0,"55":0,"56":33,"57":0,"58":33,"59":33,"60":33,"61":0,"62":33,"63":33,"64":33,"65":33,"66":33,"67":0,"68":0,"69":93,"70":93,"71":95,"72":95,"73":367,"74":367,"75":93,"76":93,"77":93,"78":274,"79":2,"80":272,"81":272,"82":65,"83":4,"84":61,"85":2,"86":59,"87":1,"88":58,"89":0,"90":58,"91":58,"92":58,"93":58,"94":62,"95":60,"96":60,"97":4,"98":56,"99":56,"100":56,"101":0,"102":0,"103":7,"104":3,"105":0,"106":0,"107":0,"108":0,"109":4,"110":3,"111":1,"112":2,"113":5,"114":4,"115":1,"116":3,"117":2,"118":2,"119":0,"120":2,"121":2,"122":2,"123":0,"124":2,"125":3,"126":3,"127":0,"128":3,"129":2,"130":2,"131":0,"132":2,"133":2,"134":0,"135":2,"136":2,"137":2,"138":0,"139":2,"140":2,"141":0,"142":2,"143":0,"144":0,"145":0,"146":0,"147":0,"148":0,"149":0,"150":0,"151":0,"152":0,"153":0,"154":0,"155":0,"156":0,"157":0,"158":0,"159":0,"160":0,"161":0,"162":0,"163":0,"164":0,"165":0,"166":0,"167":0,"168":0,"169":0,"170":0,"171":0,"172":0,"173":0,"174":0,"175":0,"176":0,"177":0,"178":0,"179":0,"180":0,"181":0,"182":0,"183":0,"184":0,"185":0,"186":41,"187":7,"188":34,"189":34,"190":34,"191":34,"192":2,"193":0,"194":0,"195":0,"196":0,"197":0,"198":0,"199":0,"200":0,"201":0,"202":0,"203":0,"204":0,"205":0,"206":0,"207":0,"208":0,"209":0,"210":0,"211":0,"212":0,"213":0,"214":0,"215":0,"216":0,"217":0,"218":0,"219":0,"220":0,"221":0,"222":0,"223":0,"224":0,"225":0,"226":0,"227":0,"228":0,"229":0,"230":0,"231":0,"232":0,"233":0,"234":0,"235":0,"236":0,"237":0,"238":0,"239":0,"240":0,"241":0,"242":0,"243":0,"244":0,"245":0,"246":0,"247":0,"248":0,"249":0,"250":0,"251":0,"252":0,"253":0,"254":0,"255":0,"256":0,"257":0,"258":0,"259":0,"260":0,"261":0,"262":0,"263":0,"264":0,"265":0,"266":0,"267":0,"268":0,"269":0,"270":0,"271":0,"272":0,"273":0,"274":0,"275":0,"276":0,"277":0,"278":0,"279":0,"280":0,"281":0,"282":0,"283":0,"284":0,"285":0,"286":0,"287":0,"288":0,"289":0,"290":0,"291":0,"292":0,"293":0,"294":0,"295":0,"296":0,"297":0,"298":0,"299":0,"300":0,"301":0,"302":0,"303":0,"304":0,"305":0,"306":0,"307":0,"308":0,"309":0,"310":0,"311":0,"312":0,"313":0,"314":0,"315":0,"316":0,"317":0,"318":0,"319":0,"320":0,"321":0,"322":0,"323":0,"324":0,"325":0,"326":0,"327":0,"328":0,"329":0,"330":0,"331":0,"332":0,"333":0,"334":0,"335":0,"336":0,"337":0,"338":0,"339":0,"340":0,"341":0,"342":0,"343":0,"344":0,"345":2},"f":{"0":55,"1":35,"2":0,"3":93,"4":0,"5":34,"6":93,"7":95,"8":272,"9":65,"10":7,"11":0,"12":4,"13":5,"14":2,"15":2,"16":3,"17":2,"18":2,"19":2,"20":2,"21":0,"22":0,"23":0,"24":0,"25":0,"26":0,"27":0,"28":0,"29":0,"30":0,"31":0,"32":0,"33":41,"34":0,"35":0,"36":0,"37":0,"38":0,"39":0,"40":0,"41":0,"42":0,"43":0,"44":0,"45":0,"46":0,"47":0,"48":0,"49":0,"50":0,"51":0,"52":0,"53":0,"54":0,"55":0,"56":0,"57":0,"58":0,"59":0,"60":0,"61":0,"62":0,"63":0,"64":0,"65":0,"66":0,"67":0,"68":0,"69":0,"70":0},"b":{"0":[17],"1":[55,18],"2":[55,18],"3":[55,55],"4":[55,55],"5":[55,17],"6":[1],"7":[34,0,0],"8":[1,33],"9":[34,33],"10":[0,34],"11":[0,34],"12":[1],"13":[34,34],"14":[34,0],"15":[0],"16":[0],"17":[0],"18":[0,0],"19":[0],"20":[0],"21":[0],"22":[33,33],"23":[33],"24":[33,33],"25":[95,0],"26":[93],"27":[2],"28":[4],"29":[65,61],"30":[2],"31":[1],"32":[0],"33":[4],"34":[60,60],"35":[0],"36":[0,0],"37":[3],"38":[1],"39":[1,0],"40":[1],"41":[1,0],"42":[0],"43":[0,0],"44":[0],"45":[0,0],"46":[0],"47":[0,0],"48":[0],"49":[0,0],"50":[0],"51":[0,0],"52":[0],"53":[0,0],"54":[0],"55":[0,0],"56":[0],"57":[0,0],"58":[0],"59":[0,0],"60":[0],"61":[0,0],"62":[0],"63":[0,0],"64":[0],"65":[0,0],"66":[0,0],"67":[0],"68":[0,0],"69":[0],"70":[0,0],"71":[0],"72":[0,0],"73":[0],"74":[0,0],"75":[0],"76":[0,0],"77":[0],"78":[0,0],"79":[0],"80":[0,0],"81":[7],"82":[0],"83":[0,0],"84":[0,0],"85":[0,0],"86":[0],"87":[0],"88":[0,0],"89":[0,0],"90":[0],"91":[0],"92":[0],"93":[0],"94":[0],"95":[0,0],"96":[0],"97":[0,0],"98":[0],"99":[0],"100":[0,0],"101":[0],"102":[0,0],"103":[0],"104":[0,0],"105":[0],"106":[0,0],"107":[0],"108":[0,0],"109":[0],"110":[0,0],"111":[0],"112":[0,0],"113":[0],"114":[0,0],"115":[0],"116":[0,0],"117":[0],"118":[0,0],"119":[0],"120":[0,0],"121":[0],"122":[0,0],"123":[0],"124":[0,0],"125":[0],"126":[0,0],"127":[0],"128":[0,0],"129":[0],"130":[0,0],"131":[0,0],"132":[0],"133":[0,0],"134":[0],"135":[0,0],"136":[0],"137":[0,0],"138":[0],"139":[0,0],"140":[0],"141":[0,0],"142":[0],"143":[0,0],"144":[0],"145":[0,0],"146":[0]}}
,"/Users/ianderse/Projects/pob-mcp-server/src/handlers/buildHandlers.ts": {"path":"/Users/ianderse/Projects/pob-mcp-server/src/handlers/buildHandlers.ts","statementMap":{"0":{"start":{"line":10,"column":0},"end":{"line":10,"column":7}},"1":{"start":{"line":24,"column":0},"end":{"line":24,"column":7}},"2":{"start":{"line":66,"column":0},"end":{"line":66,"column":7}},"3":{"start":{"line":108,"column":0},"end":{"line":108,"column":7}},"4":{"start":{"line":11,"column":17},"end":{"line":11,"column":56}},"5":{"start":{"line":12,"column":2},"end":{"line":21,"column":4}},"6":{"start":{"line":17,"column":55},"end":{"line":17,"column":71}},"7":{"start":{"line":25,"column":16},"end":{"line":25,"column":63}},"8":{"start":{"line":26,"column":16},"end":{"line":26,"column":64}},"9":{"start":{"line":29,"column":2},"end":{"line":54,"column":3}},"10":{"start":{"line":30,"column":25},"end":{"line":30,"column":76}},"11":{"start":{"line":31,"column":4},"end":{"line":35,"column":5}},"12":{"start":{"line":32,"column":6},"end":{"line":32,"column":50}},"13":{"start":{"line":34,"column":6},"end":{"line":34,"column":89}},"14":{"start":{"line":37,"column":21},"end":{"line":37,"column":75}},"15":{"start":{"line":38,"column":4},"end":{"line":53,"column":5}},"16":{"start":{"line":40,"column":6},"end":{"line":47,"column":8}},"17":{"start":{"line":50,"column":6},"end":{"line":50,"column":46}},"18":{"start":{"line":51,"column":6},"end":{"line":51,"column":68}},"19":{"start":{"line":52,"column":6},"end":{"line":52,"column":69}},"20":{"start":{"line":56,"column":2},"end":{"line":63,"column":4}},"21":{"start":{"line":67,"column":17},"end":{"line":67,"column":65}},"22":{"start":{"line":68,"column":17},"end":{"line":68,"column":65}},"23":{"start":{"line":70,"column":19},"end":{"line":70,"column":49}},"24":{"start":{"line":71,"column":2},"end":{"line":71,"column":43}},"25":{"start":{"line":72,"column":2},"end":{"line":72,"column":45}},"26":{"start":{"line":75,"column":2},"end":{"line":75,"column":84}},"27":{"start":{"line":76,"column":2},"end":{"line":76,"column":103}},"28":{"start":{"line":79,"column":2},"end":{"line":79,"column":49}},"29":{"start":{"line":80,"column":17},"end":{"line":80,"column":41}},"30":{"start":{"line":81,"column":17},"end":{"line":81,"column":41}},"31":{"start":{"line":83,"column":2},"end":{"line":96,"column":3}},"32":{"start":{"line":84,"column":24},"end":{"line":84,"column":65}},"33":{"start":{"line":85,"column":24},"end":{"line":85,"column":65}},"34":{"start":{"line":87,"column":21},"end":{"line":87,"column":69}},"35":{"start":{"line":87,"column":50},"end":{"line":87,"column":67}},"36":{"start":{"line":88,"column":21},"end":{"line":88,"column":69}},"37":{"start":{"line":88,"column":50},"end":{"line":88,"column":67}},"38":{"start":{"line":90,"column":4},"end":{"line":95,"column":5}},"39":{"start":{"line":91,"column":21},"end":{"line":91,"column":39}},"40":{"start":{"line":92,"column":6},"end":{"line":94,"column":7}},"41":{"start":{"line":93,"column":8},"end":{"line":93,"column":58}},"42":{"start":{"line":98,"column":2},"end":{"line":105,"column":4}},"43":{"start":{"line":109,"column":16},"end":{"line":109,"column":63}},"44":{"start":{"line":111,"column":18},"end":{"line":111,"column":54}},"45":{"start":{"line":113,"column":2},"end":{"line":123,"column":3}},"46":{"start":{"line":114,"column":18},"end":{"line":116,"column":32}},"47":{"start":{"line":118,"column":4},"end":{"line":120,"column":5}},"48":{"start":{"line":119,"column":6},"end":{"line":119,"column":51}},"49":{"start":{"line":122,"column":4},"end":{"line":122,"column":46}},"50":{"start":{"line":125,"column":2},"end":{"line":132,"column":4}},"51":{"start":{"line":136,"column":15},"end":{"line":136,"column":41}},"52":{"start":{"line":139,"column":2},"end":{"line":143,"column":3}},"53":{"start":{"line":140,"column":4},"end":{"line":140,"column":82}},"54":{"start":{"line":141,"column":4},"end":{"line":141,"column":85}},"55":{"start":{"line":142,"column":4},"end":{"line":142,"column":76}},"56":{"start":{"line":145,"column":2},"end":{"line":145,"column":56}},"57":{"start":{"line":146,"column":2},"end":{"line":146,"column":94}},"58":{"start":{"line":148,"column":2},"end":{"line":151,"column":3}},"59":{"start":{"line":149,"column":4},"end":{"line":149,"column":96}},"60":{"start":{"line":150,"column":4},"end":{"line":150,"column":59}},"61":{"start":{"line":154,"column":2},"end":{"line":163,"column":3}},"62":{"start":{"line":155,"column":4},"end":{"line":155,"column":72}},"63":{"start":{"line":156,"column":4},"end":{"line":162,"column":5}},"64":{"start":{"line":157,"column":6},"end":{"line":157,"column":37}},"65":{"start":{"line":158,"column":6},"end":{"line":160,"column":7}},"66":{"start":{"line":159,"column":8},"end":{"line":159,"column":51}},"67":{"start":{"line":161,"column":6},"end":{"line":161,"column":21}},"68":{"start":{"line":166,"column":2},"end":{"line":181,"column":3}},"69":{"start":{"line":167,"column":4},"end":{"line":167,"column":78}},"70":{"start":{"line":169,"column":28},"end":{"line":169,"column":58}},"71":{"start":{"line":170,"column":4},"end":{"line":177,"column":5}},"72":{"start":{"line":171,"column":6},"end":{"line":171,"column":49}},"73":{"start":{"line":172,"column":6},"end":{"line":175,"column":7}},"74":{"start":{"line":173,"column":28},"end":{"line":173,"column":69}},"75":{"start":{"line":174,"column":8},"end":{"line":174,"column":37}},"76":{"start":{"line":176,"column":6},"end":{"line":176,"column":21}},"77":{"start":{"line":178,"column":4},"end":{"line":180,"column":5}},"78":{"start":{"line":179,"column":6},"end":{"line":179,"column":75}},"79":{"start":{"line":184,"column":2},"end":{"line":186,"column":3}},"80":{"start":{"line":185,"column":4},"end":{"line":185,"column":71}},"81":{"start":{"line":189,"column":2},"end":{"line":189,"column":60}},"82":{"start":{"line":190,"column":2},"end":{"line":190,"column":60}},"83":{"start":{"line":191,"column":2},"end":{"line":191,"column":44}},"84":{"start":{"line":194,"column":2},"end":{"line":194,"column":68}},"85":{"start":{"line":195,"column":23},"end":{"line":195,"column":50}},"86":{"start":{"line":196,"column":2},"end":{"line":196,"column":55}},"87":{"start":{"line":199,"column":2},"end":{"line":242,"column":3}},"88":{"start":{"line":200,"column":4},"end":{"line":200,"column":53}},"89":{"start":{"line":202,"column":25},"end":{"line":202,"column":92}},"90":{"start":{"line":202,"column":70},"end":{"line":202,"column":91}},"91":{"start":{"line":203,"column":27},"end":{"line":203,"column":96}},"92":{"start":{"line":203,"column":72},"end":{"line":203,"column":95}},"93":{"start":{"line":204,"column":24},"end":{"line":204,"column":90}},"94":{"start":{"line":204,"column":69},"end":{"line":204,"column":89}},"95":{"start":{"line":206,"column":4},"end":{"line":218,"column":5}},"96":{"start":{"line":207,"column":6},"end":{"line":207,"column":37}},"97":{"start":{"line":208,"column":6},"end":{"line":217,"column":7}},"98":{"start":{"line":209,"column":8},"end":{"line":209,"column":44}},"99":{"start":{"line":210,"column":8},"end":{"line":210,"column":50}},"100":{"start":{"line":211,"column":8},"end":{"line":213,"column":9}},"101":{"start":{"line":212,"column":10},"end":{"line":212,"column":78}},"102":{"start":{"line":214,"column":8},"end":{"line":216,"column":9}},"103":{"start":{"line":215,"column":10},"end":{"line":215,"column":70}},"104":{"start":{"line":220,"column":4},"end":{"line":232,"column":5}},"105":{"start":{"line":221,"column":6},"end":{"line":221,"column":39}},"106":{"start":{"line":222,"column":6},"end":{"line":231,"column":7}},"107":{"start":{"line":223,"column":8},"end":{"line":223,"column":44}},"108":{"start":{"line":224,"column":8},"end":{"line":224,"column":50}},"109":{"start":{"line":225,"column":8},"end":{"line":227,"column":9}},"110":{"start":{"line":226,"column":10},"end":{"line
[...]
:785,"column":30},"end":{"line":785,"column":42}},{"start":{"line":785,"column":46},"end":{"line":785,"column":65}}]},"131":{"loc":{"start":{"line":797,"column":29},"end":{"line":797,"column":48}},"type":"binary-expr","locations":[{"start":{"line":797,"column":29},"end":{"line":797,"column":42}},{"start":{"line":797,"column":46},"end":{"line":797,"column":48}}]},"132":{"loc":{"start":{"line":797,"column":55},"end":{"line":797,"column":73}},"type":"binary-expr","locations":[{"start":{"line":797,"column":55},"end":{"line":797,"column":67}},{"start":{"line":797,"column":71},"end":{"line":797,"column":73}}]},"133":{"loc":{"start":{"line":800,"column":8},"end":{"line":800,"column":51}},"type":"if","locations":[{"start":{"line":800,"column":8},"end":{"line":800,"column":51}}]},"134":{"loc":{"start":{"line":803,"column":8},"end":{"line":808,"column":9}},"type":"if","locations":[{"start":{"line":803,"column":8},"end":{"line":808,"column":9}}]},"135":{"loc":{"start":{"line":803,"column":12},"end":{"line":803,"column":67}},"type":"binary-expr","locations":[{"start":{"line":803,"column":12},"end":{"line":803,"column":20}},{"start":{"line":803,"column":25},"end":{"line":803,"column":43}},{"start":{"line":803,"column":47},"end":{"line":803,"column":66}}]},"136":{"loc":{"start":{"line":805,"column":10},"end":{"line":807,"column":11}},"type":"if","locations":[{"start":{"line":805,"column":10},"end":{"line":807,"column":11}}]},"137":{"loc":{"start":{"line":829,"column":18},"end":{"line":829,"column":59}},"type":"cond-expr","locations":[{"start":{"line":829,"column":42},"end":{"line":829,"column":48}},{"start":{"line":829,"column":51},"end":{"line":829,"column":59}}]},"138":{"loc":{"start":{"line":838,"column":4},"end":{"line":846,"column":5}},"type":"if","locations":[{"start":{"line":838,"column":4},"end":{"line":846,"column":5}}]},"139":{"loc":{"start":{"line":849,"column":4},"end":{"line":858,"column":5}},"type":"if","locations":[{"start":{"line":849,"column":4},"end":{"line":858,"column":5}}]},"140":{"loc":{"start":{"line":850,"column":54},"end":{"line":850,"column":81}},"type":"binary-expr","locations":[{"start":{"line":850,"column":54},"end":{"line":850,"column":60}},{"start":{"line":850,"column":64},"end":{"line":850,"column":81}}]},"141":{"loc":{"start":{"line":884,"column":39},"end":{"line":884,"column":78}},"type":"binary-expr","locations":[{"start":{"line":884,"column":39},"end":{"line":884,"column":64}},{"start":{"line":884,"column":68},"end":{"line":884,"column":78}}]},"142":{"loc":{"start":{"line":896,"column":6},"end":{"line":898,"column":7}},"type":"if","locations":[{"start":{"line":896,"column":6},"end":{"line":898,"column":7}}]},"143":{"loc":{"start":{"line":902,"column":6},"end":{"line":904,"column":7}},"type":"if","locations":[{"start":{"line":902,"column":6},"end":{"line":904,"column":7}}]},"144":{"loc":{"start":{"line":913,"column":6},"end":{"line":932,"column":7}},"type":"if","locations":[{"start":{"line":913,"column":6},"end":{"line":932,"column":7}}]},"145":{"loc":{"start":{"line":918,"column":8},"end":{"line":929,"column":9}},"type":"if","locations":[{"start":{"line":918,"column":8},"end":{"line":929,"column":9}},{"start":{"line":927,"column":15},"end":{"line":929,"column":9}}]},"146":{"loc":{"start":{"line":949,"column":30},"end":{"line":949,"column":99}},"type":"binary-expr","locations":[{"start":{"line":949,"column":30},"end":{"line":949,"column":56}},{"start":{"line":949,"column":60},"end":{"line":949,"column":99}}]}},"s":{"0":1,"1":28,"2":28,"3":0,"4":0,"5":0,"6":0,"7":0,"8":0,"9":0,"10":0,"11":2,"12":1,"13":1,"14":1,"15":1,"16":0,"17":0,"18":0,"19":0,"20":0,"21":0,"22":0,"23":0,"24":0,"25":0,"26":0,"27":0,"28":0,"29":0,"30":0,"31":0,"32":0,"33":0,"34":0,"35":0,"36":0,"37":0,"38":0,"39":0,"40":0,"41":0,"42":0,"43":0,"44":0,"45":0,"46":0,"47":0,"48":0,"49":0,"50":0,"51":0,"52":0,"53":0,"54":0,"55":0,"56":0,"57":0,"58":0,"59":0,"60":0,"61":0,"62":0,"63":0,"64":0,"65":0,"66":0,"67":0,"68":0,"69":0,"70":0,"71":0,"72":0,"73":0,"74":0,"75":0,"76":0,"77":0,"78":0,"79":0,"80":0,"81":0,"82":0,"83":0,"84":0,"85":0,"86":0,"87":0,"88":0,"89":0,"90":0,"91":0,"92":0,"93":0,"94":0,"95":0,"96":0,"97":0,"98":0,"99":0,"100":0,"101":0,"102":0,"103":0,"104":0,"105":0,"106":0,"107":0,"108":4,"109":4,"110":4,"111":7,"112":7,"113":2,"114":5,"115":5,"116":1,"117":4,"118":4,"119":5,"120":5,"121":5,"122":5,"123":5,"124":11,"125":1,"126":10,"127":4,"128":6,"129":1,"130":5,"131":5,"132":3,"133":3,"134":3,"135":3,"136":3,"137":6,"138":6,"139":6,"140":4,"141":4,"142":4,"143":2,"144":2,"145":2,"146":1,"147":1,"148":1,"149":0,"150":0,"151":1,"152":1,"153":1,"154":0,"155":0,"156":0,"157":0,"158":0,"159":0,"160":0,"161":0,"162":0,"163":0,"164":0,"165":0,"166":6,"167":6,"168":6,"169":9,"170":9,"171":4,"172":9,"173":4,"174":6,"175":1,"176":1,"177":1,"178":5,"179":1,"180":1,"181":1,"182":6,"183":1,"184":5,"185":0,"186":0,"187":0,"188":0,"189":0,"190":0,"191":0,"192":0,"193":0,"194":0,"195":0,"196":0,"197":0,"198":0,"199":0,"200":0,"201":0,"202":0,"203":0,"204":0,"205":0,"206":0,"207":0,"208":0,"209":0,"210":0,"211":0,"212":0,"213":0,"214":0,"215":0,"216":0,"217":0,"218":0,"219":0,"220":0,"221":0,"222":0,"223":0,"224":0,"225":0,"226":0,"227":0,"228":0,"229":0,"230":0,"231":0,"232":0,"233":0,"234":0,"235":0,"236":0,"237":0,"238":0,"239":0,"240":0,"241":0,"242":0,"243":0,"244":0,"245":0,"246":0,"247":0,"248":0,"249":0,"250":0,"251":0,"252":0,"253":0,"254":0,"255":0,"256":0,"257":0,"258":0,"259":0,"260":0,"261":0,"262":0,"263":0,"264":0,"265":0,"266":0,"267":0,"268":0,"269":0,"270":0,"271":0,"272":0,"273":0,"274":0,"275":0,"276":0,"277":0,"278":0,"279":0,"280":0,"281":0,"282":0,"283":0,"284":0,"285":3,"286":3,"287":3,"288":3,"289":10,"290":6,"291":6,"292":4,"293":4,"294":10,"295":3,"296":9,"297":9,"298":9,"299":22,"300":22,"301":8,"302":8,"303":9,"304":1,"305":8,"306":2,"307":6,"308":6,"309":6,"310":0,"311":6,"312":5,"313":0,"314":5,"315":5,"316":5,"317":2,"318":2,"319":3,"320":3,"321":2,"322":1,"323":1,"324":1,"325":2,"326":2,"327":1,"328":1,"329":5,"330":5,"331":5,"332":5,"333":1,"334":4,"335":4,"336":1,"337":3,"338":1,"339":2,"340":1,"341":1,"342":0,"343":0,"344":0,"345":0,"346":0,"347":0,"348":0,"349":0,"350":0,"351":0,"352":0,"353":0,"354":0,"355":0,"356":0,"357":0,"358":0,"359":0,"360":0,"361":0,"362":0,"363":0,"364":0,"365":0,"366":0,"367":0,"368":0,"369":0,"370":0,"371":0,"372":0,"373":0,"374":0,"375":0,"376":0,"377":0,"378":0,"379":0,"380":0,"381":0,"382":0,"383":0,"384":0,"385":0,"386":0,"387":0,"388":0,"389":0,"390":0,"391":0,"392":0,"393":0,"394":0,"395":0,"396":0,"397":0,"398":0,"399":0,"400":0,"401":0,"402":0,"403":0,"404":0,"405":0,"406":0,"407":0,"408":0,"409":0,"410":0,"411":0,"412":0,"413":0,"414":0,"415":0,"416":0,"417":0,"418":0,"419":0,"420":0,"421":0,"422":0,"423":0,"424":0,"425":0,"426":0,"427":0,"428":0,"429":0,"430":0,"431":0,"432":0,"433":0,"434":0,"435":0,"436":0,"437":0,"438":0,"439":0,"440":0,"441":0,"442":0,"443":0,"444":0,"445":0,"446":0,"447":0,"448":0,"449":0,"450":0,"451":0,"452":0,"453":0,"454":0,"455":0,"456":0,"457":0,"458":0,"459":0,"460":0,"461":0,"462":0,"463":0,"464":0,"465":0,"466":0,"467":0,"468":0,"469":0,"470":0,"471":0,"472":0,"473":0,"474":0,"475":0,"476":0,"477":1},"f":{"0":28,"1":0,"2":2,"3":0,"4":0,"5":0,"6":0,"7":0,"8":0,"9":0,"10":0,"11":0,"12":0,"13":4,"14":5,"15":3,"16":6,"17":0,"18":0,"19":3,"20":5,"21":0,"22":0,"23":0,"24":0,"25":0,"26":0,"27":0,"28":0,"29":0,"30":0,"31":0,"32":0,"33":0,"34":0,"35":0,"36":0,"37":0,"38":0},"b":{"0":[0],"1":[0],"2":[1,1],"3":[0],"4":[0],"5":[0],"6":[0],"7":[0,0],"8":[0,0],"9":[0],"10":[0],"11":[0],"12":[0],"13":[0],"14":[0],"15":[0],"16":[0],"17":[0],"18":[0],"19":[0],"20":[0],"21":[0],"22":[0],"23":[0],"24":[0],"25":[0],"26":[0],"27":[0,0],"28":[0],"29":[2],"30":[1,4],"31":[1,10],"32":[4,6],"33":[10,7],"34":[1,5],"35":[3,1],"36":[4,0],"37":[4,4],"38":[2,2],"39":[1,1],"40":[0,1],"41":[1,1],"42":[1,0],"43":[0,0],"44":[0,0],"45":[0,0],"46":[0],"47":[9,0],"48":[4],"49":[4],"50":[1,5],"51":[6,1],"52":[1],"53":[1],"54":[5,1],"55":[1],"56":[1],"57":[0,0],"58":[0,0],"59":[0],"60":[0],"61":[0,0],"62":[0],"63":[0,0],"64":[0],"65":[0,0],"66":[0],"67":[0],"68":[0],"69":[0],"70":[0,0],"71":[0],"72":[0],"73":[0],"74":[0],"75":[0,0],"76":[0],"77":[0,0,0,0,0],"78":[0],"79":[0,0],"80":[0,0],"81":[0],"82":[0,0],"83":[0,0],"84":[0],"85":[0,0],"86":[0],"87":[0],"88":[0,0],"89":[0],"90":[0,0],"91":[0],"92":[0],"93":[0],"94":[6,4],"95":[22,0],"96":[8],"97":[1],"98":[9,8],"99":[2],"100":[0],"101":[6,0],"102":[0],"103":[5,0],"104":[2],"105":[2],"106":[3,2],"107":[3,3],"108":[2,0],"109":[1],"110":[1,3],"111":[1,2],"112":[1,1],"113":[0],"114":[0],"115":[0],"116":[0],"117":[0],"118":[0,0],"119":[0],"120":[0],"121":[0,0],"122":[0],"123":[0],"124":[0,0],"125":[0],"126":[0,0],"127":[0,0],"128":[0,0],"129":[0,0],"130":[0,0],"131":[0,0],"132":[0,0],"133":[0],"134":[0],"135":[0,0,0],"136":[0],"137":[0,0],"138":[0],"139":[0],"140":[0,0],"141":[0,0],"142":[0],"143":[0],"144":[0],"145":[0,0],"146":[0,0]}}
,"/Users/ianderse/Projects/pob-mcp-server/src/services/watchService.ts": {"path":"/Users/ianderse/Projects/pob-mcp-server/src/services/watchService.ts","statementMap":{"0":{"start":{"line":1,"column":0},"end":{"line":1,"column":32}},"1":{"start":{"line":2,"column":0},"end":{"line":2,"column":24}},"2":{"start":{"line":13,"column":62},"end":{"line":13,"column":66}},"3":{"start":{"line":15,"column":42},"end":{"line":15,"column":44}},"4":{"start":{"line":16,"column":34},"end":{"line":16,"column":39}},"5":{"start":{"line":17,"column":56},"end":{"line":17,"column":65}},"6":{"start":{"line":21,"column":4},"end":{"line":21,"column":37}},"7":{"start":{"line":22,"column":4},"end":{"line":22,"column":37}},"8":{"start":{"line":26,"column":4},"end":{"line":29,"column":5}},"9":{"start":{"line":27,"column":6},"end":{"line":27,"column":65}},"10":{"start":{"line":28,"column":6},"end":{"line":28,"column":13}},"11":{"start":{"line":31,"column":4},"end":{"line":31,"column":76}},"12":{"start":{"line":33,"column":4},"end":{"line":41,"column":7}},"13":{"start":{"line":43,"column":4},"end":{"line":47,"column":86}},"14":{"start":{"line":44,"column":39},"end":{"line":44,"column":79}},"15":{"start":{"line":45,"column":42},"end":{"line":45,"column":85}},"16":{"start":{"line":46,"column":42},"end":{"line":46,"column":84}},"17":{"start":{"line":47,"column":39},"end":{"line":47,"column":84}},"18":{"start":{"line":49,"column":4},"end":{"line":49,"column":29}},"19":{"start":{"line":53,"column":4},"end":{"line":58,"column":5}},"20":{"start":{"line":54,"column":6},"end":{"line":54,"column":53}},"21":{"start":{"line":55,"column":6},"end":{"line":55,"column":33}},"22":{"start":{"line":56,"column":6},"end":{"line":56,"column":26}},"23":{"start":{"line":57,"column":6},"end":{"line":57,"column":32}},"24":{"start":{"line":62,"column":21},"end":{"line":62,"column":44}},"25":{"start":{"line":65,"column":4},"end":{"line":67,"column":5}},"26":{"start":{"line":66,"column":6},"end":{"line":66,"column":13}},"27":{"start":{"line":70,"column":26},"end":{"line":70,"column":59}},"28":{"start":{"line":71,"column":4},"end":{"line":73,"column":5}},"29":{"start":{"line":72,"column":6},"end":{"line":72,"column":34}},"30":{"start":{"line":76,"column":18},"end":{"line":79,"column":11}},"31":{"start":{"line":77,"column":6},"end":{"line":77,"column":51}},"32":{"start":{"line":78,"column":6},"end":{"line":78,"column":43}},"33":{"start":{"line":81,"column":4},"end":{"line":81,"column":45}},"34":{"start":{"line":85,"column":4},"end":{"line":85,"column":69}},"35":{"start":{"line":88,"column":4},"end":{"line":88,"column":48}},"36":{"start":{"line":91,"column":4},"end":{"line":95,"column":7}},"37":{"start":{"line":98,"column":4},"end":{"line":100,"column":5}},"38":{"start":{"line":99,"column":6},"end":{"line":99,"column":57}},"39":{"start":{"line":104,"column":4},"end":{"line":104,"column":29}},"40":{"start":{"line":108,"column":23},"end":{"line":108,"column":34}},"41":{"start":{"line":109,"column":4},"end":{"line":109,"column":59}},"42":{"start":{"line":113,"column":4},"end":{"line":113,"column":29}},"43":{"start":{"line":117,"column":4},"end":{"line":117,"column":37}},"44":{"start":{"line":12,"column":0},"end":{"line":12,"column":13}}},"fnMap":{"0":{"name":"(anonymous_1)","decl":{"start":{"line":20,"column":2},"end":{"line":20,"column":14}},"loc":{"start":{"line":20,"column":62},"end":{"line":23,"column":3}}},"1":{"name":"(anonymous_2)","decl":{"start":{"line":25,"column":2},"end":{"line":25,"column":15}},"loc":{"start":{"line":25,"column":15},"end":{"line":50,"column":3}}},"2":{"name":"(anonymous_3)","decl":{"start":{"line":44,"column":17},"end":{"line":44,"column":18}},"loc":{"start":{"line":44,"column":39},"end":{"line":44,"column":79}}},"3":{"name":"(anonymous_4)","decl":{"start":{"line":45,"column":20},"end":{"line":45,"column":21}},"loc":{"start":{"line":45,"column":42},"end":{"line":45,"column":85}}},"4":{"name":"(anonymous_5)","decl":{"start":{"line":46,"column":20},"end":{"line":46,"column":21}},"loc":{"start":{"line":46,"column":42},"end":{"line":46,"column":84}}},"5":{"name":"(anonymous_6)","decl":{"start":{"line":47,"column":19},"end":{"line":47,"column":20}},"loc":{"start":{"line":47,"column":39},"end":{"line":47,"column":84}}},"6":{"name":"(anonymous_7)","decl":{"start":{"line":52,"column":2},"end":{"line":52,"column":7}},"loc":{"start":{"line":52,"column":20},"end":{"line":59,"column":3}}},"7":{"name":"(anonymous_8)","decl":{"start":{"line":61,"column":10},"end":{"line":61,"column":26}},"loc":{"start":{"line":61,"column":63},"end":{"line":82,"column":3}}},"8":{"name":"(anonymous_9)","decl":{"start":{"line":76,"column":29},"end":{"line":76,"column":32}},"loc":{"start":{"line":76,"column":34},"end":{"line":79,"column":5}}},"9":{"name":"(anonymous_10)","decl":{"start":{"line":84,"column":10},"end":{"line":84,"column":27}},"loc":{"start":{"line":84,"column":64},"end":{"line":101,"column":3}}},"10":{"name":"(anonymous_11)","decl":{"start":{"line":103,"column":2},"end":{"line":103,"column":16}},"loc":{"start":{"line":103,"column":16},"end":{"line":105,"column":3}}},"11":{"name":"(anonymous_12)","decl":{"start":{"line":107,"column":2},"end":{"line":107,"column":18}},"loc":{"start":{"line":107,"column":33},"end":{"line":110,"column":3}}},"12":{"name":"(anonymous_13)","decl":{"start":{"line":112,"column":2},"end":{"line":112,"column":14}},"loc":{"start":{"line":112,"column":14},"end":{"line":114,"column":3}}},"13":{"name":"(anonymous_14)","decl":{"start":{"line":116,"column":2},"end":{"line":116,"column":23}},"loc":{"start":{"line":116,"column":23},"end":{"line":118,"column":3}}}},"branchMap":{"0":{"loc":{"start":{"line":26,"column":4},"end":{"line":29,"column":5}},"type":"if","locations":[{"start":{"line":26,"column":4},"end":{"line":29,"column":5}}]},"1":{"loc":{"start":{"line":53,"column":4},"end":{"line":58,"column":5}},"type":"if","locations":[{"start":{"line":53,"column":4},"end":{"line":58,"column":5}}]},"2":{"loc":{"start":{"line":65,"column":4},"end":{"line":67,"column":5}},"type":"if","locations":[{"start":{"line":65,"column":4},"end":{"line":67,"column":5}}]},"3":{"loc":{"start":{"line":71,"column":4},"end":{"line":73,"column":5}},"type":"if","locations":[{"start":{"line":71,"column":4},"end":{"line":73,"column":5}}]},"4":{"loc":{"start":{"line":98,"column":4},"end":{"line":100,"column":5}},"type":"if","locations":[{"start":{"line":98,"column":4},"end":{"line":100,"column":5}}]},"5":{"loc":{"start":{"line":108,"column":23},"end":{"line":108,"column":34}},"type":"binary-expr","locations":[{"start":{"line":108,"column":23},"end":{"line":108,"column":28}},{"start":{"line":108,"column":32},"end":{"line":108,"column":34}}]}},"s":{"0":1,"1":1,"2":20,"3":20,"4":20,"5":20,"6":20,"7":20,"8":5,"9":1,"10":1,"11":4,"12":4,"13":4,"14":0,"15":0,"16":0,"17":0,"18":4,"19":23,"20":4,"21":4,"22":4,"23":4,"24":5,"25":5,"26":1,"27":4,"28":4,"29":2,"30":4,"31":2,"32":2,"33":4,"34":64,"35":64,"36":64,"37":64,"38":10,"39":5,"40":6,"41":6,"42":2,"43":6,"44":1},"f":{"0":20,"1":5,"2":0,"3":0,"4":0,"5":0,"6":23,"7":5,"8":2,"9":64,"10":5,"11":6,"12":2,"13":6},"b":{"0":[1],"1":[4],"2":[1],"3":[2],"4":[10],"5":[6,4]}}
,"/Users/ianderse/Projects/pob-mcp-server/src/utils/contextBuilder.ts": {"path":"/Users/ianderse/Projects/pob-mcp-server/src/utils/contextBuilder.ts","statementMap":{"0":{"start":{"line":80,"column":22},"end":{"line":80,"column":47}},"1":{"start":{"line":86,"column":4},"end":{"line":89,"column":6}},"2":{"start":{"line":96,"column":4},"end":{"line":100,"column":6}},"3":{"start":{"line":107,"column":4},"end":{"line":110,"column":6}},"4":{"start":{"line":117,"column":4},"end":{"line":124,"column":6}},"5":{"start":{"line":131,"column":4},"end":{"line":134,"column":6}},"6":{"start":{"line":141,"column":4},"end":{"line":147,"column":6}},"7":{"start":{"line":79,"column":0},"end":{"line":79,"column":13}}},"fnMap":{"0":{"name":"(anonymous_0)","decl":{"start":{"line":80,"column":2},"end":{"line":80,"column":22}},"loc":{"start":{"line":80,"column":47},"end":{"line":80,"column":51}}},"1":{"name":"(anonymous_1)","decl":{"start":{"line":85,"column":2},"end":{"line":85,"column":21}},"loc":{"start":{"line":85,"column":21},"end":{"line":90,"column":3}}},"2":{"name":"(anonymous_2)","decl":{"start":{"line":95,"column":2},"end":{"line":95,"column":19}},"loc":{"start":{"line":95,"column":19},"end":{"line":101,"column":3}}},"3":{"name":"(anonymous_3)","decl":{"start":{"line":106,"column":2},"end":{"line":106,"column":18}},"loc":{"start":{"line":106,"column":18},"end":{"line":111,"column":3}}},"4":{"name":"(anonymous_4)","decl":{"start":{"line":116,"column":2},"end":{"line":116,"column":17}},"loc":{"start":{"line":116,"column":17},"end":{"line":125,"column":3}}},"5":{"name":"(anonymous_5)","decl":{"start":{"line":130,"column":2},"end":{"line":130,"column":23}},"loc":{"start":{"line":130,"column":23},"end":{"line":135,"column":3}}},"6":{"name":"(anonymous_6)","decl":{"start":{"line":140,"column":2},"end":{"line":140,"column":26}},"loc":{"start":{"line":140,"column":26},"end":{"line":148,"column":3}}}},"branchMap":{},"s":{"0":1,"1":1,"2":1,"3":1,"4":1,"5":1,"6":1,"7":1},"f":{"0":1,"1":1,"2":1,"3":1,"4":1,"5":1,"6":1},"b":{}}
,"/Users/ianderse/Projects/pob-mcp-server/src/utils/errorHandling.ts": {"path":"/Users/ianderse/Projects/pob-mcp-server/src/utils/errorHandling.ts","statementMap":{"0":{"start":{"line":25,"column":0},"end":{"line":25,"column":7}},"1":{"start":{"line":45,"column":0},"end":{"line":45,"column":16}},"2":{"start":{"line":29,"column":2},"end":{"line":34,"column":3}},"3":{"start":{"line":30,"column":4},"end":{"line":30,"column":27}},"4":{"start":{"line":32,"column":21},"end":{"line":32,"column":75}},"5":{"start":{"line":33,"column":4},"end":{"line":33,"column":56}},"6":{"start":{"line":49,"column":2},"end":{"line":54,"column":3}},"7":{"start":{"line":50,"column":4},"end":{"line":50,"column":21}},"8":{"start":{"line":52,"column":21},"end":{"line":52,"column":75}},"9":{"start":{"line":53,"column":4},"end":{"line":53,"column":56}}},"fnMap":{"0":{"name":"wrapHandler","decl":{"start":{"line":25,"column":22},"end":{"line":25,"column":33}},"loc":{"start":{"line":27,"column":27},"end":{"line":35,"column":1}}},"1":{"name":"wrapHandlerSync","decl":{"start":{"line":45,"column":16},"end":{"line":45,"column":31}},"loc":{"start":{"line":47,"column":18},"end":{"line":55,"column":1}}}},"branchMap":{"0":{"loc":{"start":{"line":32,"column":21},"end":{"line":32,"column":75}},"type":"cond-expr","locations":[{"start":{"line":32,"column":46},"end":{"line":32,"column":59}},{"start":{"line":32,"column":62},"end":{"line":32,"column":75}}]},"1":{"loc":{"start":{"line":52,"column":21},"end":{"line":52,"column":75}},"type":"cond-expr","locations":[{"start":{"line":52,"column":46},"end":{"line":52,"column":59}},{"start":{"line":52,"column":62},"end":{"line":52,"column":75}}]}},"s":{"0":1,"1":1,"2":4,"3":4,"4":2,"5":2,"6":4,"7":4,"8":2,"9":2},"f":{"0":4,"1":4},"b":{"0":[1,1],"1":[1,1]}}
}
