TN:
SF:src/pobLuaBridge.ts
FN:24,(anonymous_1)
FN:35,(anonymous_2)
FN:84,(anonymous_3)
FN:93,(anonymous_4)
FN:94,(anonymous_5)
FN:99,(anonymous_6)
FN:161,(anonymous_7)
FN:166,(anonymous_8)
FN:176,(anonymous_9)
FN:180,(anonymous_10)
FN:215,(anonymous_11)
FN:220,(anonymous_12)
FN:226,(anonymous_13)
FN:232,(anonymous_14)
FN:238,(anonymous_15)
FN:246,(anonymous_16)
FN:252,(anonymous_17)
FN:261,(anonymous_18)
FN:269,(anonymous_19)
FN:275,(anonymous_20)
FN:284,(anonymous_21)
FN:297,(anonymous_22)
FN:303,(anonymous_23)
FN:309,(anonymous_24)
FN:314,(anonymous_25)
FN:320,(anonymous_26)
FN:326,(anonymous_27)
FN:332,(anonymous_28)
FN:338,(anonymous_29)
FN:343,(anonymous_30)
FN:348,(anonymous_31)
FN:353,(anonymous_32)
FN:358,(anonymous_33)
FN:364,(anonymous_34)
FN:388,(anonymous_35)
FN:394,(anonymous_36)
FN:396,(anonymous_37)
FN:397,(anonymous_38)
FN:402,(anonymous_39)
FN:403,(anonymous_40)
FN:404,(anonymous_41)
FN:409,(anonymous_42)
FN:423,(anonymous_43)
FN:433,(anonymous_44)
FN:437,(anonymous_45)
FN:469,(anonymous_46)
FN:474,(anonymous_47)
FN:480,(anonymous_48)
FN:486,(anonymous_49)
FN:492,(anonymous_50)
FN:498,(anonymous_51)
FN:511,(anonymous_52)
FN:517,(anonymous_53)
FN:523,(anonymous_54)
FN:529,(anonymous_55)
FN:535,(anonymous_56)
FN:540,(anonymous_57)
FN:546,(anonymous_58)
FN:552,(anonymous_59)
FN:558,(anonymous_60)
FN:567,(anonymous_61)
FN:575,(anonymous_62)
FN:581,(anonymous_63)
FN:590,(anonymous_64)
FN:596,(anonymous_65)
FN:602,(anonymous_66)
FN:607,(anonymous_67)
FN:612,(anonymous_68)
FN:617,(anonymous_69)
FN:622,(anonymous_70)
FN:628,(anonymous_71)
FNF:71
FNH:19
FNDA:55,(anonymous_1)
FNDA:35,(anonymous_2)
FNDA:0,(anonymous_3)
FNDA:93,(anonymous_4)
FNDA:0,(anonymous_5)
FNDA:34,(anonymous_6)
FNDA:93,(anonymous_7)
FNDA:95,(anonymous_8)
FNDA:272,(anonymous_9)
FNDA:65,(anonymous_10)
FNDA:7,(anonymous_11)
FNDA:0,(anonymous_12)
FNDA:4,(anonymous_13)
FNDA:5,(anonymous_14)
FNDA:2,(anonymous_15)
FNDA:2,(anonymous_16)
FNDA:3,(anonymous_17)
FNDA:2,(anonymous_18)
FNDA:2,(anonymous_19)
FNDA:2,(anonymous_20)
FNDA:2,(anonymous_21)
FNDA:0,(anonymous_22)
FNDA:0,(anonymous_23)
FNDA:0,(anonymous_24)
FNDA:0,(anonymous_25)
FNDA:0,(anonymous_26)
FNDA:0,(anonymous_27)
FNDA:0,(anonymous_28)
FNDA:0,(anonymous_29)
FNDA:0,(anonymous_30)
FNDA:0,(anonymous_31)
FNDA:0,(anonymous_32)
FNDA:0,(anonymous_33)
FNDA:41,(anonymous_34)
FNDA:0,(anonymous_35)
FNDA:0,(anonymous_36)
FNDA:0,(anonymous_37)
FNDA:0,(anonymous_38)
FNDA:0,(anonymous_39)
FNDA:0,(anonymous_40)
FNDA:0,(anonymous_41)
FNDA:0,(anonymous_42)
FNDA:0,(anonymous_43)
FNDA:0,(anonymous_44)
FNDA:0,(anonymous_45)
FNDA:0,(anonymous_46)
FNDA:0,(anonymous_47)
FNDA:0,(anonymous_48)
FNDA:0,(anonymous_49)
FNDA:0,(anonymous_50)
FNDA:0,(anonymous_51)
FNDA:0,(anonymous_52)
FNDA:0,(anonymous_53)
FNDA:0,(anonymous_54)
FNDA:0,(anonymous_55)
FNDA:0,(anonymous_56)
FNDA:0,(anonymous_57)
FNDA:0,(anonymous_58)
FNDA:0,(anonymous_59)
FNDA:0,(anonymous_60)
FNDA:0,(anonymous_61)
FNDA:0,(anonymous_62)
FNDA:0,(anonymous_63)
FNDA:0,(anonymous_64)
FNDA:0,(anonymous_65)
FNDA:0,(anonymous_66)
FNDA:0,(anonymous_67)
FNDA:0,(anonymous_68)
FNDA:0,(anonymous_69)
FNDA:0,(anonymous_70)
FNDA:0,(anonymous_71)
DA:1,2
DA:2,2
DA:3,2
DA:4,2
DA:16,2
DA:17,55
DA:19,55
DA:20,55
DA:21,55
DA:22,55
DA:25,55
DA:26,55
DA:36,35
DA:39,34
DA:42,34
DA:45,34
DA:46,34
DA:47,34
DA:50,34
DA:51,34
DA:54,34
DA:56,34
DA:64,34
DA:65,34
DA:71,0
DA:74,34
DA:75,34
DA:78,34
DA:79,1
DA:83,33
DA:84,33
DA:85,0
DA:86,0
DA:87,0
DA:88,0
DA:89,0
DA:93,93
DA:94,33
DA:96,0
DA:99,33
DA:100,34
DA:101,34
DA:102,0
DA:103,0
DA:108,33
DA:109,33
DA:110,33
DA:112,33
DA:114,33
DA:115,0
DA:116,0
DA:117,0
DA:118,0
DA:119,0
DA:129,0
DA:133,33
DA:134,0
DA:137,33
DA:138,33
DA:141,33
DA:142,0
DA:146,33
DA:147,33
DA:148,33
DA:149,33
DA:150,33
DA:154,0
DA:158,0
DA:162,93
DA:163,93
DA:167,95
DA:168,95
DA:169,367
DA:170,367
DA:171,93
DA:172,93
DA:173,93
DA:175,274
DA:176,272
DA:181,65
DA:182,61
DA:183,59
DA:184,58
DA:186,58
DA:190,58
DA:191,58
DA:193,58
DA:194,62
DA:195,60
DA:198,60
DA:199,4
DA:203,56
DA:204,56
DA:205,56
DA:208,0
DA:212,0
DA:216,7
DA:217,3
DA:221,0
DA:222,0
DA:223,0
DA:227,4
DA:228,3
DA:229,2
DA:233,5
DA:234,4
DA:235,3
DA:239,2
DA:240,2
DA:241,2
DA:247,2
DA:248,2
DA:249,2
DA:253,3
DA:257,3
DA:258,3
DA:262,2
DA:266,2
DA:270,2
DA:271,2
DA:272,2
DA:280,2
DA:281,2
DA:292,2
DA:293,2
DA:294,2
DA:298,0
DA:299,0
DA:300,0
DA:304,0
DA:305,0
DA:306,0
DA:310,0
DA:311,0
DA:315,0
DA:316,0
DA:317,0
DA:321,0
DA:322,0
DA:323,0
DA:327,0
DA:328,0
DA:329,0
DA:333,0
DA:334,0
DA:335,0
DA:339,0
DA:340,0
DA:344,0
DA:345,0
DA:349,0
DA:350,0
DA:354,0
DA:355,0
DA:359,0
DA:360,0
DA:361,0
DA:365,41
DA:366,34
DA:367,34
DA:369,34
DA:370,34
DA:380,2
DA:381,0
DA:382,0
DA:383,0
DA:389,0
DA:390,0
DA:391,0
DA:395,0
DA:396,0
DA:397,0
DA:400,0
DA:401,0
DA:402,0
DA:403,0
DA:404,0
DA:405,0
DA:408,0
DA:410,0
DA:411,0
DA:412,0
DA:413,0
DA:414,0
DA:416,0
DA:424,0
DA:425,0
DA:426,0
DA:427,0
DA:428,0
DA:429,0
DA:430,0
DA:432,0
DA:433,0
DA:438,0
DA:439,0
DA:440,0
DA:444,0
DA:445,0
DA:447,0
DA:448,0
DA:449,0
DA:452,0
DA:453,0
DA:457,0
DA:458,0
DA:459,0
DA:462,0
DA:466,0
DA:470,0
DA:471,0
DA:475,0
DA:476,0
DA:477,0
DA:481,0
DA:482,0
DA:483,0
DA:487,0
DA:488,0
DA:489,0
DA:493,0
DA:494,0
DA:495,0
DA:506,0
DA:507,0
DA:508,0
DA:512,0
DA:513,0
DA:514,0
DA:518,0
DA:519,0
DA:520,0
DA:524,0
DA:525,0
DA:526,0
DA:530,0
DA:531,0
DA:532,0
DA:536,0
DA:537,0
DA:541,0
DA:542,0
DA:543,0
DA:547,0
DA:548,0
DA:549,0
DA:553,0
DA:554,0
DA:555,0
DA:559,0
DA:563,0
DA:564,0
DA:568,0
DA:572,0
DA:576,0
DA:577,0
DA:578,0
DA:586,0
DA:587,0
DA:591,0
DA:592,0
DA:593,0
DA:597,0
DA:598,0
DA:599,0
DA:603,0
DA:604,0
DA:608,0
DA:609,0
DA:613,0
DA:614,0
DA:618,0
DA:619,0
DA:623,0
DA:624,0
DA:625,0
DA:629,0
DA:630,0
DA:631,0
DA:632,0
LF:280
LH:108
BRDA:24,0,0,17
BRDA:25,1,0,55
BRDA:25,1,1,18
BRDA:28,2,0,55
BRDA:28,2,1,18
BRDA:29,3,0,55
BRDA:29,3,1,55
BRDA:30,4,0,55
BRDA:30,4,1,55
BRDA:31,5,0,55
BRDA:31,5,1,17
BRDA:36,6,0,1
BRDA:39,7,0,34
BRDA:39,7,1,0
BRDA:39,7,2,0
BRDA:42,8,0,1
BRDA:42,8,1,33
BRDA:42,9,0,34
BRDA:42,9,1,33
BRDA:51,10,0,0
BRDA:51,10,1,34
BRDA:54,11,0,0
BRDA:54,11,1,34
BRDA:78,12,0,1
BRDA:78,13,0,34
BRDA:78,13,1,34
BRDA:78,14,0,34
BRDA:78,14,1,0
BRDA:87,15,0,0
BRDA:101,16,0,0
BRDA:114,17,0,0
BRDA:117,18,0,0
BRDA:117,18,1,0
BRDA:118,19,0,0
BRDA:133,20,0,0
BRDA:141,21,0,0
BRDA:141,22,0,33
BRDA:141,22,1,33
BRDA:148,23,0,33
BRDA:148,24,0,33
BRDA:148,24,1,33
BRDA:167,25,0,95
BRDA:167,25,1,0
BRDA:170,26,0,93
BRDA:175,27,0,2
BRDA:181,28,0,4
BRDA:181,29,0,65
BRDA:181,29,1,61
BRDA:182,30,0,2
BRDA:183,31,0,1
BRDA:184,32,0,0
BRDA:198,33,0,4
BRDA:198,34,0,60
BRDA:198,34,1,60
BRDA:222,35,0,0
BRDA:222,36,0,0
BRDA:222,36,1,0
BRDA:226,37,0,3
BRDA:228,38,0,1
BRDA:228,39,0,1
BRDA:228,39,1,0
BRDA:234,40,0,1
BRDA:234,41,0,1
BRDA:234,41,1,0
BRDA:240,42,0,0
BRDA:240,43,0,0
BRDA:240,43,1,0
BRDA:248,44,0,0
BRDA:248,45,0,0
BRDA:248,45,1,0
BRDA:257,46,0,0
BRDA:257,47,0,0
BRDA:257,47,1,0
BRDA:266,48,0,0
BRDA:266,49,0,0
BRDA:266,49,1,0
BRDA:271,50,0,0
BRDA:271,51,0,0
BRDA:271,51,1,0
BRDA:281,52,0,0
BRDA:281,53,0,0
BRDA:281,53,1,0
BRDA:293,54,0,0
BRDA:293,55,0,0
BRDA:293,55,1,0
BRDA:299,56,0,0
BRDA:299,57,0,0
BRDA:299,57,1,0
BRDA:305,58,0,0
BRDA:305,59,0,0
BRDA:305,59,1,0
BRDA:311,60,0,0
BRDA:311,61,0,0
BRDA:311,61,1,0
BRDA:316,62,0,0
BRDA:316,63,0,0
BRDA:316,63,1,0
BRDA:322,64,0,0
BRDA:322,65,0,0
BRDA:322,65,1,0
BRDA:327,66,0,0
BRDA:327,66,1,0
BRDA:328,67,0,0
BRDA:328,68,0,0
BRDA:328,68,1,0
BRDA:334,69,0,0
BRDA:334,70,0,0
BRDA:334,70,1,0
BRDA:340,71,0,0
BRDA:340,72,0,0
BRDA:340,72,1,0
BRDA:345,73,0,0
BRDA:345,74,0,0
BRDA:345,74,1,0
BRDA:350,75,0,0
BRDA:350,76,0,0
BRDA:350,76,1,0
BRDA:355,77,0,0
BRDA:355,78,0,0
BRDA:355,78,1,0
BRDA:360,79,0,0
BRDA:360,80,0,0
BRDA:360,80,1,0
BRDA:365,81,0,7
BRDA:388,82,0,0
BRDA:389,83,0,0
BRDA:389,83,1,0
BRDA:390,84,0,0
BRDA:390,84,1,0
BRDA:391,85,0,0
BRDA:391,85,1,0
BRDA:395,86,0,0
BRDA:412,87,0,0
BRDA:412,88,0,0
BRDA:412,88,1,0
BRDA:424,89,0,0
BRDA:424,89,1,0
BRDA:427,90,0,0
BRDA:432,91,0,0
BRDA:438,92,0,0
BRDA:439,93,0,0
BRDA:452,94,0,0
BRDA:452,95,0,0
BRDA:452,95,1,0
BRDA:476,96,0,0
BRDA:476,97,0,0
BRDA:476,97,1,0
BRDA:480,98,0,0
BRDA:482,99,0,0
BRDA:482,100,0,0
BRDA:482,100,1,0
BRDA:488,101,0,0
BRDA:488,102,0,0
BRDA:488,102,1,0
BRDA:494,103,0,0
BRDA:494,104,0,0
BRDA:494,104,1,0
BRDA:507,105,0,0
BRDA:507,106,0,0
BRDA:507,106,1,0
BRDA:513,107,0,0
BRDA:513,108,0,0
BRDA:513,108,1,0
BRDA:519,109,0,0
BRDA:519,110,0,0
BRDA:519,110,1,0
BRDA:525,111,0,0
BRDA:525,112,0,0
BRDA:525,112,1,0
BRDA:531,113,0,0
BRDA:531,114,0,0
BRDA:531,114,1,0
BRDA:537,115,0,0
BRDA:537,116,0,0
BRDA:537,116,1,0
BRDA:542,117,0,0
BRDA:542,118,0,0
BRDA:542,118,1,0
BRDA:548,119,0,0
BRDA:548,120,0,0
BRDA:548,120,1,0
BRDA:554,121,0,0
BRDA:554,122,0,0
BRDA:554,122,1,0
BRDA:563,123,0,0
BRDA:563,124,0,0
BRDA:563,124,1,0
BRDA:572,125,0,0
BRDA:572,126,0,0
BRDA:572,126,1,0
BRDA:577,127,0,0
BRDA:577,128,0,0
BRDA:577,128,1,0
BRDA:587,129,0,0
BRDA:587,130,0,0
BRDA:587,130,1,0
BRDA:591,131,0,0
BRDA:591,131,1,0
BRDA:592,132,0,0
BRDA:592,133,0,0
BRDA:592,133,1,0
BRDA:598,134,0,0
BRDA:598,135,0,0
BRDA:598,135,1,0
BRDA:604,136,0,0
BRDA:604,137,0,0
BRDA:604,137,1,0
BRDA:609,138,0,0
BRDA:609,139,0,0
BRDA:609,139,1,0
BRDA:614,140,0,0
BRDA:614,141,0,0
BRDA:614,141,1,0
BRDA:619,142,0,0
BRDA:619,143,0,0
BRDA:619,143,1,0
BRDA:624,144,0,0
BRDA:624,145,0,0
BRDA:624,145,1,0
BRDA:629,146,0,0
BRF:220
BRH:45
end_of_record
TN:
SF:src/handlers/buildHandlers.ts
FN:10,handleListBuilds
FN:17,(anonymous_1)
FN:24,handleAnalyzeBuild
FN:66,handleCompareBuilds
FN:87,(anonymous_4)
FN:88,(anonymous_5)
FN:108,handleGetBuildStats
FN:135,formatTreeAnalysis
FN:202,(anonymous_8)
FN:203,(anonymous_9)
FN:204,(anonymous_10)
FNF:11
FNH:11
FNDA:2,handleListBuilds
FNDA:3,(anonymous_1)
FNDA:6,handleAnalyzeBuild
FNDA:4,handleCompareBuilds
FNDA:5,(anonymous_4)
FNDA:5,(anonymous_5)
FNDA:3,handleGetBuildStats
FNDA:3,formatTreeAnalysis
FNDA:2,(anonymous_8)
FNDA:2,(anonymous_9)
FNDA:2,(anonymous_10)
DA:10,1
DA:11,2
DA:12,2
DA:17,3
DA:24,1
DA:25,6
DA:26,6
DA:29,6
DA:30,6
DA:31,4
DA:32,3
DA:34,1
DA:37,2
DA:38,2
DA:40,1
DA:50,1
DA:51,1
DA:52,1
DA:56,5
DA:66,1
DA:67,4
DA:68,4
DA:70,4
DA:71,4
DA:72,4
DA:75,4
DA:76,4
DA:79,4
DA:80,4
DA:81,4
DA:83,4
DA:84,3
DA:85,3
DA:87,5
DA:88,5
DA:90,3
DA:91,5
DA:92,5
DA:93,5
DA:98,4
DA:108,1
DA:109,3
DA:111,3
DA:113,3
DA:114,2
DA:118,2
DA:119,5
DA:122,1
DA:125,3
DA:136,3
DA:139,3
DA:140,1
DA:141,1
DA:142,1
DA:145,3
DA:146,3
DA:148,3
DA:149,0
DA:150,0
DA:154,3
DA:155,1
DA:156,1
DA:157,1
DA:158,1
DA:159,1
DA:161,1
DA:166,3
DA:167,0
DA:169,0
DA:170,0
DA:171,0
DA:172,0
DA:173,0
DA:174,0
DA:176,0
DA:178,0
DA:179,0
DA:184,3
DA:185,0
DA:189,3
DA:190,3
DA:191,3
DA:194,3
DA:195,3
DA:196,3
DA:199,3
DA:200,1
DA:202,2
DA:203,2
DA:204,2
DA:206,1
DA:207,1
DA:208,1
DA:209,1
DA:210,1
DA:211,1
DA:212,1
DA:214,1
DA:215,0
DA:220,1
DA:221,1
DA:222,1
DA:223,1
DA:224,1
DA:225,1
DA:226,0
DA:228,1
DA:229,1
DA:234,1
DA:235,0
DA:236,0
DA:237,0
DA:238,0
DA:244,3
LF:114
LH:95
BRDA:16,0,0,1
BRDA:16,0,1,1
BRDA:31,1,0,3
BRDA:31,1,1,1
BRDA:37,2,0,2
BRDA:37,2,1,0
BRDA:38,3,0,1
BRDA:38,3,1,1
BRDA:83,4,0,3
BRDA:83,5,0,4
BRDA:83,5,1,3
BRDA:84,6,0,2
BRDA:84,6,1,1
BRDA:85,7,0,2
BRDA:85,7,1,1
BRDA:92,8,0,5
BRDA:113,9,0,2
BRDA:113,9,1,1
BRDA:114,10,0,1
BRDA:114,10,1,1
BRDA:139,11,0,1
BRDA:148,12,0,0
BRDA:154,13,0,1
BRDA:158,14,0,1
BRDA:158,15,0,1
BRDA:158,15,1,1
BRDA:166,16,0,0
BRDA:171,17,0,0
BRDA:171,17,1,0
BRDA:172,18,0,0
BRDA:172,19,0,0
BRDA:172,19,1,0
BRDA:178,20,0,0
BRDA:184,21,0,0
BRDA:199,22,0,1
BRDA:199,23,0,3
BRDA:199,23,1,3
BRDA:206,24,0,1
BRDA:211,25,0,1
BRDA:214,26,0,0
BRDA:220,27,0,1
BRDA:225,28,0,0
BRDA:228,29,0,1
BRDA:234,30,0,0
BRDA:237,31,0,0
BRF:45
BRH:31
end_of_record
TN:
SF:src/services/buildService.ts
FN:11,(anonymous_1)
FN:19,(anonymous_2)
FN:24,(anonymous_3)
FN:53,(anonymous_4)
FN:77,(anonymous_5)
FN:110,(anonymous_6)
FN:142,(anonymous_7)
FN:163,(anonymous_8)
FN:170,(anonymous_9)
FN:170,(anonymous_10)
FN:173,(anonymous_11)
FN:196,(anonymous_12)
FN:200,(anonymous_13)
FNF:13
FNH:13
FNDA:32,(anonymous_1)
FNDA:6,(anonymous_2)
FNDA:7,(anonymous_3)
FNDA:10,(anonymous_4)
FNDA:7,(anonymous_5)
FNDA:2,(anonymous_6)
FNDA:13,(anonymous_7)
FNDA:4,(anonymous_8)
FNDA:6,(anonymous_9)
FNDA:6,(anonymous_10)
FNDA:5,(anonymous_11)
FNDA:1,(anonymous_12)
FNDA:1,(anonymous_13)
DA:1,1
DA:2,1
DA:3,1
DA:6,1
DA:9,32
DA:12,32
DA:16,32
DA:20,6
DA:21,6
DA:24,6
DA:25,7
DA:27,7
DA:29,12
DA:30,2
DA:33,10
DA:34,10
DA:36,10
DA:38,1
DA:39,9
DA:40,7
DA:45,6
DA:46,6
DA:48,0
DA:49,0
DA:55,10
DA:56,10
DA:57,1
DA:58,1
DA:62,9
DA:63,9
DA:64,9
DA:65,8
DA:66,8
DA:69,8
DA:74,8
DA:78,7
DA:81,7
DA:82,7
DA:83,7
DA:84,7
DA:87,7
DA:88,2
DA:89,2
DA:93,2
DA:94,3
DA:96,2
DA:101,7
DA:102,1
DA:103,1
DA:107,1
DA:108,1
DA:109,1
DA:110,2
DA:111,1
DA:114,1
DA:118,7
DA:119,1
DA:120,1
DA:124,1
DA:125,2
DA:126,2
DA:127,2
DA:130,1
DA:134,7
DA:135,1
DA:136,1
DA:139,7
DA:143,13
DA:144,3
DA:147,10
DA:148,10
DA:149,0
DA:153,10
DA:154,2
DA:156,2
DA:160,8
DA:164,4
DA:165,4
DA:166,2
DA:169,2
DA:170,6
DA:174,5
DA:176,5
DA:177,1
DA:181,4
DA:182,2
DA:183,2
DA:184,2
DA:189,2
DA:190,1
DA:193,1
DA:197,1
DA:201,1
LF:93
LH:90
BRDA:24,0,0,6
BRDA:29,1,0,2
BRDA:29,2,0,12
BRDA:29,2,1,11
BRDA:34,3,0,1
BRDA:34,3,1,9
BRDA:36,4,0,1
BRDA:36,4,1,9
BRDA:39,5,0,7
BRDA:39,6,0,9
BRDA:39,6,1,9
BRDA:56,7,0,1
BRDA:81,8,0,7
BRDA:82,9,0,7
BRDA:82,9,1,0
BRDA:83,10,0,7
BRDA:83,10,1,6
BRDA:84,11,0,7
BRDA:84,11,1,6
BRDA:87,12,0,2
BRDA:89,13,0,1
BRDA:89,13,1,1
BRDA:101,14,0,1
BRDA:103,15,0,1
BRDA:103,15,1,0
BRDA:108,16,0,1
BRDA:109,17,0,1
BRDA:109,17,1,0
BRDA:118,18,0,1
BRDA:120,19,0,1
BRDA:120,19,1,0
BRDA:125,20,0,2
BRDA:134,21,0,1
BRDA:143,22,0,3
BRDA:148,23,0,0
BRDA:153,24,0,2
BRDA:154,25,0,2
BRDA:154,25,1,1
BRDA:156,26,0,2
BRDA:156,26,1,0
BRDA:165,27,0,2
BRDA:176,28,0,1
BRDA:181,29,0,2
BRDA:183,30,0,2
BRDA:189,31,0,1
BRF:45
BRH:39
end_of_record
