TN:
SF:src/pobLuaBridge.ts
FN:24,(anonymous_1)
FN:35,(anonymous_2)
FN:84,(anonymous_3)
FN:93,(anonymous_4)
FN:94,(anonymous_5)
FN:99,(anonymous_6)
FN:161,(anonymous_7)
FN:166,(anonymous_8)
FN:176,(anonymous_9)
FN:180,(anonymous_10)
FN:215,(anonymous_11)
FN:220,(anonymous_12)
FN:226,(anonymous_13)
FN:232,(anonymous_14)
FN:238,(anonymous_15)
FN:246,(anonymous_16)
FN:252,(anonymous_17)
FN:261,(anonymous_18)
FN:269,(anonymous_19)
FN:275,(anonymous_20)
FN:284,(anonymous_21)
FN:297,(anonymous_22)
FN:303,(anonymous_23)
FN:309,(anonymous_24)
FN:314,(anonymous_25)
FN:320,(anonymous_26)
FN:326,(anonymous_27)
FN:332,(anonymous_28)
FN:338,(anonymous_29)
FN:343,(anonymous_30)
FN:348,(anonymous_31)
FN:353,(anonymous_32)
FN:358,(anonymous_33)
FN:364,(anonymous_34)
FN:388,(anonymous_35)
FN:394,(anonymous_36)
FN:396,(anonymous_37)
FN:397,(anonymous_38)
FN:402,(anonymous_39)
FN:403,(anonymous_40)
FN:404,(anonymous_41)
FN:409,(anonymous_42)
FN:423,(anonymous_43)
FN:433,(anonymous_44)
FN:437,(anonymous_45)
FN:469,(anonymous_46)
FN:474,(anonymous_47)
FN:480,(anonymous_48)
FN:486,(anonymous_49)
FN:492,(anonymous_50)
FN:498,(anonymous_51)
FN:511,(anonymous_52)
FN:517,(anonymous_53)
FN:523,(anonymous_54)
FN:529,(anonymous_55)
FN:535,(anonymous_56)
FN:540,(anonymous_57)
FN:546,(anonymous_58)
FN:552,(anonymous_59)
FN:558,(anonymous_60)
FN:567,(anonymous_61)
FN:575,(anonymous_62)
FN:581,(anonymous_63)
FN:590,(anonymous_64)
FN:596,(anonymous_65)
FN:602,(anonymous_66)
FN:607,(anonymous_67)
FN:612,(anonymous_68)
FN:617,(anonymous_69)
FN:622,(anonymous_70)
FN:628,(anonymous_71)
FNF:71
FNH:19
FNDA:55,(anonymous_1)
FNDA:35,(anonymous_2)
FNDA:0,(anonymous_3)
FNDA:93,(anonymous_4)
FNDA:0,(anonymous_5)
FNDA:34,(anonymous_6)
FNDA:93,(anonymous_7)
FNDA:95,(anonymous_8)
FNDA:272,(anonymous_9)
FNDA:65,(anonymous_10)
FNDA:7,(anonymous_11)
FNDA:0,(anonymous_12)
FNDA:4,(anonymous_13)
FNDA:5,(anonymous_14)
FNDA:2,(anonymous_15)
FNDA:2,(anonymous_16)
FNDA:3,(anonymous_17)
FNDA:2,(anonymous_18)
FNDA:2,(anonymous_19)
FNDA:2,(anonymous_20)
FNDA:2,(anonymous_21)
FNDA:0,(anonymous_22)
FNDA:0,(anonymous_23)
FNDA:0,(anonymous_24)
FNDA:0,(anonymous_25)
FNDA:0,(anonymous_26)
FNDA:0,(anonymous_27)
FNDA:0,(anonymous_28)
FNDA:0,(anonymous_29)
FNDA:0,(anonymous_30)
FNDA:0,(anonymous_31)
FNDA:0,(anonymous_32)
FNDA:0,(anonymous_33)
FNDA:41,(anonymous_34)
FNDA:0,(anonymous_35)
FNDA:0,(anonymous_36)
FNDA:0,(anonymous_37)
FNDA:0,(anonymous_38)
FNDA:0,(anonymous_39)
FNDA:0,(anonymous_40)
FNDA:0,(anonymous_41)
FNDA:0,(anonymous_42)
FNDA:0,(anonymous_43)
FNDA:0,(anonymous_44)
FNDA:0,(anonymous_45)
FNDA:0,(anonymous_46)
FNDA:0,(anonymous_47)
FNDA:0,(anonymous_48)
FNDA:0,(anonymous_49)
FNDA:0,(anonymous_50)
FNDA:0,(anonymous_51)
FNDA:0,(anonymous_52)
FNDA:0,(anonymous_53)
FNDA:0,(anonymous_54)
FNDA:0,(anonymous_55)
FNDA:0,(anonymous_56)
FNDA:0,(anonymous_57)
FNDA:0,(anonymous_58)
FNDA:0,(anonymous_59)
FNDA:0,(anonymous_60)
FNDA:0,(anonymous_61)
FNDA:0,(anonymous_62)
FNDA:0,(anonymous_63)
FNDA:0,(anonymous_64)
FNDA:0,(anonymous_65)
FNDA:0,(anonymous_66)
FNDA:0,(anonymous_67)
FNDA:0,(anonymous_68)
FNDA:0,(anonymous_69)
FNDA:0,(anonymous_70)
FNDA:0,(anonymous_71)
DA:1,2
DA:2,2
DA:3,2
DA:4,2
DA:16,2
DA:17,55
DA:19,55
DA:20,55
DA:21,55
DA:22,55
DA:25,55
DA:26,55
DA:36,35
DA:39,34
DA:42,34
DA:45,34
DA:46,34
DA:47,34
DA:50,34
DA:51,34
DA:54,34
DA:56,34
DA:64,34
DA:65,34
DA:71,0
DA:74,34
DA:75,34
DA:78,34
DA:79,1
DA:83,33
DA:84,33
DA:85,0
DA:86,0
DA:87,0
DA:88,0
DA:89,0
DA:93,93
DA:94,33
DA:96,0
DA:99,33
DA:100,34
DA:101,34
DA:102,0
DA:103,0
DA:108,33
DA:109,33
DA:110,33
DA:112,33
DA:114,33
DA:115,0
DA:116,0
DA:117,0
DA:118,0
DA:119,0
DA:129,0
DA:133,33
DA:134,0
DA:137,33
DA:138,33
DA:141,33
DA:142,0
DA:146,33
DA:147,33
DA:148,33
DA:149,33
DA:150,33
DA:154,0
DA:158,0
DA:162,93
DA:163,93
DA:167,95
DA:168,95
DA:169,367
DA:170,367
DA:171,93
DA:172,93
DA:173,93
DA:175,274
DA:176,272
DA:181,65
DA:182,61
DA:183,59
DA:184,58
DA:186,58
DA:190,58
DA:191,58
DA:193,58
DA:194,62
DA:195,60
DA:198,60
DA:199,4
DA:203,56
DA:204,56
DA:205,56
DA:208,0
DA:212,0
DA:216,7
DA:217,3
DA:221,0
DA:222,0
DA:223,0
DA:227,4
DA:228,3
DA:229,2
DA:233,5
DA:234,4
DA:235,3
DA:239,2
DA:240,2
DA:241,2
DA:247,2
DA:248,2
DA:249,2
DA:253,3
DA:257,3
DA:258,3
DA:262,2
DA:266,2
DA:270,2
DA:271,2
DA:272,2
DA:280,2
DA:281,2
DA:292,2
DA:293,2
DA:294,2
DA:298,0
DA:299,0
DA:300,0
DA:304,0
DA:305,0
DA:306,0
DA:310,0
DA:311,0
DA:315,0
DA:316,0
DA:317,0
DA:321,0
DA:322,0
DA:323,0
DA:327,0
DA:328,0
DA:329,0
DA:333,0
DA:334,0
DA:335,0
DA:339,0
DA:340,0
DA:344,0
DA:345,0
DA:349,0
DA:350,0
DA:354,0
DA:355,0
DA:359,0
DA:360,0
DA:361,0
DA:365,41
DA:366,34
DA:367,34
DA:369,34
DA:370,34
DA:380,2
DA:381,0
DA:382,0
DA:383,0
DA:389,0
DA:390,0
DA:391,0
DA:395,0
DA:396,0
DA:397,0
DA:400,0
DA:401,0
DA:402,0
DA:403,0
DA:404,0
DA:405,0
DA:408,0
DA:410,0
DA:411,0
DA:412,0
DA:413,0
DA:414,0
DA:416,0
DA:424,0
DA:425,0
DA:426,0
DA:427,0
DA:428,0
DA:429,0
DA:430,0
DA:432,0
DA:433,0
DA:438,0
DA:439,0
DA:440,0
DA:444,0
DA:445,0
DA:447,0
DA:448,0
DA:449,0
DA:452,0
DA:453,0
DA:457,0
DA:458,0
DA:459,0
DA:462,0
DA:466,0
DA:470,0
DA:471,0
DA:475,0
DA:476,0
DA:477,0
DA:481,0
DA:482,0
DA:483,0
DA:487,0
DA:488,0
DA:489,0
DA:493,0
DA:494,0
DA:495,0
DA:506,0
DA:507,0
DA:508,0
DA:512,0
DA:513,0
DA:514,0
DA:518,0
DA:519,0
DA:520,0
DA:524,0
DA:525,0
DA:526,0
DA:530,0
DA:531,0
DA:532,0
DA:536,0
DA:537,0
DA:541,0
DA:542,0
DA:543,0
DA:547,0
DA:548,0
DA:549,0
DA:553,0
DA:554,0
DA:555,0
DA:559,0
DA:563,0
DA:564,0
DA:568,0
DA:572,0
DA:576,0
DA:577,0
DA:578,0
DA:586,0
DA:587,0
DA:591,0
DA:592,0
DA:593,0
DA:597,0
DA:598,0
DA:599,0
DA:603,0
DA:604,0
DA:608,0
DA:609,0
DA:613,0
DA:614,0
DA:618,0
DA:619,0
DA:623,0
DA:624,0
DA:625,0
DA:629,0
DA:630,0
DA:631,0
DA:632,0
LF:280
LH:108
BRDA:24,0,0,17
BRDA:25,1,0,55
BRDA:25,1,1,18
BRDA:28,2,0,55
BRDA:28,2,1,18
BRDA:29,3,0,55
BRDA:29,3,1,55
BRDA:30,4,0,55
BRDA:30,4,1,55
BRDA:31,5,0,55
BRDA:31,5,1,17
BRDA:36,6,0,1
BRDA:39,7,0,34
BRDA:39,7,1,0
BRDA:39,7,2,0
BRDA:42,8,0,1
BRDA:42,8,1,33
BRDA:42,9,0,34
BRDA:42,9,1,33
BRDA:51,10,0,0
BRDA:51,10,1,34
BRDA:54,11,0,0
BRDA:54,11,1,34
BRDA:78,12,0,1
BRDA:78,13,0,34
BRDA:78,13,1,34
BRDA:78,14,0,34
BRDA:78,14,1,0
BRDA:87,15,0,0
BRDA:101,16,0,0
BRDA:114,17,0,0
BRDA:117,18,0,0
BRDA:117,18,1,0
BRDA:118,19,0,0
BRDA:133,20,0,0
BRDA:141,21,0,0
BRDA:141,22,0,33
BRDA:141,22,1,33
BRDA:148,23,0,33
BRDA:148,24,0,33
BRDA:148,24,1,33
BRDA:167,25,0,95
BRDA:167,25,1,0
BRDA:170,26,0,93
BRDA:175,27,0,2
BRDA:181,28,0,4
BRDA:181,29,0,65
BRDA:181,29,1,61
BRDA:182,30,0,2
BRDA:183,31,0,1
BRDA:184,32,0,0
BRDA:198,33,0,4
BRDA:198,34,0,60
BRDA:198,34,1,60
BRDA:222,35,0,0
BRDA:222,36,0,0
BRDA:222,36,1,0
BRDA:226,37,0,3
BRDA:228,38,0,1
BRDA:228,39,0,1
BRDA:228,39,1,0
BRDA:234,40,0,1
BRDA:234,41,0,1
BRDA:234,41,1,0
BRDA:240,42,0,0
BRDA:240,43,0,0
BRDA:240,43,1,0
BRDA:248,44,0,0
BRDA:248,45,0,0
BRDA:248,45,1,0
BRDA:257,46,0,0
BRDA:257,47,0,0
BRDA:257,47,1,0
BRDA:266,48,0,0
BRDA:266,49,0,0
BRDA:266,49,1,0
BRDA:271,50,0,0
BRDA:271,51,0,0
BRDA:271,51,1,0
BRDA:281,52,0,0
BRDA:281,53,0,0
BRDA:281,53,1,0
BRDA:293,54,0,0
BRDA:293,55,0,0
BRDA:293,55,1,0
BRDA:299,56,0,0
BRDA:299,57,0,0
BRDA:299,57,1,0
BRDA:305,58,0,0
BRDA:305,59,0,0
BRDA:305,59,1,0
BRDA:311,60,0,0
BRDA:311,61,0,0
BRDA:311,61,1,0
BRDA:316,62,0,0
BRDA:316,63,0,0
BRDA:316,63,1,0
BRDA:322,64,0,0
BRDA:322,65,0,0
BRDA:322,65,1,0
BRDA:327,66,0,0
BRDA:327,66,1,0
BRDA:328,67,0,0
BRDA:328,68,0,0
BRDA:328,68,1,0
BRDA:334,69,0,0
BRDA:334,70,0,0
BRDA:334,70,1,0
BRDA:340,71,0,0
BRDA:340,72,0,0
BRDA:340,72,1,0
BRDA:345,73,0,0
BRDA:345,74,0,0
BRDA:345,74,1,0
BRDA:350,75,0,0
BRDA:350,76,0,0
BRDA:350,76,1,0
BRDA:355,77,0,0
BRDA:355,78,0,0
BRDA:355,78,1,0
BRDA:360,79,0,0
BRDA:360,80,0,0
BRDA:360,80,1,0
BRDA:365,81,0,7
BRDA:388,82,0,0
BRDA:389,83,0,0
BRDA:389,83,1,0
BRDA:390,84,0,0
BRDA:390,84,1,0
BRDA:391,85,0,0
BRDA:391,85,1,0
BRDA:395,86,0,0
BRDA:412,87,0,0
BRDA:412,88,0,0
BRDA:412,88,1,0
BRDA:424,89,0,0
BRDA:424,89,1,0
BRDA:427,90,0,0
BRDA:432,91,0,0
BRDA:438,92,0,0
BRDA:439,93,0,0
BRDA:452,94,0,0
BRDA:452,95,0,0
BRDA:452,95,1,0
BRDA:476,96,0,0
BRDA:476,97,0,0
BRDA:476,97,1,0
BRDA:480,98,0,0
BRDA:482,99,0,0
BRDA:482,100,0,0
BRDA:482,100,1,0
BRDA:488,101,0,0
BRDA:488,102,0,0
BRDA:488,102,1,0
BRDA:494,103,0,0
BRDA:494,104,0,0
BRDA:494,104,1,0
BRDA:507,105,0,0
BRDA:507,106,0,0
BRDA:507,106,1,0
BRDA:513,107,0,0
BRDA:513,108,0,0
BRDA:513,108,1,0
BRDA:519,109,0,0
BRDA:519,110,0,0
BRDA:519,110,1,0
BRDA:525,111,0,0
BRDA:525,112,0,0
BRDA:525,112,1,0
BRDA:531,113,0,0
BRDA:531,114,0,0
BRDA:531,114,1,0
BRDA:537,115,0,0
BRDA:537,116,0,0
BRDA:537,116,1,0
BRDA:542,117,0,0
BRDA:542,118,0,0
BRDA:542,118,1,0
BRDA:548,119,0,0
BRDA:548,120,0,0
BRDA:548,120,1,0
BRDA:554,121,0,0
BRDA:554,122,0,0
BRDA:554,122,1,0
BRDA:563,123,0,0
BRDA:563,124,0,0
BRDA:563,124,1,0
BRDA:572,125,0,0
BRDA:572,126,0,0
BRDA:572,126,1,0
BRDA:577,127,0,0
BRDA:577,128,0,0
BRDA:577,128,1,0
BRDA:587,129,0,0
BRDA:587,130,0,0
BRDA:587,130,1,0
BRDA:591,131,0,0
BRDA:591,131,1,0
BRDA:592,132,0,0
BRDA:592,133,0,0
BRDA:592,133,1,0
BRDA:598,134,0,0
BRDA:598,135,0,0
BRDA:598,135,1,0
BRDA:604,136,0,0
BRDA:604,137,0,0
BRDA:604,137,1,0
BRDA:609,138,0,0
BRDA:609,139,0,0
BRDA:609,139,1,0
BRDA:614,140,0,0
BRDA:614,141,0,0
BRDA:614,141,1,0
BRDA:619,142,0,0
BRDA:619,143,0,0
BRDA:619,143,1,0
BRDA:624,144,0,0
BRDA:624,145,0,0
BRDA:624,145,1,0
BRDA:629,146,0,0
BRF:220
BRH:45
end_of_record
TN:
SF:src/handlers/buildHandlers.ts
FN:10,handleListBuilds
FN:17,(anonymous_1)
FN:24,handleAnalyzeBuild
FN:66,handleCompareBuilds
FN:87,(anonymous_4)
FN:88,(anonymous_5)
FN:108,handleGetBuildStats
FN:135,formatTreeAnalysis
FN:202,(anonymous_8)
FN:203,(anonymous_9)
FN:204,(anonymous_10)
FNF:11
FNH:11
FNDA:2,handleListBuilds
FNDA:3,(anonymous_1)
FNDA:6,handleAnalyzeBuild
FNDA:4,handleCompareBuilds
FNDA:5,(anonymous_4)
FNDA:5,(anonymous_5)
FNDA:3,handleGetBuildStats
FNDA:3,formatTreeAnalysis
FNDA:2,(anonymous_8)
FNDA:2,(anonymous_9)
FNDA:2,(anonymous_10)
DA:10,1
DA:11,2
DA:12,2
DA:17,3
DA:24,1
DA:25,6
DA:26,6
DA:29,6
DA:30,6
DA:31,4
DA:32,3
DA:34,1
DA:37,2
DA:38,2
DA:40,1
DA:50,1
DA:51,1
DA:52,1
DA:56,5
DA:66,1
DA:67,4
DA:68,4
DA:70,4
DA:71,4
DA:72,4
DA:75,4
DA:76,4
DA:79,4
DA:80,4
DA:81,4
DA:83,4
DA:84,3
DA:85,3
DA:87,5
DA:88,5
DA:90,3
DA:91,5
DA:92,5
DA:93,5
DA:98,4
DA:108,1
DA:109,3
DA:111,3
DA:113,3
DA:114,2
DA:118,2
DA:119,5
DA:122,1
DA:125,3
DA:136,3
DA:139,3
DA:140,1
DA:141,1
DA:142,1
DA:145,3
DA:146,3
DA:148,3
DA:149,0
DA:150,0
DA:154,3
DA:155,1
DA:156,1
DA:157,1
DA:158,1
DA:159,1
DA:161,1
DA:166,3
DA:167,0
DA:169,0
DA:170,0
DA:171,0
DA:172,0
DA:173,0
DA:174,0
DA:176,0
DA:178,0
DA:179,0
DA:184,3
DA:185,0
DA:189,3
DA:190,3
DA:191,3
DA:194,3
DA:195,3
DA:196,3
DA:199,3
DA:200,1
DA:202,2
DA:203,2
DA:204,2
DA:206,1
DA:207,1
DA:208,1
DA:209,1
DA:210,1
DA:211,1
DA:212,1
DA:214,1
DA:215,0
DA:220,1
DA:221,1
DA:222,1
DA:223,1
DA:224,1
DA:225,1
DA:226,0
DA:228,1
DA:229,1
DA:234,1
DA:235,0
DA:236,0
DA:237,0
DA:238,0
DA:244,3
LF:114
LH:95
BRDA:16,0,0,1
BRDA:16,0,1,1
BRDA:31,1,0,3
BRDA:31,1,1,1
BRDA:37,2,0,2
BRDA:37,2,1,0
BRDA:38,3,0,1
BRDA:38,3,1,1
BRDA:83,4,0,3
BRDA:83,5,0,4
BRDA:83,5,1,3
BRDA:84,6,0,2
BRDA:84,6,1,1
BRDA:85,7,0,2
BRDA:85,7,1,1
BRDA:92,8,0,5
BRDA:113,9,0,2
BRDA:113,9,1,1
BRDA:114,10,0,1
BRDA:114,10,1,1
BRDA:139,11,0,1
BRDA:148,12,0,0
BRDA:154,13,0,1
BRDA:158,14,0,1
BRDA:158,15,0,1
BRDA:158,15,1,1
BRDA:166,16,0,0
BRDA:171,17,0,0
BRDA:171,17,1,0
BRDA:172,18,0,0
BRDA:172,19,0,0
BRDA:172,19,1,0
BRDA:178,20,0,0
BRDA:184,21,0,0
BRDA:199,22,0,1
BRDA:199,23,0,3
BRDA:199,23,1,3
BRDA:206,24,0,1
BRDA:211,25,0,1
BRDA:214,26,0,0
BRDA:220,27,0,1
BRDA:225,28,0,0
BRDA:228,29,0,1
BRDA:234,30,0,0
BRDA:237,31,0,0
BRF:45
BRH:31
end_of_record
TN:
SF:src/services/buildService.ts
FN:11,(anonymous_1)
FN:19,(anonymous_2)
FN:24,(anonymous_3)
FN:53,(anonymous_4)
FN:77,(anonymous_5)
FN:110,(anonymous_6)
FN:142,(anonymous_7)
FN:163,(anonymous_8)
FN:170,(anonymous_9)
FN:170,(anonymous_10)
FN:173,(anonymous_11)
FN:196,(anonymous_12)
FN:200,(anonymous_13)
FNF:13
FNH:13
FNDA:32,(anonymous_1)
FNDA:6,(anonymous_2)
FNDA:7,(anonymous_3)
FNDA:10,(anonymous_4)
FNDA:7,(anonymous_5)
FNDA:2,(anonymous_6)
FNDA:13,(anonymous_7)
FNDA:4,(anonymous_8)
FNDA:6,(anonymous_9)
FNDA:6,(anonymous_10)
FNDA:5,(anonymous_11)
FNDA:1,(anonymous_12)
FNDA:1,(anonymous_13)
DA:1,3
DA:2,3
DA:3,3
DA:6,3
DA:9,32
DA:12,32
DA:16,32
DA:20,6
DA:21,6
DA:24,6
DA:25,7
DA:27,7
DA:29,12
DA:30,2
DA:33,10
DA:34,10
DA:36,10
DA:38,1
DA:39,9
DA:40,7
DA:45,6
DA:46,6
DA:48,0
DA:49,0
DA:55,10
DA:56,10
DA:57,1
DA:58,1
DA:62,9
DA:63,9
DA:64,9
DA:65,8
DA:66,8
DA:69,8
DA:74,8
DA:78,7
DA:81,7
DA:82,7
DA:83,7
DA:84,7
DA:87,7
DA:88,2
DA:89,2
DA:93,2
DA:94,3
DA:96,2
DA:101,7
DA:102,1
DA:103,1
DA:107,1
DA:108,1
DA:109,1
DA:110,2
DA:111,1
DA:114,1
DA:118,7
DA:119,1
DA:120,1
DA:124,1
DA:125,2
DA:126,2
DA:127,2
DA:130,1
DA:134,7
DA:135,1
DA:136,1
DA:139,7
DA:143,13
DA:144,3
DA:147,10
DA:148,10
DA:149,0
DA:153,10
DA:154,2
DA:156,2
DA:160,8
DA:164,4
DA:165,4
DA:166,2
DA:169,2
DA:170,6
DA:174,5
DA:176,5
DA:177,1
DA:181,4
DA:182,2
DA:183,2
DA:184,2
DA:189,2
DA:190,1
DA:193,1
DA:197,1
DA:201,1
LF:93
LH:90
BRDA:24,0,0,6
BRDA:29,1,0,2
BRDA:29,2,0,12
BRDA:29,2,1,11
BRDA:34,3,0,1
BRDA:34,3,1,9
BRDA:36,4,0,1
BRDA:36,4,1,9
BRDA:39,5,0,7
BRDA:39,6,0,9
BRDA:39,6,1,9
BRDA:56,7,0,1
BRDA:81,8,0,7
BRDA:82,9,0,7
BRDA:82,9,1,0
BRDA:83,10,0,7
BRDA:83,10,1,6
BRDA:84,11,0,7
BRDA:84,11,1,6
BRDA:87,12,0,2
BRDA:89,13,0,1
BRDA:89,13,1,1
BRDA:101,14,0,1
BRDA:103,15,0,1
BRDA:103,15,1,0
BRDA:108,16,0,1
BRDA:109,17,0,1
BRDA:109,17,1,0
BRDA:118,18,0,1
BRDA:120,19,0,1
BRDA:120,19,1,0
BRDA:125,20,0,2
BRDA:134,21,0,1
BRDA:143,22,0,3
BRDA:148,23,0,0
BRDA:153,24,0,2
BRDA:154,25,0,2
BRDA:154,25,1,1
BRDA:156,26,0,2
BRDA:156,26,1,0
BRDA:165,27,0,2
BRDA:176,28,0,1
BRDA:181,29,0,2
BRDA:183,30,0,2
BRDA:189,31,0,1
BRF:45
BRH:39
end_of_record
TN:
SF:src/services/treeService.ts
FN:18,(anonymous_1)
FN:22,(anonymous_2)
FN:43,(anonymous_3)
FN:53,(anonymous_4)
FN:58,(anonymous_5)
FN:59,(anonymous_6)
FN:76,(anonymous_7)
FN:80,(anonymous_8)
FN:89,(anonymous_9)
FN:95,(anonymous_10)
FN:140,(anonymous_11)
FN:186,(anonymous_12)
FN:196,(anonymous_13)
FN:210,(anonymous_14)
FN:237,(anonymous_15)
FN:263,(anonymous_16)
FN:281,(anonymous_17)
FN:347,(anonymous_18)
FN:536,(anonymous_19)
FN:544,(anonymous_20)
FN:632,(anonymous_21)
FN:658,(anonymous_22)
FN:660,(anonymous_23)
FN:690,(anonymous_24)
FN:716,(anonymous_25)
FN:725,(anonymous_26)
FN:728,(anonymous_27)
FN:760,(anonymous_28)
FN:784,(anonymous_29)
FN:785,(anonymous_30)
FN:788,(anonymous_31)
FN:793,(anonymous_32)
FN:805,(anonymous_33)
FN:815,(anonymous_34)
FN:850,(anonymous_35)
FN:872,(anonymous_36)
FN:879,(anonymous_37)
FN:892,(anonymous_38)
FN:916,(anonymous_39)
FNF:39
FNH:8
FNDA:28,(anonymous_1)
FNDA:0,(anonymous_2)
FNDA:2,(anonymous_3)
FNDA:0,(anonymous_4)
FNDA:0,(anonymous_5)
FNDA:0,(anonymous_6)
FNDA:0,(anonymous_7)
FNDA:0,(anonymous_8)
FNDA:0,(anonymous_9)
FNDA:0,(anonymous_10)
FNDA:0,(anonymous_11)
FNDA:0,(anonymous_12)
FNDA:0,(anonymous_13)
FNDA:4,(anonymous_14)
FNDA:5,(anonymous_15)
FNDA:3,(anonymous_16)
FNDA:6,(anonymous_17)
FNDA:0,(anonymous_18)
FNDA:0,(anonymous_19)
FNDA:3,(anonymous_20)
FNDA:5,(anonymous_21)
FNDA:0,(anonymous_22)
FNDA:0,(anonymous_23)
FNDA:0,(anonymous_24)
FNDA:0,(anonymous_25)
FNDA:0,(anonymous_26)
FNDA:0,(anonymous_27)
FNDA:0,(anonymous_28)
FNDA:0,(anonymous_29)
FNDA:0,(anonymous_30)
FNDA:0,(anonymous_31)
FNDA:0,(anonymous_32)
FNDA:0,(anonymous_33)
FNDA:0,(anonymous_34)
FNDA:0,(anonymous_35)
FNDA:0,(anonymous_36)
FNDA:0,(anonymous_37)
FNDA:0,(anonymous_38)
FNDA:0,(anonymous_39)
DA:1,1
DA:14,1
DA:15,28
DA:19,28
DA:24,0
DA:25,0
DA:26,0
DA:27,0
DA:31,0
DA:32,0
DA:35,0
DA:40,0
DA:44,2
DA:45,1
DA:46,1
DA:48,1
DA:49,1
DA:54,0
DA:56,0
DA:58,0
DA:59,0
DA:60,0
DA:62,0
DA:63,0
DA:64,0
DA:65,0
DA:67,0
DA:68,0
DA:70,0
DA:71,0
DA:72,0
DA:75,0
DA:76,0
DA:77,0
DA:80,0
DA:81,0
DA:82,0
DA:83,0
DA:84,0
DA:86,0
DA:90,0
DA:96,0
DA:99,0
DA:102,0
DA:103,0
DA:104,0
DA:107,0
DA:108,0
DA:110,0
DA:111,0
DA:112,0
DA:113,0
DA:114,0
DA:116,0
DA:119,0
DA:120,0
DA:122,0
DA:123,0
DA:124,0
DA:125,0
DA:129,0
DA:134,0
DA:141,0
DA:146,0
DA:147,0
DA:150,0
DA:151,0
DA:154,0
DA:155,0
DA:156,0
DA:157,0
DA:158,0
DA:160,0
DA:161,0
DA:164,0
DA:167,0
DA:168,0
DA:169,0
DA:170,0
DA:171,0
DA:174,0
DA:175,0
DA:176,0
DA:180,0
DA:181,0
DA:182,0
DA:184,0
DA:185,0
DA:186,0
DA:190,0
DA:191,0
DA:192,0
DA:194,0
DA:195,0
DA:196,0
DA:201,0
DA:202,0
DA:203,0
DA:207,0
DA:214,4
DA:215,4
DA:217,4
DA:218,7
DA:222,7
DA:223,2
DA:226,5
DA:227,5
DA:228,1
DA:230,4
DA:234,4
DA:243,5
DA:244,5
DA:245,5
DA:246,5
DA:248,5
DA:249,11
DA:250,1
DA:251,10
DA:252,4
DA:253,6
DA:254,1
DA:256,5
DA:260,5
DA:267,3
DA:271,3
DA:272,3
DA:273,3
DA:275,3
DA:285,6
DA:286,6
DA:289,6
DA:290,4
DA:291,4
DA:293,4
DA:294,2
DA:295,2
DA:296,2
DA:297,1
DA:298,1
DA:299,1
DA:300,0
DA:301,0
DA:302,1
DA:303,1
DA:304,1
DA:305,0
DA:306,0
DA:307,0
DA:308,0
DA:309,0
DA:310,0
DA:311,0
DA:312,0
DA:313,0
DA:314,0
DA:315,0
DA:316,0
DA:321,6
DA:322,6
DA:323,6
DA:324,9
DA:325,9
DA:326,9
DA:329,6
DA:330,1
DA:331,1
DA:332,5
DA:333,1
DA:334,1
DA:337,6
DA:338,1
DA:341,5
DA:353,0
DA:356,0
DA:357,0
DA:360,0
DA:361,0
DA:364,0
DA:365,0
DA:366,0
DA:368,0
DA:369,0
DA:372,0
DA:373,0
DA:374,0
DA:378,0
DA:379,0
DA:382,0
DA:383,0
DA:384,0
DA:385,0
DA:387,0
DA:389,0
DA:392,0
DA:395,0
DA:396,0
DA:397,0
DA:398,0
DA:399,0
DA:400,0
DA:403,0
DA:404,0
DA:408,0
DA:410,0
DA:411,0
DA:412,0
DA:415,0
DA:417,0
DA:418,0
DA:420,0
DA:421,0
DA:422,0
DA:423,0
DA:426,0
DA:427,0
DA:431,0
DA:432,0
DA:435,0
DA:436,0
DA:439,0
DA:440,0
DA:441,0
DA:443,0
DA:447,0
DA:448,0
DA:449,0
DA:453,0
DA:454,0
DA:455,0
DA:459,0
DA:460,0
DA:461,0
DA:464,0
DA:465,0
DA:467,0
DA:468,0
DA:471,0
DA:472,0
DA:476,0
DA:477,0
DA:481,0
DA:486,0
DA:489,0
DA:490,0
DA:491,0
DA:492,0
DA:494,0
DA:496,0
DA:497,0
DA:498,0
DA:499,0
DA:500,0
DA:501,0
DA:504,0
DA:508,0
DA:509,0
DA:512,0
DA:521,0
DA:522,0
DA:524,0
DA:525,0
DA:527,0
DA:528,0
DA:533,0
DA:536,0
DA:537,0
DA:538,0
DA:541,0
DA:557,3
DA:558,3
DA:559,3
DA:562,3
DA:563,10
DA:564,6
DA:565,6
DA:567,4
DA:568,4
DA:570,10
DA:574,3
DA:576,9
DA:577,9
DA:579,9
DA:580,22
DA:581,22
DA:582,8
DA:583,8
DA:588,9
DA:589,8
DA:591,6
DA:593,6
DA:594,6
DA:597,6
DA:598,5
DA:600,5
DA:601,5
DA:603,5
DA:604,2
DA:605,2
DA:611,3
DA:612,3
DA:613,2
DA:617,1
DA:618,1
DA:620,1
DA:621,2
DA:622,2
DA:625,1
DA:629,1
DA:638,5
DA:639,5
DA:640,5
DA:642,5
DA:644,4
DA:646,4
DA:647,1
DA:648,3
DA:649,1
DA:650,2
DA:651,1
DA:653,1
DA:659,0
DA:660,0
DA:662,0
DA:663,0
DA:664,0
DA:667,0
DA:668,0
DA:669,0
DA:670,0
DA:676,0
DA:677,0
DA:678,0
DA:679,0
DA:684,0
DA:687,0
DA:691,0
DA:693,0
DA:694,0
DA:696,0
DA:697,0
DA:699,0
DA:700,0
DA:701,0
DA:703,0
DA:704,0
DA:705,0
DA:708,0
DA:709,0
DA:713,0
DA:723,0
DA:724,0
DA:725,0
DA:728,0
DA:729,0
DA:731,0
DA:732,0
DA:735,0
DA:736,0
DA:737,0
DA:739,0
DA:741,0
DA:745,0
DA:746,0
DA:757,0
DA:766,0
DA:769,0
DA:770,0
DA:771,0
DA:773,0
DA:781,0
DA:785,0
DA:792,0
DA:793,0
DA:796,0
DA:797,0
DA:799,0
DA:800,0
DA:802,0
DA:803,0
DA:805,0
DA:806,0
DA:812,0
DA:823,0
DA:826,0
DA:827,0
DA:837,0
DA:838,0
DA:839,0
DA:849,0
DA:850,0
DA:851,0
DA:861,0
DA:869,0
DA:878,0
DA:879,0
DA:880,0
DA:881,0
DA:883,0
DA:884,0
DA:887,0
DA:889,0
DA:893,0
DA:895,0
DA:896,0
DA:897,0
DA:901,0
DA:902,0
DA:903,0
DA:907,0
DA:910,0
DA:913,0
DA:914,0
DA:915,0
DA:916,0
DA:918,0
DA:919,0
DA:920,0
DA:921,0
DA:922,0
DA:923,0
DA:924,0
DA:925,0
DA:926,0
DA:928,0
DA:931,0
DA:935,0
DA:938,0
DA:941,0
DA:944,0
DA:947,0
DA:948,0
DA:949,0
DA:952,0
DA:953,0
DA:954,0
DA:962,0
DA:969,0
DA:974,0
DA:983,0
DA:987,0
DA:1005,0
DA:1006,0
LF:442
LH:120
BRDA:22,0,0,0
BRDA:25,1,0,0
BRDA:44,2,0,1
BRDA:44,2,1,1
BRDA:53,3,0,0
BRDA:60,4,0,0
BRDA:63,5,0,0
BRDA:70,6,0,0
BRDA:110,7,0,0
BRDA:110,7,1,0
BRDA:111,8,0,0
BRDA:111,8,1,0
BRDA:113,9,0,0
BRDA:119,10,0,0
BRDA:124,11,0,0
BRDA:147,12,0,0
BRDA:151,13,0,0
BRDA:156,14,0,0
BRDA:164,15,0,0
BRDA:167,16,0,0
BRDA:168,17,0,0
BRDA:169,18,0,0
BRDA:170,19,0,0
BRDA:171,20,0,0
BRDA:175,21,0,0
BRDA:181,22,0,0
BRDA:185,23,0,0
BRDA:191,24,0,0
BRDA:195,25,0,0
BRDA:201,26,0,0
BRDA:201,27,0,0
BRDA:201,27,1,0
BRDA:202,28,0,0
BRDA:222,29,0,2
BRDA:227,30,0,1
BRDA:227,30,1,4
BRDA:249,31,0,1
BRDA:249,31,1,10
BRDA:251,32,0,4
BRDA:251,32,1,6
BRDA:251,33,0,10
BRDA:251,33,1,7
BRDA:253,34,0,1
BRDA:253,34,1,5
BRDA:267,35,0,3
BRDA:267,35,1,1
BRDA:290,36,0,4
BRDA:290,36,1,0
BRDA:291,37,0,4
BRDA:291,37,1,4
BRDA:293,38,0,2
BRDA:293,38,1,2
BRDA:296,39,0,1
BRDA:296,39,1,1
BRDA:299,40,0,0
BRDA:299,40,1,1
BRDA:299,41,0,1
BRDA:299,41,1,1
BRDA:302,42,0,1
BRDA:302,42,1,0
BRDA:305,43,0,0
BRDA:305,43,1,0
BRDA:308,44,0,0
BRDA:308,44,1,0
BRDA:311,45,0,0
BRDA:311,45,1,0
BRDA:314,46,0,0
BRDA:324,47,0,9
BRDA:324,47,1,0
BRDA:325,48,0,4
BRDA:326,49,0,4
BRDA:329,50,0,1
BRDA:329,50,1,5
BRDA:329,51,0,6
BRDA:329,51,1,1
BRDA:331,52,0,1
BRDA:332,53,0,1
BRDA:332,54,0,5
BRDA:332,54,1,1
BRDA:334,55,0,1
BRDA:337,56,0,1
BRDA:383,57,0,0
BRDA:383,57,1,0
BRDA:397,58,0,0
BRDA:397,58,1,0
BRDA:399,59,0,0
BRDA:403,60,0,0
BRDA:423,61,0,0
BRDA:423,61,1,0
BRDA:426,62,0,0
BRDA:426,63,0,0
BRDA:426,63,1,0
BRDA:431,64,0,0
BRDA:431,65,0,0
BRDA:431,65,1,0
BRDA:435,66,0,0
BRDA:439,67,0,0
BRDA:447,68,0,0
BRDA:453,69,0,0
BRDA:453,70,0,0
BRDA:453,70,1,0
BRDA:459,71,0,0
BRDA:468,72,0,0
BRDA:471,73,0,0
BRDA:476,74,0,0
BRDA:477,75,0,0
BRDA:477,75,1,0
BRDA:481,76,0,0
BRDA:481,77,0,0
BRDA:481,77,1,0
BRDA:481,77,2,0
BRDA:481,77,3,0
BRDA:481,77,4,0
BRDA:489,78,0,0
BRDA:490,79,0,0
BRDA:490,79,1,0
BRDA:491,80,0,0
BRDA:491,80,1,0
BRDA:494,81,0,0
BRDA:494,82,0,0
BRDA:494,82,1,0
BRDA:496,83,0,0
BRDA:496,83,1,0
BRDA:497,84,0,0
BRDA:499,85,0,0
BRDA:499,85,1,0
BRDA:500,86,0,0
BRDA:508,87,0,0
BRDA:521,88,0,0
BRDA:521,88,1,0
BRDA:522,89,0,0
BRDA:525,90,0,0
BRDA:525,90,1,0
BRDA:527,91,0,0
BRDA:537,92,0,0
BRDA:548,93,0,0
BRDA:563,94,0,6
BRDA:563,94,1,4
BRDA:580,95,0,22
BRDA:580,95,1,0
BRDA:581,96,0,8
BRDA:588,97,0,1
BRDA:588,98,0,9
BRDA:588,98,1,8
BRDA:589,99,0,2
BRDA:594,100,0,0
BRDA:597,101,0,6
BRDA:597,101,1,0
BRDA:598,102,0,0
BRDA:601,103,0,5
BRDA:601,103,1,0
BRDA:603,104,0,2
BRDA:612,105,0,2
BRDA:612,106,0,3
BRDA:612,106,1,2
BRDA:620,107,0,3
BRDA:620,107,1,3
BRDA:622,108,0,2
BRDA:622,108,1,0
BRDA:642,109,0,1
BRDA:646,110,0,1
BRDA:646,110,1,3
BRDA:648,111,0,1
BRDA:648,111,1,2
BRDA:650,112,0,1
BRDA:650,112,1,1
BRDA:667,113,0,0
BRDA:669,114,0,0
BRDA:676,115,0,0
BRDA:678,116,0,0
BRDA:691,117,0,0
BRDA:699,118,0,0
BRDA:699,118,1,0
BRDA:701,119,0,0
BRDA:704,120,0,0
BRDA:728,121,0,0
BRDA:728,121,1,0
BRDA:729,122,0,0
BRDA:739,123,0,0
BRDA:739,124,0,0
BRDA:739,124,1,0
BRDA:745,125,0,0
BRDA:747,126,0,0
BRDA:747,126,1,0
BRDA:751,127,0,0
BRDA:751,127,1,0
BRDA:770,128,0,0
BRDA:770,128,1,0
BRDA:775,129,0,0
BRDA:775,129,1,0
BRDA:785,130,0,0
BRDA:785,130,1,0
BRDA:797,131,0,0
BRDA:797,131,1,0
BRDA:797,132,0,0
BRDA:797,132,1,0
BRDA:800,133,0,0
BRDA:803,134,0,0
BRDA:803,135,0,0
BRDA:803,135,1,0
BRDA:803,135,2,0
BRDA:805,136,0,0
BRDA:829,137,0,0
BRDA:829,137,1,0
BRDA:838,138,0,0
BRDA:849,139,0,0
BRDA:850,140,0,0
BRDA:850,140,1,0
BRDA:884,141,0,0
BRDA:884,141,1,0
BRDA:896,142,0,0
BRDA:902,143,0,0
BRDA:913,144,0,0
BRDA:918,145,0,0
BRDA:918,145,1,0
BRDA:949,146,0,0
BRDA:949,146,1,0
BRF:217
BRH:63
end_of_record
TN:
SF:src/services/watchService.ts
FN:20,(anonymous_1)
FN:25,(anonymous_2)
FN:44,(anonymous_3)
FN:45,(anonymous_4)
FN:46,(anonymous_5)
FN:47,(anonymous_6)
FN:52,(anonymous_7)
FN:61,(anonymous_8)
FN:76,(anonymous_9)
FN:84,(anonymous_10)
FN:103,(anonymous_11)
FN:107,(anonymous_12)
FN:112,(anonymous_13)
FN:116,(anonymous_14)
FNF:14
FNH:10
FNDA:20,(anonymous_1)
FNDA:5,(anonymous_2)
FNDA:0,(anonymous_3)
FNDA:0,(anonymous_4)
FNDA:0,(anonymous_5)
FNDA:0,(anonymous_6)
FNDA:23,(anonymous_7)
FNDA:5,(anonymous_8)
FNDA:2,(anonymous_9)
FNDA:64,(anonymous_10)
FNDA:5,(anonymous_11)
FNDA:6,(anonymous_12)
FNDA:2,(anonymous_13)
FNDA:6,(anonymous_14)
DA:1,1
DA:2,1
DA:12,1
DA:13,20
DA:15,20
DA:16,20
DA:17,20
DA:21,20
DA:22,20
DA:26,5
DA:27,1
DA:28,1
DA:31,4
DA:33,4
DA:43,4
DA:44,0
DA:45,0
DA:46,0
DA:47,0
DA:49,4
DA:53,23
DA:54,4
DA:55,4
DA:56,4
DA:57,4
DA:62,5
DA:65,5
DA:66,1
DA:70,4
DA:71,4
DA:72,2
DA:76,4
DA:77,2
DA:78,2
DA:81,4
DA:85,64
DA:88,64
DA:91,64
DA:98,64
DA:99,10
DA:104,5
DA:108,6
DA:109,6
DA:113,2
DA:117,6
LF:45
LH:41
BRDA:26,0,0,1
BRDA:53,1,0,4
BRDA:65,2,0,1
BRDA:71,3,0,2
BRDA:98,4,0,10
BRDA:108,5,0,6
BRDA:108,5,1,4
BRF:7
BRH:7
end_of_record
TN:
SF:src/utils/contextBuilder.ts
FN:80,(anonymous_0)
FN:85,(anonymous_1)
FN:95,(anonymous_2)
FN:106,(anonymous_3)
FN:116,(anonymous_4)
FN:130,(anonymous_5)
FN:140,(anonymous_6)
FNF:7
FNH:7
FNDA:1,(anonymous_0)
FNDA:1,(anonymous_1)
FNDA:1,(anonymous_2)
FNDA:1,(anonymous_3)
FNDA:1,(anonymous_4)
FNDA:1,(anonymous_5)
FNDA:1,(anonymous_6)
DA:79,1
DA:80,1
DA:86,1
DA:96,1
DA:107,1
DA:117,1
DA:131,1
DA:141,1
LF:8
LH:8
BRF:0
BRH:0
end_of_record
TN:
SF:src/utils/errorHandling.ts
FN:25,wrapHandler
FN:45,wrapHandlerSync
FNF:2
FNH:2
FNDA:4,wrapHandler
FNDA:4,wrapHandlerSync
DA:25,1
DA:29,4
DA:30,4
DA:32,2
DA:33,2
DA:45,1
DA:49,4
DA:50,4
DA:52,2
DA:53,2
LF:10
LH:10
BRDA:32,0,0,1
BRDA:32,0,1,1
BRDA:52,1,0,1
BRDA:52,1,1,1
BRF:4
BRH:4
end_of_record
